CRITICAL - 2023-08-10 07:40:54 --> Undefined global variable $_SESSION
in APPPATH\Views\Admin\Recruiterslist.php on line 49.
 1 APPPATH\Views\Admin\Recruiterslist.php(49): CodeIgniter\Debug\Exceptions->errorHandler(2, 'Undefined global variable $_SESSION', 'APPPATH\\Views\\Admin\\Recruiterslist.php', 49)
 2 SYSTEMPATH\View\View.php(213): include('APPPATH\\Views\\Admin\\Recruiterslist.php')
 3 SYSTEMPATH\View\View.php(216): CodeIgniter\View\View->CodeIgniter\View\{closure}()
 4 SYSTEMPATH\Common.php(1134): CodeIgniter\View\View->render('Admin/Recruiterslist', [], true)
 5 APPPATH\Controllers\AdminC.php(208): view('Admin/Recruiterslist', [...])
 6 SYSTEMPATH\CodeIgniter.php(927): App\Controllers\AdminC->rList()
 7 SYSTEMPATH\CodeIgniter.php(482): CodeIgniter\CodeIgniter->runController(Object(App\Controllers\AdminC))
 8 SYSTEMPATH\CodeIgniter.php(351): CodeIgniter\CodeIgniter->handleRequest(null, Object(Config\Cache), false)
 9 FCPATH\index.php(67): CodeIgniter\CodeIgniter->run()
CRITICAL - 2023-08-10 07:40:58 --> Undefined global variable $_SESSION
in APPPATH\Views\Admin\Recruiterslist.php on line 49.
 1 APPPATH\Views\Admin\Recruiterslist.php(49): CodeIgniter\Debug\Exceptions->errorHandler(2, 'Undefined global variable $_SESSION', 'APPPATH\\Views\\Admin\\Recruiterslist.php', 49)
 2 SYSTEMPATH\View\View.php(213): include('APPPATH\\Views\\Admin\\Recruiterslist.php')
 3 SYSTEMPATH\View\View.php(216): CodeIgniter\View\View->CodeIgniter\View\{closure}()
 4 SYSTEMPATH\Common.php(1134): CodeIgniter\View\View->render('Admin/Recruiterslist', [], true)
 5 APPPATH\Controllers\AdminC.php(208): view('Admin/Recruiterslist', [...])
 6 SYSTEMPATH\CodeIgniter.php(927): App\Controllers\AdminC->rList()
 7 SYSTEMPATH\CodeIgniter.php(482): CodeIgniter\CodeIgniter->runController(Object(App\Controllers\AdminC))
 8 SYSTEMPATH\CodeIgniter.php(351): CodeIgniter\CodeIgniter->handleRequest(null, Object(Config\Cache), false)
 9 FCPATH\index.php(67): CodeIgniter\CodeIgniter->run()
CRITICAL - 2023-08-10 07:40:59 --> Undefined global variable $_SESSION
in APPPATH\Views\Admin\Recruiterslist.php on line 49.
 1 APPPATH\Views\Admin\Recruiterslist.php(49): CodeIgniter\Debug\Exceptions->errorHandler(2, 'Undefined global variable $_SESSION', 'APPPATH\\Views\\Admin\\Recruiterslist.php', 49)
 2 SYSTEMPATH\View\View.php(213): include('APPPATH\\Views\\Admin\\Recruiterslist.php')
 3 SYSTEMPATH\View\View.php(216): CodeIgniter\View\View->CodeIgniter\View\{closure}()
 4 SYSTEMPATH\Common.php(1134): CodeIgniter\View\View->render('Admin/Recruiterslist', [], true)
 5 APPPATH\Controllers\AdminC.php(208): view('Admin/Recruiterslist', [...])
 6 SYSTEMPATH\CodeIgniter.php(927): App\Controllers\AdminC->rList()
 7 SYSTEMPATH\CodeIgniter.php(482): CodeIgniter\CodeIgniter->runController(Object(App\Controllers\AdminC))
 8 SYSTEMPATH\CodeIgniter.php(351): CodeIgniter\CodeIgniter->handleRequest(null, Object(Config\Cache), false)
 9 FCPATH\index.php(67): CodeIgniter\CodeIgniter->run()
CRITICAL - 2023-08-10 07:41:00 --> Undefined global variable $_SESSION
in APPPATH\Views\Admin\Recruiterslist.php on line 49.
 1 APPPATH\Views\Admin\Recruiterslist.php(49): CodeIgniter\Debug\Exceptions->errorHandler(2, 'Undefined global variable $_SESSION', 'APPPATH\\Views\\Admin\\Recruiterslist.php', 49)
 2 SYSTEMPATH\View\View.php(213): include('APPPATH\\Views\\Admin\\Recruiterslist.php')
 3 SYSTEMPATH\View\View.php(216): CodeIgniter\View\View->CodeIgniter\View\{closure}()
 4 SYSTEMPATH\Common.php(1134): CodeIgniter\View\View->render('Admin/Recruiterslist', [], true)
 5 APPPATH\Controllers\AdminC.php(208): view('Admin/Recruiterslist', [...])
 6 SYSTEMPATH\CodeIgniter.php(927): App\Controllers\AdminC->rList()
 7 SYSTEMPATH\CodeIgniter.php(482): CodeIgniter\CodeIgniter->runController(Object(App\Controllers\AdminC))
 8 SYSTEMPATH\CodeIgniter.php(351): CodeIgniter\CodeIgniter->handleRequest(null, Object(Config\Cache), false)
 9 FCPATH\index.php(67): CodeIgniter\CodeIgniter->run()
CRITICAL - 2023-08-10 07:41:01 --> Undefined global variable $_SESSION
in APPPATH\Views\Admin\Recruiterslist.php on line 49.
 1 APPPATH\Views\Admin\Recruiterslist.php(49): CodeIgniter\Debug\Exceptions->errorHandler(2, 'Undefined global variable $_SESSION', 'APPPATH\\Views\\Admin\\Recruiterslist.php', 49)
 2 SYSTEMPATH\View\View.php(213): include('APPPATH\\Views\\Admin\\Recruiterslist.php')
 3 SYSTEMPATH\View\View.php(216): CodeIgniter\View\View->CodeIgniter\View\{closure}()
 4 SYSTEMPATH\Common.php(1134): CodeIgniter\View\View->render('Admin/Recruiterslist', [], true)
 5 APPPATH\Controllers\AdminC.php(208): view('Admin/Recruiterslist', [...])
 6 SYSTEMPATH\CodeIgniter.php(927): App\Controllers\AdminC->rList()
 7 SYSTEMPATH\CodeIgniter.php(482): CodeIgniter\CodeIgniter->runController(Object(App\Controllers\AdminC))
 8 SYSTEMPATH\CodeIgniter.php(351): CodeIgniter\CodeIgniter->handleRequest(null, Object(Config\Cache), false)
 9 FCPATH\index.php(67): CodeIgniter\CodeIgniter->run()
CRITICAL - 2023-08-10 07:41:57 --> Undefined array key "admin"
in APPPATH\Views\Admin\Recruiterslist.php on line 49.
 1 APPPATH\Views\Admin\Recruiterslist.php(49): CodeIgniter\Debug\Exceptions->errorHandler(2, 'Undefined array key "admin"', 'APPPATH\\Views\\Admin\\Recruiterslist.php', 49)
 2 SYSTEMPATH\View\View.php(213): include('APPPATH\\Views\\Admin\\Recruiterslist.php')
 3 SYSTEMPATH\View\View.php(216): CodeIgniter\View\View->CodeIgniter\View\{closure}()
 4 SYSTEMPATH\Common.php(1134): CodeIgniter\View\View->render('Admin/Recruiterslist', [], true)
 5 APPPATH\Controllers\AdminC.php(213): view('Admin/Recruiterslist', [...])
 6 SYSTEMPATH\CodeIgniter.php(927): App\Controllers\AdminC->rList()
 7 SYSTEMPATH\CodeIgniter.php(482): CodeIgniter\CodeIgniter->runController(Object(App\Controllers\AdminC))
 8 SYSTEMPATH\CodeIgniter.php(351): CodeIgniter\CodeIgniter->handleRequest(null, Object(Config\Cache), false)
 9 FCPATH\index.php(67): CodeIgniter\CodeIgniter->run()
CRITICAL - 2023-08-10 07:41:58 --> Undefined array key "admin"
in APPPATH\Views\Admin\Recruiterslist.php on line 49.
 1 APPPATH\Views\Admin\Recruiterslist.php(49): CodeIgniter\Debug\Exceptions->errorHandler(2, 'Undefined array key "admin"', 'APPPATH\\Views\\Admin\\Recruiterslist.php', 49)
 2 SYSTEMPATH\View\View.php(213): include('APPPATH\\Views\\Admin\\Recruiterslist.php')
 3 SYSTEMPATH\View\View.php(216): CodeIgniter\View\View->CodeIgniter\View\{closure}()
 4 SYSTEMPATH\Common.php(1134): CodeIgniter\View\View->render('Admin/Recruiterslist', [], true)
 5 APPPATH\Controllers\AdminC.php(213): view('Admin/Recruiterslist', [...])
 6 SYSTEMPATH\CodeIgniter.php(927): App\Controllers\AdminC->rList()
 7 SYSTEMPATH\CodeIgniter.php(482): CodeIgniter\CodeIgniter->runController(Object(App\Controllers\AdminC))
 8 SYSTEMPATH\CodeIgniter.php(351): CodeIgniter\CodeIgniter->handleRequest(null, Object(Config\Cache), false)
 9 FCPATH\index.php(67): CodeIgniter\CodeIgniter->run()
CRITICAL - 2023-08-10 07:41:59 --> Undefined array key "admin"
in APPPATH\Views\Admin\Recruiterslist.php on line 49.
 1 APPPATH\Views\Admin\Recruiterslist.php(49): CodeIgniter\Debug\Exceptions->errorHandler(2, 'Undefined array key "admin"', 'APPPATH\\Views\\Admin\\Recruiterslist.php', 49)
 2 SYSTEMPATH\View\View.php(213): include('APPPATH\\Views\\Admin\\Recruiterslist.php')
 3 SYSTEMPATH\View\View.php(216): CodeIgniter\View\View->CodeIgniter\View\{closure}()
 4 SYSTEMPATH\Common.php(1134): CodeIgniter\View\View->render('Admin/Recruiterslist', [], true)
 5 APPPATH\Controllers\AdminC.php(213): view('Admin/Recruiterslist', [...])
 6 SYSTEMPATH\CodeIgniter.php(927): App\Controllers\AdminC->rList()
 7 SYSTEMPATH\CodeIgniter.php(482): CodeIgniter\CodeIgniter->runController(Object(App\Controllers\AdminC))
 8 SYSTEMPATH\CodeIgniter.php(351): CodeIgniter\CodeIgniter->handleRequest(null, Object(Config\Cache), false)
 9 FCPATH\index.php(67): CodeIgniter\CodeIgniter->run()
CRITICAL - 2023-08-10 07:42:51 --> Undefined array key "admin"
in APPPATH\Views\Admin\Recruiterslist.php on line 49.
 1 APPPATH\Views\Admin\Recruiterslist.php(49): CodeIgniter\Debug\Exceptions->errorHandler(2, 'Undefined array key "admin"', 'APPPATH\\Views\\Admin\\Recruiterslist.php', 49)
 2 SYSTEMPATH\View\View.php(213): include('APPPATH\\Views\\Admin\\Recruiterslist.php')
 3 SYSTEMPATH\View\View.php(216): CodeIgniter\View\View->CodeIgniter\View\{closure}()
 4 SYSTEMPATH\Common.php(1134): CodeIgniter\View\View->render('Admin/Recruiterslist', [], true)
 5 APPPATH\Controllers\AdminC.php(213): view('Admin/Recruiterslist', [...])
 6 SYSTEMPATH\CodeIgniter.php(927): App\Controllers\AdminC->rList()
 7 SYSTEMPATH\CodeIgniter.php(482): CodeIgniter\CodeIgniter->runController(Object(App\Controllers\AdminC))
 8 SYSTEMPATH\CodeIgniter.php(351): CodeIgniter\CodeIgniter->handleRequest(null, Object(Config\Cache), false)
 9 FCPATH\index.php(67): CodeIgniter\CodeIgniter->run()
CRITICAL - 2023-08-10 07:42:52 --> Undefined array key "admin"
in APPPATH\Views\Admin\Recruiterslist.php on line 49.
 1 APPPATH\Views\Admin\Recruiterslist.php(49): CodeIgniter\Debug\Exceptions->errorHandler(2, 'Undefined array key "admin"', 'APPPATH\\Views\\Admin\\Recruiterslist.php', 49)
 2 SYSTEMPATH\View\View.php(213): include('APPPATH\\Views\\Admin\\Recruiterslist.php')
 3 SYSTEMPATH\View\View.php(216): CodeIgniter\View\View->CodeIgniter\View\{closure}()
 4 SYSTEMPATH\Common.php(1134): CodeIgniter\View\View->render('Admin/Recruiterslist', [], true)
 5 APPPATH\Controllers\AdminC.php(213): view('Admin/Recruiterslist', [...])
 6 SYSTEMPATH\CodeIgniter.php(927): App\Controllers\AdminC->rList()
 7 SYSTEMPATH\CodeIgniter.php(482): CodeIgniter\CodeIgniter->runController(Object(App\Controllers\AdminC))
 8 SYSTEMPATH\CodeIgniter.php(351): CodeIgniter\CodeIgniter->handleRequest(null, Object(Config\Cache), false)
 9 FCPATH\index.php(67): CodeIgniter\CodeIgniter->run()
CRITICAL - 2023-08-10 07:43:46 --> Undefined array key "admin"
in APPPATH\Views\Admin\Recruiterslist.php on line 49.
 1 APPPATH\Views\Admin\Recruiterslist.php(49): CodeIgniter\Debug\Exceptions->errorHandler(2, 'Undefined array key "admin"', 'APPPATH\\Views\\Admin\\Recruiterslist.php', 49)
 2 SYSTEMPATH\View\View.php(213): include('APPPATH\\Views\\Admin\\Recruiterslist.php')
 3 SYSTEMPATH\View\View.php(216): CodeIgniter\View\View->CodeIgniter\View\{closure}()
 4 SYSTEMPATH\Common.php(1134): CodeIgniter\View\View->render('Admin/Recruiterslist', [], true)
 5 APPPATH\Controllers\AdminC.php(213): view('Admin/Recruiterslist', [...])
 6 SYSTEMPATH\CodeIgniter.php(927): App\Controllers\AdminC->rList()
 7 SYSTEMPATH\CodeIgniter.php(482): CodeIgniter\CodeIgniter->runController(Object(App\Controllers\AdminC))
 8 SYSTEMPATH\CodeIgniter.php(351): CodeIgniter\CodeIgniter->handleRequest(null, Object(Config\Cache), false)
 9 FCPATH\index.php(67): CodeIgniter\CodeIgniter->run()
CRITICAL - 2023-08-10 07:43:47 --> Undefined array key "admin"
in APPPATH\Views\Admin\Recruiterslist.php on line 49.
 1 APPPATH\Views\Admin\Recruiterslist.php(49): CodeIgniter\Debug\Exceptions->errorHandler(2, 'Undefined array key "admin"', 'APPPATH\\Views\\Admin\\Recruiterslist.php', 49)
 2 SYSTEMPATH\View\View.php(213): include('APPPATH\\Views\\Admin\\Recruiterslist.php')
 3 SYSTEMPATH\View\View.php(216): CodeIgniter\View\View->CodeIgniter\View\{closure}()
 4 SYSTEMPATH\Common.php(1134): CodeIgniter\View\View->render('Admin/Recruiterslist', [], true)
 5 APPPATH\Controllers\AdminC.php(213): view('Admin/Recruiterslist', [...])
 6 SYSTEMPATH\CodeIgniter.php(927): App\Controllers\AdminC->rList()
 7 SYSTEMPATH\CodeIgniter.php(482): CodeIgniter\CodeIgniter->runController(Object(App\Controllers\AdminC))
 8 SYSTEMPATH\CodeIgniter.php(351): CodeIgniter\CodeIgniter->handleRequest(null, Object(Config\Cache), false)
 9 FCPATH\index.php(67): CodeIgniter\CodeIgniter->run()
CRITICAL - 2023-08-10 07:43:48 --> Undefined array key "admin"
in APPPATH\Views\Admin\Recruiterslist.php on line 49.
 1 APPPATH\Views\Admin\Recruiterslist.php(49): CodeIgniter\Debug\Exceptions->errorHandler(2, 'Undefined array key "admin"', 'APPPATH\\Views\\Admin\\Recruiterslist.php', 49)
 2 SYSTEMPATH\View\View.php(213): include('APPPATH\\Views\\Admin\\Recruiterslist.php')
 3 SYSTEMPATH\View\View.php(216): CodeIgniter\View\View->CodeIgniter\View\{closure}()
 4 SYSTEMPATH\Common.php(1134): CodeIgniter\View\View->render('Admin/Recruiterslist', [], true)
 5 APPPATH\Controllers\AdminC.php(213): view('Admin/Recruiterslist', [...])
 6 SYSTEMPATH\CodeIgniter.php(927): App\Controllers\AdminC->rList()
 7 SYSTEMPATH\CodeIgniter.php(482): CodeIgniter\CodeIgniter->runController(Object(App\Controllers\AdminC))
 8 SYSTEMPATH\CodeIgniter.php(351): CodeIgniter\CodeIgniter->handleRequest(null, Object(Config\Cache), false)
 9 FCPATH\index.php(67): CodeIgniter\CodeIgniter->run()
CRITICAL - 2023-08-10 07:43:49 --> Undefined array key "admin"
in APPPATH\Views\Admin\Recruiterslist.php on line 49.
 1 APPPATH\Views\Admin\Recruiterslist.php(49): CodeIgniter\Debug\Exceptions->errorHandler(2, 'Undefined array key "admin"', 'APPPATH\\Views\\Admin\\Recruiterslist.php', 49)
 2 SYSTEMPATH\View\View.php(213): include('APPPATH\\Views\\Admin\\Recruiterslist.php')
 3 SYSTEMPATH\View\View.php(216): CodeIgniter\View\View->CodeIgniter\View\{closure}()
 4 SYSTEMPATH\Common.php(1134): CodeIgniter\View\View->render('Admin/Recruiterslist', [], true)
 5 APPPATH\Controllers\AdminC.php(213): view('Admin/Recruiterslist', [...])
 6 SYSTEMPATH\CodeIgniter.php(927): App\Controllers\AdminC->rList()
 7 SYSTEMPATH\CodeIgniter.php(482): CodeIgniter\CodeIgniter->runController(Object(App\Controllers\AdminC))
 8 SYSTEMPATH\CodeIgniter.php(351): CodeIgniter\CodeIgniter->handleRequest(null, Object(Config\Cache), false)
 9 FCPATH\index.php(67): CodeIgniter\CodeIgniter->run()
CRITICAL - 2023-08-10 07:43:50 --> Undefined array key "admin"
in APPPATH\Views\Admin\Recruiterslist.php on line 49.
 1 APPPATH\Views\Admin\Recruiterslist.php(49): CodeIgniter\Debug\Exceptions->errorHandler(2, 'Undefined array key "admin"', 'APPPATH\\Views\\Admin\\Recruiterslist.php', 49)
 2 SYSTEMPATH\View\View.php(213): include('APPPATH\\Views\\Admin\\Recruiterslist.php')
 3 SYSTEMPATH\View\View.php(216): CodeIgniter\View\View->CodeIgniter\View\{closure}()
 4 SYSTEMPATH\Common.php(1134): CodeIgniter\View\View->render('Admin/Recruiterslist', [], true)
 5 APPPATH\Controllers\AdminC.php(213): view('Admin/Recruiterslist', [...])
 6 SYSTEMPATH\CodeIgniter.php(927): App\Controllers\AdminC->rList()
 7 SYSTEMPATH\CodeIgniter.php(482): CodeIgniter\CodeIgniter->runController(Object(App\Controllers\AdminC))
 8 SYSTEMPATH\CodeIgniter.php(351): CodeIgniter\CodeIgniter->handleRequest(null, Object(Config\Cache), false)
 9 FCPATH\index.php(67): CodeIgniter\CodeIgniter->run()
CRITICAL - 2023-08-10 07:43:50 --> Undefined array key "admin"
in APPPATH\Views\Admin\Recruiterslist.php on line 49.
 1 APPPATH\Views\Admin\Recruiterslist.php(49): CodeIgniter\Debug\Exceptions->errorHandler(2, 'Undefined array key "admin"', 'APPPATH\\Views\\Admin\\Recruiterslist.php', 49)
 2 SYSTEMPATH\View\View.php(213): include('APPPATH\\Views\\Admin\\Recruiterslist.php')
 3 SYSTEMPATH\View\View.php(216): CodeIgniter\View\View->CodeIgniter\View\{closure}()
 4 SYSTEMPATH\Common.php(1134): CodeIgniter\View\View->render('Admin/Recruiterslist', [], true)
 5 APPPATH\Controllers\AdminC.php(213): view('Admin/Recruiterslist', [...])
 6 SYSTEMPATH\CodeIgniter.php(927): App\Controllers\AdminC->rList()
 7 SYSTEMPATH\CodeIgniter.php(482): CodeIgniter\CodeIgniter->runController(Object(App\Controllers\AdminC))
 8 SYSTEMPATH\CodeIgniter.php(351): CodeIgniter\CodeIgniter->handleRequest(null, Object(Config\Cache), false)
 9 FCPATH\index.php(67): CodeIgniter\CodeIgniter->run()
CRITICAL - 2023-08-10 07:43:50 --> Undefined array key "admin"
in APPPATH\Views\Admin\Recruiterslist.php on line 49.
 1 APPPATH\Views\Admin\Recruiterslist.php(49): CodeIgniter\Debug\Exceptions->errorHandler(2, 'Undefined array key "admin"', 'APPPATH\\Views\\Admin\\Recruiterslist.php', 49)
 2 SYSTEMPATH\View\View.php(213): include('APPPATH\\Views\\Admin\\Recruiterslist.php')
 3 SYSTEMPATH\View\View.php(216): CodeIgniter\View\View->CodeIgniter\View\{closure}()
 4 SYSTEMPATH\Common.php(1134): CodeIgniter\View\View->render('Admin/Recruiterslist', [], true)
 5 APPPATH\Controllers\AdminC.php(213): view('Admin/Recruiterslist', [...])
 6 SYSTEMPATH\CodeIgniter.php(927): App\Controllers\AdminC->rList()
 7 SYSTEMPATH\CodeIgniter.php(482): CodeIgniter\CodeIgniter->runController(Object(App\Controllers\AdminC))
 8 SYSTEMPATH\CodeIgniter.php(351): CodeIgniter\CodeIgniter->handleRequest(null, Object(Config\Cache), false)
 9 FCPATH\index.php(67): CodeIgniter\CodeIgniter->run()
CRITICAL - 2023-08-10 07:43:50 --> Undefined array key "admin"
in APPPATH\Views\Admin\Recruiterslist.php on line 49.
 1 APPPATH\Views\Admin\Recruiterslist.php(49): CodeIgniter\Debug\Exceptions->errorHandler(2, 'Undefined array key "admin"', 'APPPATH\\Views\\Admin\\Recruiterslist.php', 49)
 2 SYSTEMPATH\View\View.php(213): include('APPPATH\\Views\\Admin\\Recruiterslist.php')
 3 SYSTEMPATH\View\View.php(216): CodeIgniter\View\View->CodeIgniter\View\{closure}()
 4 SYSTEMPATH\Common.php(1134): CodeIgniter\View\View->render('Admin/Recruiterslist', [], true)
 5 APPPATH\Controllers\AdminC.php(213): view('Admin/Recruiterslist', [...])
 6 SYSTEMPATH\CodeIgniter.php(927): App\Controllers\AdminC->rList()
 7 SYSTEMPATH\CodeIgniter.php(482): CodeIgniter\CodeIgniter->runController(Object(App\Controllers\AdminC))
 8 SYSTEMPATH\CodeIgniter.php(351): CodeIgniter\CodeIgniter->handleRequest(null, Object(Config\Cache), false)
 9 FCPATH\index.php(67): CodeIgniter\CodeIgniter->run()
CRITICAL - 2023-08-10 07:43:51 --> Undefined array key "admin"
in APPPATH\Views\Admin\Recruiterslist.php on line 49.
 1 APPPATH\Views\Admin\Recruiterslist.php(49): CodeIgniter\Debug\Exceptions->errorHandler(2, 'Undefined array key "admin"', 'APPPATH\\Views\\Admin\\Recruiterslist.php', 49)
 2 SYSTEMPATH\View\View.php(213): include('APPPATH\\Views\\Admin\\Recruiterslist.php')
 3 SYSTEMPATH\View\View.php(216): CodeIgniter\View\View->CodeIgniter\View\{closure}()
 4 SYSTEMPATH\Common.php(1134): CodeIgniter\View\View->render('Admin/Recruiterslist', [], true)
 5 APPPATH\Controllers\AdminC.php(213): view('Admin/Recruiterslist', [...])
 6 SYSTEMPATH\CodeIgniter.php(927): App\Controllers\AdminC->rList()
 7 SYSTEMPATH\CodeIgniter.php(482): CodeIgniter\CodeIgniter->runController(Object(App\Controllers\AdminC))
 8 SYSTEMPATH\CodeIgniter.php(351): CodeIgniter\CodeIgniter->handleRequest(null, Object(Config\Cache), false)
 9 FCPATH\index.php(67): CodeIgniter\CodeIgniter->run()
CRITICAL - 2023-08-10 07:44:10 --> Trying to access array offset on value of type null
in APPPATH\Views\Admin\Settingz.php on line 99.
 1 APPPATH\Views\Admin\Settingz.php(99): CodeIgniter\Debug\Exceptions->errorHandler(2, 'Trying to access array offset on value of type null', 'APPPATH\\Views\\Admin\\Settingz.php', 99)
 2 SYSTEMPATH\View\View.php(213): include('APPPATH\\Views\\Admin\\Settingz.php')
 3 SYSTEMPATH\View\View.php(216): CodeIgniter\View\View->CodeIgniter\View\{closure}()
 4 SYSTEMPATH\Common.php(1134): CodeIgniter\View\View->render('Admin/Settingz', [], true)
 5 APPPATH\Controllers\AdminC.php(74): view('Admin/Settingz')
 6 SYSTEMPATH\CodeIgniter.php(927): App\Controllers\AdminC->SettingsAdmin()
 7 SYSTEMPATH\CodeIgniter.php(482): CodeIgniter\CodeIgniter->runController(Object(App\Controllers\AdminC))
 8 SYSTEMPATH\CodeIgniter.php(351): CodeIgniter\CodeIgniter->handleRequest(null, Object(Config\Cache), false)
 9 FCPATH\index.php(67): CodeIgniter\CodeIgniter->run()
CRITICAL - 2023-08-10 07:44:11 --> Undefined array key "admin"
in APPPATH\Views\Admin\Recruiterslist.php on line 49.
 1 APPPATH\Views\Admin\Recruiterslist.php(49): CodeIgniter\Debug\Exceptions->errorHandler(2, 'Undefined array key "admin"', 'APPPATH\\Views\\Admin\\Recruiterslist.php', 49)
 2 SYSTEMPATH\View\View.php(213): include('APPPATH\\Views\\Admin\\Recruiterslist.php')
 3 SYSTEMPATH\View\View.php(216): CodeIgniter\View\View->CodeIgniter\View\{closure}()
 4 SYSTEMPATH\Common.php(1134): CodeIgniter\View\View->render('Admin/Recruiterslist', [], true)
 5 APPPATH\Controllers\AdminC.php(213): view('Admin/Recruiterslist', [...])
 6 SYSTEMPATH\CodeIgniter.php(927): App\Controllers\AdminC->rList()
 7 SYSTEMPATH\CodeIgniter.php(482): CodeIgniter\CodeIgniter->runController(Object(App\Controllers\AdminC))
 8 SYSTEMPATH\CodeIgniter.php(351): CodeIgniter\CodeIgniter->handleRequest(null, Object(Config\Cache), false)
 9 FCPATH\index.php(67): CodeIgniter\CodeIgniter->run()
CRITICAL - 2023-08-10 07:44:14 --> Undefined array key "admin"
in APPPATH\Views\Admin\Recruiterslist.php on line 49.
 1 APPPATH\Views\Admin\Recruiterslist.php(49): CodeIgniter\Debug\Exceptions->errorHandler(2, 'Undefined array key "admin"', 'APPPATH\\Views\\Admin\\Recruiterslist.php', 49)
 2 SYSTEMPATH\View\View.php(213): include('APPPATH\\Views\\Admin\\Recruiterslist.php')
 3 SYSTEMPATH\View\View.php(216): CodeIgniter\View\View->CodeIgniter\View\{closure}()
 4 SYSTEMPATH\Common.php(1134): CodeIgniter\View\View->render('Admin/Recruiterslist', [], true)
 5 APPPATH\Controllers\AdminC.php(213): view('Admin/Recruiterslist', [...])
 6 SYSTEMPATH\CodeIgniter.php(927): App\Controllers\AdminC->rList()
 7 SYSTEMPATH\CodeIgniter.php(482): CodeIgniter\CodeIgniter->runController(Object(App\Controllers\AdminC))
 8 SYSTEMPATH\CodeIgniter.php(351): CodeIgniter\CodeIgniter->handleRequest(null, Object(Config\Cache), false)
 9 FCPATH\index.php(67): CodeIgniter\CodeIgniter->run()
CRITICAL - 2023-08-10 07:44:16 --> Undefined array key "admin"
in APPPATH\Views\Admin\Recruiterslist.php on line 49.
 1 APPPATH\Views\Admin\Recruiterslist.php(49): CodeIgniter\Debug\Exceptions->errorHandler(2, 'Undefined array key "admin"', 'APPPATH\\Views\\Admin\\Recruiterslist.php', 49)
 2 SYSTEMPATH\View\View.php(213): include('APPPATH\\Views\\Admin\\Recruiterslist.php')
 3 SYSTEMPATH\View\View.php(216): CodeIgniter\View\View->CodeIgniter\View\{closure}()
 4 SYSTEMPATH\Common.php(1134): CodeIgniter\View\View->render('Admin/Recruiterslist', [], true)
 5 APPPATH\Controllers\AdminC.php(213): view('Admin/Recruiterslist', [...])
 6 SYSTEMPATH\CodeIgniter.php(927): App\Controllers\AdminC->rList()
 7 SYSTEMPATH\CodeIgniter.php(482): CodeIgniter\CodeIgniter->runController(Object(App\Controllers\AdminC))
 8 SYSTEMPATH\CodeIgniter.php(351): CodeIgniter\CodeIgniter->handleRequest(null, Object(Config\Cache), false)
 9 FCPATH\index.php(67): CodeIgniter\CodeIgniter->run()
CRITICAL - 2023-08-10 07:44:28 --> Attempt to read property "name" on array
in APPPATH\Views\Admin\Recruiterslist.php on line 68.
 1 APPPATH\Views\Admin\Recruiterslist.php(68): CodeIgniter\Debug\Exceptions->errorHandler(2, 'Attempt to read property "name" on array', 'APPPATH\\Views\\Admin\\Recruiterslist.php', 68)
 2 SYSTEMPATH\View\View.php(213): include('APPPATH\\Views\\Admin\\Recruiterslist.php')
 3 SYSTEMPATH\View\View.php(216): CodeIgniter\View\View->CodeIgniter\View\{closure}()
 4 SYSTEMPATH\Common.php(1134): CodeIgniter\View\View->render('Admin/Recruiterslist', [], true)
 5 APPPATH\Controllers\AdminC.php(213): view('Admin/Recruiterslist', [...])
 6 SYSTEMPATH\CodeIgniter.php(927): App\Controllers\AdminC->rList()
 7 SYSTEMPATH\CodeIgniter.php(482): CodeIgniter\CodeIgniter->runController(Object(App\Controllers\AdminC))
 8 SYSTEMPATH\CodeIgniter.php(351): CodeIgniter\CodeIgniter->handleRequest(null, Object(Config\Cache), false)
 9 FCPATH\index.php(67): CodeIgniter\CodeIgniter->run()
CRITICAL - 2023-08-10 07:46:38 --> Undefined variable $recruiters1
in APPPATH\Views\Admin\Recruiterslist.php on line 65.
 1 APPPATH\Views\Admin\Recruiterslist.php(65): CodeIgniter\Debug\Exceptions->errorHandler(2, 'Undefined variable $recruiters1', 'APPPATH\\Views\\Admin\\Recruiterslist.php', 65)
 2 SYSTEMPATH\View\View.php(213): include('APPPATH\\Views\\Admin\\Recruiterslist.php')
 3 SYSTEMPATH\View\View.php(216): CodeIgniter\View\View->CodeIgniter\View\{closure}()
 4 SYSTEMPATH\Common.php(1134): CodeIgniter\View\View->render('Admin/Recruiterslist', [], true)
 5 APPPATH\Controllers\AdminC.php(222): view('Admin/Recruiterslist', [...])
 6 SYSTEMPATH\CodeIgniter.php(927): App\Controllers\AdminC->rList()
 7 SYSTEMPATH\CodeIgniter.php(482): CodeIgniter\CodeIgniter->runController(Object(App\Controllers\AdminC))
 8 SYSTEMPATH\CodeIgniter.php(351): CodeIgniter\CodeIgniter->handleRequest(null, Object(Config\Cache), false)
 9 FCPATH\index.php(67): CodeIgniter\CodeIgniter->run()
CRITICAL - 2023-08-10 07:46:51 --> Attempt to read property "name" on array
in APPPATH\Views\Admin\Recruiterslist.php on line 68.
 1 APPPATH\Views\Admin\Recruiterslist.php(68): CodeIgniter\Debug\Exceptions->errorHandler(2, 'Attempt to read property "name" on array', 'APPPATH\\Views\\Admin\\Recruiterslist.php', 68)
 2 SYSTEMPATH\View\View.php(213): include('APPPATH\\Views\\Admin\\Recruiterslist.php')
 3 SYSTEMPATH\View\View.php(216): CodeIgniter\View\View->CodeIgniter\View\{closure}()
 4 SYSTEMPATH\Common.php(1134): CodeIgniter\View\View->render('Admin/Recruiterslist', [], true)
 5 APPPATH\Controllers\AdminC.php(222): view('Admin/Recruiterslist', [...])
 6 SYSTEMPATH\CodeIgniter.php(927): App\Controllers\AdminC->rList()
 7 SYSTEMPATH\CodeIgniter.php(482): CodeIgniter\CodeIgniter->runController(Object(App\Controllers\AdminC))
 8 SYSTEMPATH\CodeIgniter.php(351): CodeIgniter\CodeIgniter->handleRequest(null, Object(Config\Cache), false)
 9 FCPATH\index.php(67): CodeIgniter\CodeIgniter->run()
CRITICAL - 2023-08-10 07:49:19 --> Undefined constant "name"
in APPPATH\Views\Admin\Recruiterslist.php on line 68.
 1 SYSTEMPATH\View\View.php(213): include()
 2 SYSTEMPATH\View\View.php(216): CodeIgniter\View\View->CodeIgniter\View\{closure}()
 3 SYSTEMPATH\Common.php(1134): CodeIgniter\View\View->render('Admin/Recruiterslist', [], true)
 4 APPPATH\Controllers\AdminC.php(222): view('Admin/Recruiterslist', [...])
 5 SYSTEMPATH\CodeIgniter.php(927): App\Controllers\AdminC->rList()
 6 SYSTEMPATH\CodeIgniter.php(482): CodeIgniter\CodeIgniter->runController(Object(App\Controllers\AdminC))
 7 SYSTEMPATH\CodeIgniter.php(351): CodeIgniter\CodeIgniter->handleRequest(null, Object(Config\Cache), false)
 8 FCPATH\index.php(67): CodeIgniter\CodeIgniter->run()
CRITICAL - 2023-08-10 07:49:21 --> Undefined constant "name"
in APPPATH\Views\Admin\Recruiterslist.php on line 68.
 1 SYSTEMPATH\View\View.php(213): include()
 2 SYSTEMPATH\View\View.php(216): CodeIgniter\View\View->CodeIgniter\View\{closure}()
 3 SYSTEMPATH\Common.php(1134): CodeIgniter\View\View->render('Admin/Recruiterslist', [], true)
 4 APPPATH\Controllers\AdminC.php(222): view('Admin/Recruiterslist', [...])
 5 SYSTEMPATH\CodeIgniter.php(927): App\Controllers\AdminC->rList()
 6 SYSTEMPATH\CodeIgniter.php(482): CodeIgniter\CodeIgniter->runController(Object(App\Controllers\AdminC))
 7 SYSTEMPATH\CodeIgniter.php(351): CodeIgniter\CodeIgniter->handleRequest(null, Object(Config\Cache), false)
 8 FCPATH\index.php(67): CodeIgniter\CodeIgniter->run()
CRITICAL - 2023-08-10 07:49:37 --> Attempt to read property "name" on array
in APPPATH\Views\Admin\Recruiterslist.php on line 68.
 1 APPPATH\Views\Admin\Recruiterslist.php(68): CodeIgniter\Debug\Exceptions->errorHandler(2, 'Attempt to read property "name" on array', 'APPPATH\\Views\\Admin\\Recruiterslist.php', 68)
 2 SYSTEMPATH\View\View.php(213): include('APPPATH\\Views\\Admin\\Recruiterslist.php')
 3 SYSTEMPATH\View\View.php(216): CodeIgniter\View\View->CodeIgniter\View\{closure}()
 4 SYSTEMPATH\Common.php(1134): CodeIgniter\View\View->render('Admin/Recruiterslist', [], true)
 5 APPPATH\Controllers\AdminC.php(222): view('Admin/Recruiterslist', [...])
 6 SYSTEMPATH\CodeIgniter.php(927): App\Controllers\AdminC->rList()
 7 SYSTEMPATH\CodeIgniter.php(482): CodeIgniter\CodeIgniter->runController(Object(App\Controllers\AdminC))
 8 SYSTEMPATH\CodeIgniter.php(351): CodeIgniter\CodeIgniter->handleRequest(null, Object(Config\Cache), false)
 9 FCPATH\index.php(67): CodeIgniter\CodeIgniter->run()
CRITICAL - 2023-08-10 12:16:31 --> Undefined array key "admin"
in APPPATH\Views\Admin\Recruiterslist.php on line 49.
 1 APPPATH\Views\Admin\Recruiterslist.php(49): CodeIgniter\Debug\Exceptions->errorHandler(2, 'Undefined array key "admin"', 'APPPATH\\Views\\Admin\\Recruiterslist.php', 49)
 2 SYSTEMPATH\View\View.php(213): include('APPPATH\\Views\\Admin\\Recruiterslist.php')
 3 SYSTEMPATH\View\View.php(216): CodeIgniter\View\View->CodeIgniter\View\{closure}()
 4 SYSTEMPATH\Common.php(1134): CodeIgniter\View\View->render('Admin/Recruiterslist', [], true)
 5 APPPATH\Controllers\AdminC.php(222): view('Admin/Recruiterslist', [...])
 6 SYSTEMPATH\CodeIgniter.php(927): App\Controllers\AdminC->rList()
 7 SYSTEMPATH\CodeIgniter.php(482): CodeIgniter\CodeIgniter->runController(Object(App\Controllers\AdminC))
 8 SYSTEMPATH\CodeIgniter.php(351): CodeIgniter\CodeIgniter->handleRequest(null, Object(Config\Cache), false)
 9 FCPATH\index.php(67): CodeIgniter\CodeIgniter->run()
CRITICAL - 2023-08-10 12:16:36 --> Undefined array key "admin"
in APPPATH\Views\Admin\Recruiterslist.php on line 49.
 1 APPPATH\Views\Admin\Recruiterslist.php(49): CodeIgniter\Debug\Exceptions->errorHandler(2, 'Undefined array key "admin"', 'APPPATH\\Views\\Admin\\Recruiterslist.php', 49)
 2 SYSTEMPATH\View\View.php(213): include('APPPATH\\Views\\Admin\\Recruiterslist.php')
 3 SYSTEMPATH\View\View.php(216): CodeIgniter\View\View->CodeIgniter\View\{closure}()
 4 SYSTEMPATH\Common.php(1134): CodeIgniter\View\View->render('Admin/Recruiterslist', [], true)
 5 APPPATH\Controllers\AdminC.php(222): view('Admin/Recruiterslist', [...])
 6 SYSTEMPATH\CodeIgniter.php(927): App\Controllers\AdminC->rList()
 7 SYSTEMPATH\CodeIgniter.php(482): CodeIgniter\CodeIgniter->runController(Object(App\Controllers\AdminC))
 8 SYSTEMPATH\CodeIgniter.php(351): CodeIgniter\CodeIgniter->handleRequest(null, Object(Config\Cache), false)
 9 FCPATH\index.php(67): CodeIgniter\CodeIgniter->run()
CRITICAL - 2023-08-10 12:16:37 --> Undefined array key "admin"
in APPPATH\Views\Admin\Recruiterslist.php on line 49.
 1 APPPATH\Views\Admin\Recruiterslist.php(49): CodeIgniter\Debug\Exceptions->errorHandler(2, 'Undefined array key "admin"', 'APPPATH\\Views\\Admin\\Recruiterslist.php', 49)
 2 SYSTEMPATH\View\View.php(213): include('APPPATH\\Views\\Admin\\Recruiterslist.php')
 3 SYSTEMPATH\View\View.php(216): CodeIgniter\View\View->CodeIgniter\View\{closure}()
 4 SYSTEMPATH\Common.php(1134): CodeIgniter\View\View->render('Admin/Recruiterslist', [], true)
 5 APPPATH\Controllers\AdminC.php(222): view('Admin/Recruiterslist', [...])
 6 SYSTEMPATH\CodeIgniter.php(927): App\Controllers\AdminC->rList()
 7 SYSTEMPATH\CodeIgniter.php(482): CodeIgniter\CodeIgniter->runController(Object(App\Controllers\AdminC))
 8 SYSTEMPATH\CodeIgniter.php(351): CodeIgniter\CodeIgniter->handleRequest(null, Object(Config\Cache), false)
 9 FCPATH\index.php(67): CodeIgniter\CodeIgniter->run()
CRITICAL - 2023-08-10 12:16:38 --> Undefined array key "admin"
in APPPATH\Views\Admin\Recruiterslist.php on line 49.
 1 APPPATH\Views\Admin\Recruiterslist.php(49): CodeIgniter\Debug\Exceptions->errorHandler(2, 'Undefined array key "admin"', 'APPPATH\\Views\\Admin\\Recruiterslist.php', 49)
 2 SYSTEMPATH\View\View.php(213): include('APPPATH\\Views\\Admin\\Recruiterslist.php')
 3 SYSTEMPATH\View\View.php(216): CodeIgniter\View\View->CodeIgniter\View\{closure}()
 4 SYSTEMPATH\Common.php(1134): CodeIgniter\View\View->render('Admin/Recruiterslist', [], true)
 5 APPPATH\Controllers\AdminC.php(222): view('Admin/Recruiterslist', [...])
 6 SYSTEMPATH\CodeIgniter.php(927): App\Controllers\AdminC->rList()
 7 SYSTEMPATH\CodeIgniter.php(482): CodeIgniter\CodeIgniter->runController(Object(App\Controllers\AdminC))
 8 SYSTEMPATH\CodeIgniter.php(351): CodeIgniter\CodeIgniter->handleRequest(null, Object(Config\Cache), false)
 9 FCPATH\index.php(67): CodeIgniter\CodeIgniter->run()
CRITICAL - 2023-08-10 12:16:39 --> Undefined array key "admin"
in APPPATH\Views\Admin\Recruiterslist.php on line 49.
 1 APPPATH\Views\Admin\Recruiterslist.php(49): CodeIgniter\Debug\Exceptions->errorHandler(2, 'Undefined array key "admin"', 'APPPATH\\Views\\Admin\\Recruiterslist.php', 49)
 2 SYSTEMPATH\View\View.php(213): include('APPPATH\\Views\\Admin\\Recruiterslist.php')
 3 SYSTEMPATH\View\View.php(216): CodeIgniter\View\View->CodeIgniter\View\{closure}()
 4 SYSTEMPATH\Common.php(1134): CodeIgniter\View\View->render('Admin/Recruiterslist', [], true)
 5 APPPATH\Controllers\AdminC.php(222): view('Admin/Recruiterslist', [...])
 6 SYSTEMPATH\CodeIgniter.php(927): App\Controllers\AdminC->rList()
 7 SYSTEMPATH\CodeIgniter.php(482): CodeIgniter\CodeIgniter->runController(Object(App\Controllers\AdminC))
 8 SYSTEMPATH\CodeIgniter.php(351): CodeIgniter\CodeIgniter->handleRequest(null, Object(Config\Cache), false)
 9 FCPATH\index.php(67): CodeIgniter\CodeIgniter->run()
CRITICAL - 2023-08-10 12:16:48 --> Undefined array key "admin"
in APPPATH\Views\Admin\Recruiterslist.php on line 49.
 1 APPPATH\Views\Admin\Recruiterslist.php(49): CodeIgniter\Debug\Exceptions->errorHandler(2, 'Undefined array key "admin"', 'APPPATH\\Views\\Admin\\Recruiterslist.php', 49)
 2 SYSTEMPATH\View\View.php(213): include('APPPATH\\Views\\Admin\\Recruiterslist.php')
 3 SYSTEMPATH\View\View.php(216): CodeIgniter\View\View->CodeIgniter\View\{closure}()
 4 SYSTEMPATH\Common.php(1134): CodeIgniter\View\View->render('Admin/Recruiterslist', [], true)
 5 APPPATH\Controllers\AdminC.php(222): view('Admin/Recruiterslist', [...])
 6 SYSTEMPATH\CodeIgniter.php(927): App\Controllers\AdminC->rList()
 7 SYSTEMPATH\CodeIgniter.php(482): CodeIgniter\CodeIgniter->runController(Object(App\Controllers\AdminC))
 8 SYSTEMPATH\CodeIgniter.php(351): CodeIgniter\CodeIgniter->handleRequest(null, Object(Config\Cache), false)
 9 FCPATH\index.php(67): CodeIgniter\CodeIgniter->run()
CRITICAL - 2023-08-10 12:16:50 --> Undefined array key "admin"
in APPPATH\Views\Admin\Recruiterslist.php on line 49.
 1 APPPATH\Views\Admin\Recruiterslist.php(49): CodeIgniter\Debug\Exceptions->errorHandler(2, 'Undefined array key "admin"', 'APPPATH\\Views\\Admin\\Recruiterslist.php', 49)
 2 SYSTEMPATH\View\View.php(213): include('APPPATH\\Views\\Admin\\Recruiterslist.php')
 3 SYSTEMPATH\View\View.php(216): CodeIgniter\View\View->CodeIgniter\View\{closure}()
 4 SYSTEMPATH\Common.php(1134): CodeIgniter\View\View->render('Admin/Recruiterslist', [], true)
 5 APPPATH\Controllers\AdminC.php(222): view('Admin/Recruiterslist', [...])
 6 SYSTEMPATH\CodeIgniter.php(927): App\Controllers\AdminC->rList()
 7 SYSTEMPATH\CodeIgniter.php(482): CodeIgniter\CodeIgniter->runController(Object(App\Controllers\AdminC))
 8 SYSTEMPATH\CodeIgniter.php(351): CodeIgniter\CodeIgniter->handleRequest(null, Object(Config\Cache), false)
 9 FCPATH\index.php(67): CodeIgniter\CodeIgniter->run()
CRITICAL - 2023-08-10 12:39:39 --> Trying to access array offset on value of type null
in APPPATH\Views\Admin\Dashboard.php on line 23.
 1 APPPATH\Views\Admin\Dashboard.php(23): CodeIgniter\Debug\Exceptions->errorHandler(2, 'Trying to access array offset on value of type null', 'APPPATH\\Views\\Admin\\Dashboard.php', 23)
 2 SYSTEMPATH\View\View.php(213): include('APPPATH\\Views\\Admin\\Dashboard.php')
 3 SYSTEMPATH\View\View.php(216): CodeIgniter\View\View->CodeIgniter\View\{closure}()
 4 SYSTEMPATH\Common.php(1134): CodeIgniter\View\View->render('Admin/Dashboard', [], true)
 5 APPPATH\Controllers\AdminC.php(37): view('Admin/Dashboard', [...])
 6 SYSTEMPATH\CodeIgniter.php(927): App\Controllers\AdminC->dashboard()
 7 SYSTEMPATH\CodeIgniter.php(482): CodeIgniter\CodeIgniter->runController(Object(App\Controllers\AdminC))
 8 SYSTEMPATH\CodeIgniter.php(351): CodeIgniter\CodeIgniter->handleRequest(null, Object(Config\Cache), false)
 9 FCPATH\index.php(67): CodeIgniter\CodeIgniter->run()
CRITICAL - 2023-08-10 12:26:04 --> Undefined property: App\Controllers\AdminC::$db
in APPPATH\Controllers\AdminC.php on line 216.
 1 APPPATH\Controllers\AdminC.php(216): CodeIgniter\Debug\Exceptions->errorHandler(2, 'Undefined property: App\\Controllers\\AdminC::$db', 'APPPATH\\Controllers\\AdminC.php', 216)
 2 SYSTEMPATH\CodeIgniter.php(927): App\Controllers\AdminC->rlist()
 3 SYSTEMPATH\CodeIgniter.php(482): CodeIgniter\CodeIgniter->runController(Object(App\Controllers\AdminC))
 4 SYSTEMPATH\CodeIgniter.php(351): CodeIgniter\CodeIgniter->handleRequest(null, Object(Config\Cache), false)
 5 FCPATH\index.php(67): CodeIgniter\CodeIgniter->run()
ERROR - 2023-08-10 12:34:42 --> mysqli_sql_exception: Unknown column 'total_job_posts' in 'order clause' in D:\xampp\htdocs\MyJobPortal\system\Database\MySQLi\Connection.php:292
Stack trace:
#0 D:\xampp\htdocs\MyJobPortal\system\Database\MySQLi\Connection.php(292): mysqli->query('SELECT r.compan...', 0)
#1 D:\xampp\htdocs\MyJobPortal\system\Database\BaseConnection.php(666): CodeIgniter\Database\MySQLi\Connection->execute('SELECT r.compan...')
#2 D:\xampp\htdocs\MyJobPortal\system\Database\BaseConnection.php(593): CodeIgniter\Database\BaseConnection->simpleQuery('SELECT r.compan...')
#3 D:\xampp\htdocs\MyJobPortal\app\Controllers\AdminC.php(233): CodeIgniter\Database\BaseConnection->query('SELECT r.compan...')
#4 D:\xampp\htdocs\MyJobPortal\system\CodeIgniter.php(927): App\Controllers\AdminC->topThreeR()
#5 D:\xampp\htdocs\MyJobPortal\system\CodeIgniter.php(482): CodeIgniter\CodeIgniter->runController(Object(App\Controllers\AdminC))
#6 D:\xampp\htdocs\MyJobPortal\system\CodeIgniter.php(351): CodeIgniter\CodeIgniter->handleRequest(NULL, Object(Config\Cache), false)
#7 D:\xampp\htdocs\MyJobPortal\public\index.php(67): CodeIgniter\CodeIgniter->run()
#8 {main}
CRITICAL - 2023-08-10 12:34:42 --> Call to a member function getResult() on bool
in APPPATH\Controllers\AdminC.php on line 240.
 1 SYSTEMPATH\CodeIgniter.php(927): App\Controllers\AdminC->topThreeR()
 2 SYSTEMPATH\CodeIgniter.php(482): CodeIgniter\CodeIgniter->runController(Object(App\Controllers\AdminC))
 3 SYSTEMPATH\CodeIgniter.php(351): CodeIgniter\CodeIgniter->handleRequest(null, Object(Config\Cache), false)
 4 FCPATH\index.php(67): CodeIgniter\CodeIgniter->run()
CRITICAL - 2023-08-10 12:30:40 --> Invalid file: ReportTwo.php
in SYSTEMPATH\Exceptions\FrameworkException.php on line 33.
 1 SYSTEMPATH\View\View.php(201): CodeIgniter\Exceptions\FrameworkException::forInvalidFile('ReportTwo.php')
 2 SYSTEMPATH\Common.php(1134): CodeIgniter\View\View->render('ReportTwo', [], true)
 3 APPPATH\Controllers\AdminC.php(254): view('ReportTwo', [...])
 4 SYSTEMPATH\CodeIgniter.php(927): App\Controllers\AdminC->ReportTwo()
 5 SYSTEMPATH\CodeIgniter.php(482): CodeIgniter\CodeIgniter->runController(Object(App\Controllers\AdminC))
 6 SYSTEMPATH\CodeIgniter.php(351): CodeIgniter\CodeIgniter->handleRequest(null, Object(Config\Cache), false)
 7 FCPATH\index.php(67): CodeIgniter\CodeIgniter->run()
CRITICAL - 2023-08-10 12:32:39 --> Invalid file: ReportTwo.php
in SYSTEMPATH\Exceptions\FrameworkException.php on line 33.
 1 SYSTEMPATH\View\View.php(201): CodeIgniter\Exceptions\FrameworkException::forInvalidFile('ReportTwo.php')
 2 SYSTEMPATH\Common.php(1134): CodeIgniter\View\View->render('ReportTwo', [], true)
 3 APPPATH\Controllers\AdminC.php(254): view('ReportTwo', [...])
 4 SYSTEMPATH\CodeIgniter.php(927): App\Controllers\AdminC->ReportTwo()
 5 SYSTEMPATH\CodeIgniter.php(482): CodeIgniter\CodeIgniter->runController(Object(App\Controllers\AdminC))
 6 SYSTEMPATH\CodeIgniter.php(351): CodeIgniter\CodeIgniter->handleRequest(null, Object(Config\Cache), false)
 7 FCPATH\index.php(67): CodeIgniter\CodeIgniter->run()
CRITICAL - 2023-08-10 12:33:14 --> Invalid file: ReportTwo.php
in SYSTEMPATH\Exceptions\FrameworkException.php on line 33.
 1 SYSTEMPATH\View\View.php(201): CodeIgniter\Exceptions\FrameworkException::forInvalidFile('ReportTwo.php')
 2 SYSTEMPATH\Common.php(1134): CodeIgniter\View\View->render('ReportTwo', [], true)
 3 APPPATH\Controllers\AdminC.php(254): view('ReportTwo', [...])
 4 SYSTEMPATH\CodeIgniter.php(927): App\Controllers\AdminC->ReportTwo()
 5 SYSTEMPATH\CodeIgniter.php(482): CodeIgniter\CodeIgniter->runController(Object(App\Controllers\AdminC))
 6 SYSTEMPATH\CodeIgniter.php(351): CodeIgniter\CodeIgniter->handleRequest(null, Object(Config\Cache), false)
 7 FCPATH\index.php(67): CodeIgniter\CodeIgniter->run()
CRITICAL - 2023-08-10 12:33:15 --> Invalid file: ReportTwo.php
in SYSTEMPATH\Exceptions\FrameworkException.php on line 33.
 1 SYSTEMPATH\View\View.php(201): CodeIgniter\Exceptions\FrameworkException::forInvalidFile('ReportTwo.php')
 2 SYSTEMPATH\Common.php(1134): CodeIgniter\View\View->render('ReportTwo', [], true)
 3 APPPATH\Controllers\AdminC.php(254): view('ReportTwo', [...])
 4 SYSTEMPATH\CodeIgniter.php(927): App\Controllers\AdminC->ReportTwo()
 5 SYSTEMPATH\CodeIgniter.php(482): CodeIgniter\CodeIgniter->runController(Object(App\Controllers\AdminC))
 6 SYSTEMPATH\CodeIgniter.php(351): CodeIgniter\CodeIgniter->handleRequest(null, Object(Config\Cache), false)
 7 FCPATH\index.php(67): CodeIgniter\CodeIgniter->run()
CRITICAL - 2023-08-10 12:33:16 --> Invalid file: ReportTwo.php
in SYSTEMPATH\Exceptions\FrameworkException.php on line 33.
 1 SYSTEMPATH\View\View.php(201): CodeIgniter\Exceptions\FrameworkException::forInvalidFile('ReportTwo.php')
 2 SYSTEMPATH\Common.php(1134): CodeIgniter\View\View->render('ReportTwo', [], true)
 3 APPPATH\Controllers\AdminC.php(254): view('ReportTwo', [...])
 4 SYSTEMPATH\CodeIgniter.php(927): App\Controllers\AdminC->ReportTwo()
 5 SYSTEMPATH\CodeIgniter.php(482): CodeIgniter\CodeIgniter->runController(Object(App\Controllers\AdminC))
 6 SYSTEMPATH\CodeIgniter.php(351): CodeIgniter\CodeIgniter->handleRequest(null, Object(Config\Cache), false)
 7 FCPATH\index.php(67): CodeIgniter\CodeIgniter->run()
CRITICAL - 2023-08-10 12:33:16 --> Invalid file: ReportTwo.php
in SYSTEMPATH\Exceptions\FrameworkException.php on line 33.
 1 SYSTEMPATH\View\View.php(201): CodeIgniter\Exceptions\FrameworkException::forInvalidFile('ReportTwo.php')
 2 SYSTEMPATH\Common.php(1134): CodeIgniter\View\View->render('ReportTwo', [], true)
 3 APPPATH\Controllers\AdminC.php(254): view('ReportTwo', [...])
 4 SYSTEMPATH\CodeIgniter.php(927): App\Controllers\AdminC->ReportTwo()
 5 SYSTEMPATH\CodeIgniter.php(482): CodeIgniter\CodeIgniter->runController(Object(App\Controllers\AdminC))
 6 SYSTEMPATH\CodeIgniter.php(351): CodeIgniter\CodeIgniter->handleRequest(null, Object(Config\Cache), false)
 7 FCPATH\index.php(67): CodeIgniter\CodeIgniter->run()
CRITICAL - 2023-08-10 12:33:16 --> Invalid file: ReportTwo.php
in SYSTEMPATH\Exceptions\FrameworkException.php on line 33.
 1 SYSTEMPATH\View\View.php(201): CodeIgniter\Exceptions\FrameworkException::forInvalidFile('ReportTwo.php')
 2 SYSTEMPATH\Common.php(1134): CodeIgniter\View\View->render('ReportTwo', [], true)
 3 APPPATH\Controllers\AdminC.php(254): view('ReportTwo', [...])
 4 SYSTEMPATH\CodeIgniter.php(927): App\Controllers\AdminC->ReportTwo()
 5 SYSTEMPATH\CodeIgniter.php(482): CodeIgniter\CodeIgniter->runController(Object(App\Controllers\AdminC))
 6 SYSTEMPATH\CodeIgniter.php(351): CodeIgniter\CodeIgniter->handleRequest(null, Object(Config\Cache), false)
 7 FCPATH\index.php(67): CodeIgniter\CodeIgniter->run()
CRITICAL - 2023-08-10 12:33:16 --> Invalid file: ReportTwo.php
in SYSTEMPATH\Exceptions\FrameworkException.php on line 33.
 1 SYSTEMPATH\View\View.php(201): CodeIgniter\Exceptions\FrameworkException::forInvalidFile('ReportTwo.php')
 2 SYSTEMPATH\Common.php(1134): CodeIgniter\View\View->render('ReportTwo', [], true)
 3 APPPATH\Controllers\AdminC.php(254): view('ReportTwo', [...])
 4 SYSTEMPATH\CodeIgniter.php(927): App\Controllers\AdminC->ReportTwo()
 5 SYSTEMPATH\CodeIgniter.php(482): CodeIgniter\CodeIgniter->runController(Object(App\Controllers\AdminC))
 6 SYSTEMPATH\CodeIgniter.php(351): CodeIgniter\CodeIgniter->handleRequest(null, Object(Config\Cache), false)
 7 FCPATH\index.php(67): CodeIgniter\CodeIgniter->run()
CRITICAL - 2023-08-10 12:33:16 --> Invalid file: ReportTwo.php
in SYSTEMPATH\Exceptions\FrameworkException.php on line 33.
 1 SYSTEMPATH\View\View.php(201): CodeIgniter\Exceptions\FrameworkException::forInvalidFile('ReportTwo.php')
 2 SYSTEMPATH\Common.php(1134): CodeIgniter\View\View->render('ReportTwo', [], true)
 3 APPPATH\Controllers\AdminC.php(254): view('ReportTwo', [...])
 4 SYSTEMPATH\CodeIgniter.php(927): App\Controllers\AdminC->ReportTwo()
 5 SYSTEMPATH\CodeIgniter.php(482): CodeIgniter\CodeIgniter->runController(Object(App\Controllers\AdminC))
 6 SYSTEMPATH\CodeIgniter.php(351): CodeIgniter\CodeIgniter->handleRequest(null, Object(Config\Cache), false)
 7 FCPATH\index.php(67): CodeIgniter\CodeIgniter->run()
CRITICAL - 2023-08-10 12:33:37 --> Invalid file: AdminC/ReportTwo.php
in SYSTEMPATH\Exceptions\FrameworkException.php on line 33.
 1 SYSTEMPATH\View\View.php(201): CodeIgniter\Exceptions\FrameworkException::forInvalidFile('AdminC/ReportTwo.php')
 2 SYSTEMPATH\Common.php(1134): CodeIgniter\View\View->render('AdminC/ReportTwo', [], true)
 3 APPPATH\Controllers\AdminC.php(254): view('AdminC/ReportTwo', [...])
 4 SYSTEMPATH\CodeIgniter.php(927): App\Controllers\AdminC->ReportTwo()
 5 SYSTEMPATH\CodeIgniter.php(482): CodeIgniter\CodeIgniter->runController(Object(App\Controllers\AdminC))
 6 SYSTEMPATH\CodeIgniter.php(351): CodeIgniter\CodeIgniter->handleRequest(null, Object(Config\Cache), false)
 7 FCPATH\index.php(67): CodeIgniter\CodeIgniter->run()
CRITICAL - 2023-08-10 12:39:59 --> Undefined array key "admin"
in APPPATH\Views\Admin\Recruiterslist.php on line 66.
 1 APPPATH\Views\Admin\Recruiterslist.php(66): CodeIgniter\Debug\Exceptions->errorHandler(2, 'Undefined array key "admin"', 'APPPATH\\Views\\Admin\\Recruiterslist.php', 66)
 2 SYSTEMPATH\View\View.php(213): include('APPPATH\\Views\\Admin\\Recruiterslist.php')
 3 SYSTEMPATH\View\View.php(216): CodeIgniter\View\View->CodeIgniter\View\{closure}()
 4 SYSTEMPATH\Common.php(1134): CodeIgniter\View\View->render('Admin/Recruiterslist', [], true)
 5 APPPATH\Controllers\AdminC.php(228): view('Admin/Recruiterslist', [...])
 6 SYSTEMPATH\CodeIgniter.php(927): App\Controllers\AdminC->rList()
 7 SYSTEMPATH\CodeIgniter.php(482): CodeIgniter\CodeIgniter->runController(Object(App\Controllers\AdminC))
 8 SYSTEMPATH\CodeIgniter.php(351): CodeIgniter\CodeIgniter->handleRequest(null, Object(Config\Cache), false)
 9 FCPATH\index.php(67): CodeIgniter\CodeIgniter->run()
ERROR - 2023-08-10 12:47:29 --> mysqli_sql_exception: Duplicate entry 'veer@gmail.com' for key 'email' in D:\xampp\htdocs\MyJobPortal\system\Database\MySQLi\Connection.php:292
Stack trace:
#0 D:\xampp\htdocs\MyJobPortal\system\Database\MySQLi\Connection.php(292): mysqli->query('INSERT INTO `Ap...', 0)
#1 D:\xampp\htdocs\MyJobPortal\system\Database\BaseConnection.php(666): CodeIgniter\Database\MySQLi\Connection->execute('INSERT INTO `Ap...')
#2 D:\xampp\htdocs\MyJobPortal\system\Database\BaseConnection.php(593): CodeIgniter\Database\BaseConnection->simpleQuery('INSERT INTO `Ap...')
#3 D:\xampp\htdocs\MyJobPortal\system\Database\BaseBuilder.php(1916): CodeIgniter\Database\BaseConnection->query('INSERT INTO `Ap...', Array, false)
#4 D:\xampp\htdocs\MyJobPortal\system\Model.php(279): CodeIgniter\Database\BaseBuilder->insert()
#5 D:\xampp\htdocs\MyJobPortal\system\BaseModel.php(749): CodeIgniter\Model->doInsert(Array)
#6 D:\xampp\htdocs\MyJobPortal\system\Model.php(667): CodeIgniter\BaseModel->insert(Array, false)
#7 D:\xampp\htdocs\MyJobPortal\system\BaseModel.php(659): CodeIgniter\Model->insert(Array, false)
#8 D:\xampp\htdocs\MyJobPortal\app\Controllers\Home.php(32): CodeIgniter\BaseModel->save(Array)
#9 D:\xampp\htdocs\MyJobPortal\system\CodeIgniter.php(927): App\Controllers\Home->ApplicantRegister()
#10 D:\xampp\htdocs\MyJobPortal\system\CodeIgniter.php(482): CodeIgniter\CodeIgniter->runController(Object(App\Controllers\Home))
#11 D:\xampp\htdocs\MyJobPortal\system\CodeIgniter.php(351): CodeIgniter\CodeIgniter->handleRequest(NULL, Object(Config\Cache), false)
#12 D:\xampp\htdocs\MyJobPortal\public\index.php(67): CodeIgniter\CodeIgniter->run()
#13 {main}
CRITICAL - 2023-08-10 12:48:43 --> Trying to access array offset on value of type null
in APPPATH\Views\Applicants\Settingz.php on line 98.
 1 APPPATH\Views\Applicants\Settingz.php(98): CodeIgniter\Debug\Exceptions->errorHandler(2, 'Trying to access array offset on value of type null', 'APPPATH\\Views\\Applicants\\Settingz.php', 98)
 2 SYSTEMPATH\View\View.php(213): include('APPPATH\\Views\\Applicants\\Settingz.php')
 3 SYSTEMPATH\View\View.php(216): CodeIgniter\View\View->CodeIgniter\View\{closure}()
 4 SYSTEMPATH\Common.php(1134): CodeIgniter\View\View->render('Applicants/Settingz', [], true)
 5 APPPATH\Controllers\ApplicantC.php(252): view('Applicants/Settingz')
 6 SYSTEMPATH\CodeIgniter.php(927): App\Controllers\ApplicantC->AccountSettings()
 7 SYSTEMPATH\CodeIgniter.php(482): CodeIgniter\CodeIgniter->runController(Object(App\Controllers\ApplicantC))
 8 SYSTEMPATH\CodeIgniter.php(351): CodeIgniter\CodeIgniter->handleRequest(null, Object(Config\Cache), false)
 9 FCPATH\index.php(67): CodeIgniter\CodeIgniter->run()
CRITICAL - 2023-08-10 12:48:47 --> Trying to access array offset on value of type null
in APPPATH\Views\Applicants\Settingz.php on line 98.
 1 APPPATH\Views\Applicants\Settingz.php(98): CodeIgniter\Debug\Exceptions->errorHandler(2, 'Trying to access array offset on value of type null', 'APPPATH\\Views\\Applicants\\Settingz.php', 98)
 2 SYSTEMPATH\View\View.php(213): include('APPPATH\\Views\\Applicants\\Settingz.php')
 3 SYSTEMPATH\View\View.php(216): CodeIgniter\View\View->CodeIgniter\View\{closure}()
 4 SYSTEMPATH\Common.php(1134): CodeIgniter\View\View->render('Applicants/Settingz', [], true)
 5 APPPATH\Controllers\ApplicantC.php(252): view('Applicants/Settingz')
 6 SYSTEMPATH\CodeIgniter.php(927): App\Controllers\ApplicantC->AccountSettings()
 7 SYSTEMPATH\CodeIgniter.php(482): CodeIgniter\CodeIgniter->runController(Object(App\Controllers\ApplicantC))
 8 SYSTEMPATH\CodeIgniter.php(351): CodeIgniter\CodeIgniter->handleRequest(null, Object(Config\Cache), false)
 9 FCPATH\index.php(67): CodeIgniter\CodeIgniter->run()
CRITICAL - 2023-08-10 12:48:49 --> Trying to access array offset on value of type null
in APPPATH\Controllers\ApplicantC.php on line 198.
 1 APPPATH\Controllers\ApplicantC.php(198): CodeIgniter\Debug\Exceptions->errorHandler(2, 'Trying to access array offset on value of type null', 'APPPATH\\Controllers\\ApplicantC.php', 198)
 2 SYSTEMPATH\CodeIgniter.php(927): App\Controllers\ApplicantC->yourApplications()
 3 SYSTEMPATH\CodeIgniter.php(482): CodeIgniter\CodeIgniter->runController(Object(App\Controllers\ApplicantC))
 4 SYSTEMPATH\CodeIgniter.php(351): CodeIgniter\CodeIgniter->handleRequest(null, Object(Config\Cache), false)
 5 FCPATH\index.php(67): CodeIgniter\CodeIgniter->run()
CRITICAL - 2023-08-10 12:48:50 --> Undefined array key "applicant"
in APPPATH\Views\Applicants\SearchResults.php on line 15.
 1 APPPATH\Views\Applicants\SearchResults.php(15): CodeIgniter\Debug\Exceptions->errorHandler(2, 'Undefined array key "applicant"', 'APPPATH\\Views\\Applicants\\SearchResults.php', 15)
 2 SYSTEMPATH\View\View.php(213): include('APPPATH\\Views\\Applicants\\SearchResults.php')
 3 SYSTEMPATH\View\View.php(216): CodeIgniter\View\View->CodeIgniter\View\{closure}()
 4 SYSTEMPATH\Common.php(1134): CodeIgniter\View\View->render('Applicants/SearchResults', [], true)
 5 APPPATH\Controllers\ApplicantC.php(234): view('Applicants/SearchResults', [...])
 6 SYSTEMPATH\CodeIgniter.php(927): App\Controllers\ApplicantC->searchJobs()
 7 SYSTEMPATH\CodeIgniter.php(482): CodeIgniter\CodeIgniter->runController(Object(App\Controllers\ApplicantC))
 8 SYSTEMPATH\CodeIgniter.php(351): CodeIgniter\CodeIgniter->handleRequest(null, Object(Config\Cache), false)
 9 FCPATH\index.php(67): CodeIgniter\CodeIgniter->run()
