CRITICAL - 2023-06-12 11:30:45 --> Undefined variable $recruiter
in APPPATH\Views\Recruiters\Dashboard.php on line 47.
 1 APPPATH\Views\Recruiters\Dashboard.php(47): CodeIgniter\Debug\Exceptions->errorHandler(2, 'Undefined variable $recruiter', 'APPPATH\\Views\\Recruiters\\Dashboard.php', 47)
 2 SYSTEMPATH\View\View.php(213): include('APPPATH\\Views\\Recruiters\\Dashboard.php')
 3 SYSTEMPATH\View\View.php(216): CodeIgniter\View\View->CodeIgniter\View\{closure}()
 4 SYSTEMPATH\Common.php(1134): CodeIgniter\View\View->render('Recruiters/Dashboard', [], true)
 5 APPPATH\Controllers\Home.php(110): view('Recruiters/Dashboard')
 6 SYSTEMPATH\CodeIgniter.php(927): App\Controllers\Home->LoginVerify()
 7 SYSTEMPATH\CodeIgniter.php(482): CodeIgniter\CodeIgniter->runController(Object(App\Controllers\Home))
 8 SYSTEMPATH\CodeIgniter.php(351): CodeIgniter\CodeIgniter->handleRequest(null, Object(Config\Cache), false)
 9 FCPATH\index.php(67): CodeIgniter\CodeIgniter->run()
CRITICAL - 2023-06-12 11:34:37 --> Undefined variable $admin
in APPPATH\Views\Admin\Dashboard.php on line 46.
 1 APPPATH\Views\Admin\Dashboard.php(46): CodeIgniter\Debug\Exceptions->errorHandler(2, 'Undefined variable $admin', 'APPPATH\\Views\\Admin\\Dashboard.php', 46)
 2 SYSTEMPATH\View\View.php(213): include('APPPATH\\Views\\Admin\\Dashboard.php')
 3 SYSTEMPATH\View\View.php(216): CodeIgniter\View\View->CodeIgniter\View\{closure}()
 4 SYSTEMPATH\Common.php(1134): CodeIgniter\View\View->render('Admin/Dashboard', [], true)
 5 APPPATH\Controllers\Home.php(118): view('Admin/Dashboard', [...])
 6 SYSTEMPATH\CodeIgniter.php(927): App\Controllers\Home->LoginVerify()
 7 SYSTEMPATH\CodeIgniter.php(482): CodeIgniter\CodeIgniter->runController(Object(App\Controllers\Home))
 8 SYSTEMPATH\CodeIgniter.php(351): CodeIgniter\CodeIgniter->handleRequest(null, Object(Config\Cache), false)
 9 FCPATH\index.php(67): CodeIgniter\CodeIgniter->run()
CRITICAL - 2023-06-12 11:35:57 --> Invalid file: Recruiter/Dashboard.php
in SYSTEMPATH\Exceptions\FrameworkException.php on line 33.
 1 SYSTEMPATH\View\View.php(201): CodeIgniter\Exceptions\FrameworkException::forInvalidFile('Recruiter/Dashboard.php')
 2 SYSTEMPATH\Common.php(1134): CodeIgniter\View\View->render('Recruiter/Dashboard', [], true)
 3 APPPATH\Controllers\Home.php(118): view('Recruiter/Dashboard', [...])
 4 SYSTEMPATH\CodeIgniter.php(927): App\Controllers\Home->LoginVerify()
 5 SYSTEMPATH\CodeIgniter.php(482): CodeIgniter\CodeIgniter->runController(Object(App\Controllers\Home))
 6 SYSTEMPATH\CodeIgniter.php(351): CodeIgniter\CodeIgniter->handleRequest(null, Object(Config\Cache), false)
 7 FCPATH\index.php(67): CodeIgniter\CodeIgniter->run()
CRITICAL - 2023-06-12 11:36:24 --> Undefined variable $recruiter
in APPPATH\Views\Recruiters\Dashboard.php on line 47.
 1 APPPATH\Views\Recruiters\Dashboard.php(47): CodeIgniter\Debug\Exceptions->errorHandler(2, 'Undefined variable $recruiter', 'APPPATH\\Views\\Recruiters\\Dashboard.php', 47)
 2 SYSTEMPATH\View\View.php(213): include('APPPATH\\Views\\Recruiters\\Dashboard.php')
 3 SYSTEMPATH\View\View.php(216): CodeIgniter\View\View->CodeIgniter\View\{closure}()
 4 SYSTEMPATH\Common.php(1134): CodeIgniter\View\View->render('Recruiters/Dashboard', [], true)
 5 APPPATH\Controllers\Home.php(118): view('Recruiters/Dashboard', [...])
 6 SYSTEMPATH\CodeIgniter.php(927): App\Controllers\Home->LoginVerify()
 7 SYSTEMPATH\CodeIgniter.php(482): CodeIgniter\CodeIgniter->runController(Object(App\Controllers\Home))
 8 SYSTEMPATH\CodeIgniter.php(351): CodeIgniter\CodeIgniter->handleRequest(null, Object(Config\Cache), false)
 9 FCPATH\index.php(67): CodeIgniter\CodeIgniter->run()
CRITICAL - 2023-06-12 11:37:12 --> Undefined variable $recruiter
in APPPATH\Views\Recruiters\Dashboard.php on line 47.
 1 APPPATH\Views\Recruiters\Dashboard.php(47): CodeIgniter\Debug\Exceptions->errorHandler(2, 'Undefined variable $recruiter', 'APPPATH\\Views\\Recruiters\\Dashboard.php', 47)
 2 SYSTEMPATH\View\View.php(213): include('APPPATH\\Views\\Recruiters\\Dashboard.php')
 3 SYSTEMPATH\View\View.php(216): CodeIgniter\View\View->CodeIgniter\View\{closure}()
 4 SYSTEMPATH\Common.php(1134): CodeIgniter\View\View->render('Recruiters/Dashboard', [], true)
 5 APPPATH\Controllers\Home.php(118): view('Recruiters/Dashboard', [...])
 6 SYSTEMPATH\CodeIgniter.php(927): App\Controllers\Home->LoginVerify()
 7 SYSTEMPATH\CodeIgniter.php(482): CodeIgniter\CodeIgniter->runController(Object(App\Controllers\Home))
 8 SYSTEMPATH\CodeIgniter.php(351): CodeIgniter\CodeIgniter->handleRequest(null, Object(Config\Cache), false)
 9 FCPATH\index.php(67): CodeIgniter\CodeIgniter->run()
CRITICAL - 2023-06-12 11:06:42 --> Undefined variable $recruiter
in APPPATH\Views\Recruiters\Dashboard.php on line 47.
 1 APPPATH\Views\Recruiters\Dashboard.php(47): CodeIgniter\Debug\Exceptions->errorHandler(2, 'Undefined variable $recruiter', 'APPPATH\\Views\\Recruiters\\Dashboard.php', 47)
 2 SYSTEMPATH\View\View.php(213): include('APPPATH\\Views\\Recruiters\\Dashboard.php')
 3 SYSTEMPATH\View\View.php(216): CodeIgniter\View\View->CodeIgniter\View\{closure}()
 4 SYSTEMPATH\Common.php(1134): CodeIgniter\View\View->render('Recruiters/Dashboard', [], true)
 5 APPPATH\Controllers\Home.php(116): view('Recruiters/Dashboard', [...])
 6 SYSTEMPATH\CodeIgniter.php(927): App\Controllers\Home->LoginVerify()
 7 SYSTEMPATH\CodeIgniter.php(482): CodeIgniter\CodeIgniter->runController(Object(App\Controllers\Home))
 8 SYSTEMPATH\CodeIgniter.php(351): CodeIgniter\CodeIgniter->handleRequest(null, Object(Config\Cache), false)
 9 FCPATH\index.php(67): CodeIgniter\CodeIgniter->run()
CRITICAL - 2023-06-12 11:06:46 --> Undefined variable $recruiter
in APPPATH\Views\Recruiters\Dashboard.php on line 47.
 1 APPPATH\Views\Recruiters\Dashboard.php(47): CodeIgniter\Debug\Exceptions->errorHandler(2, 'Undefined variable $recruiter', 'APPPATH\\Views\\Recruiters\\Dashboard.php', 47)
 2 SYSTEMPATH\View\View.php(213): include('APPPATH\\Views\\Recruiters\\Dashboard.php')
 3 SYSTEMPATH\View\View.php(216): CodeIgniter\View\View->CodeIgniter\View\{closure}()
 4 SYSTEMPATH\Common.php(1134): CodeIgniter\View\View->render('Recruiters/Dashboard', [], true)
 5 APPPATH\Controllers\Home.php(116): view('Recruiters/Dashboard', [...])
 6 SYSTEMPATH\CodeIgniter.php(927): App\Controllers\Home->LoginVerify()
 7 SYSTEMPATH\CodeIgniter.php(482): CodeIgniter\CodeIgniter->runController(Object(App\Controllers\Home))
 8 SYSTEMPATH\CodeIgniter.php(351): CodeIgniter\CodeIgniter->handleRequest(null, Object(Config\Cache), false)
 9 FCPATH\index.php(67): CodeIgniter\CodeIgniter->run()
CRITICAL - 2023-06-12 11:07:06 --> Undefined variable $recruiter
in APPPATH\Views\Recruiters\Dashboard.php on line 47.
 1 APPPATH\Views\Recruiters\Dashboard.php(47): CodeIgniter\Debug\Exceptions->errorHandler(2, 'Undefined variable $recruiter', 'APPPATH\\Views\\Recruiters\\Dashboard.php', 47)
 2 SYSTEMPATH\View\View.php(213): include('APPPATH\\Views\\Recruiters\\Dashboard.php')
 3 SYSTEMPATH\View\View.php(216): CodeIgniter\View\View->CodeIgniter\View\{closure}()
 4 SYSTEMPATH\Common.php(1134): CodeIgniter\View\View->render('Recruiters/Dashboard', [], true)
 5 APPPATH\Controllers\Home.php(116): view('Recruiters/Dashboard', [...])
 6 SYSTEMPATH\CodeIgniter.php(927): App\Controllers\Home->LoginVerify()
 7 SYSTEMPATH\CodeIgniter.php(482): CodeIgniter\CodeIgniter->runController(Object(App\Controllers\Home))
 8 SYSTEMPATH\CodeIgniter.php(351): CodeIgniter\CodeIgniter->handleRequest(null, Object(Config\Cache), false)
 9 FCPATH\index.php(67): CodeIgniter\CodeIgniter->run()
CRITICAL - 2023-06-12 11:08:16 --> Undefined array key "name"
in APPPATH\Views\Recruiters\Dashboard.php on line 47.
 1 APPPATH\Views\Recruiters\Dashboard.php(47): CodeIgniter\Debug\Exceptions->errorHandler(2, 'Undefined array key "name"', 'APPPATH\\Views\\Recruiters\\Dashboard.php', 47)
 2 SYSTEMPATH\View\View.php(213): include('APPPATH\\Views\\Recruiters\\Dashboard.php')
 3 SYSTEMPATH\View\View.php(216): CodeIgniter\View\View->CodeIgniter\View\{closure}()
 4 SYSTEMPATH\Common.php(1134): CodeIgniter\View\View->render('Recruiters/Dashboard', [], true)
 5 APPPATH\Controllers\Home.php(116): view('Recruiters/Dashboard', [...])
 6 SYSTEMPATH\CodeIgniter.php(927): App\Controllers\Home->LoginVerify()
 7 SYSTEMPATH\CodeIgniter.php(482): CodeIgniter\CodeIgniter->runController(Object(App\Controllers\Home))
 8 SYSTEMPATH\CodeIgniter.php(351): CodeIgniter\CodeIgniter->handleRequest(null, Object(Config\Cache), false)
 9 FCPATH\index.php(67): CodeIgniter\CodeIgniter->run()
CRITICAL - 2023-06-12 11:08:44 --> Undefined array key "email"
in APPPATH\Views\Recruiters\Dashboard.php on line 47.
 1 APPPATH\Views\Recruiters\Dashboard.php(47): CodeIgniter\Debug\Exceptions->errorHandler(2, 'Undefined array key "email"', 'APPPATH\\Views\\Recruiters\\Dashboard.php', 47)
 2 SYSTEMPATH\View\View.php(213): include('APPPATH\\Views\\Recruiters\\Dashboard.php')
 3 SYSTEMPATH\View\View.php(216): CodeIgniter\View\View->CodeIgniter\View\{closure}()
 4 SYSTEMPATH\Common.php(1134): CodeIgniter\View\View->render('Recruiters/Dashboard', [], true)
 5 APPPATH\Controllers\Home.php(116): view('Recruiters/Dashboard', [...])
 6 SYSTEMPATH\CodeIgniter.php(927): App\Controllers\Home->LoginVerify()
 7 SYSTEMPATH\CodeIgniter.php(482): CodeIgniter\CodeIgniter->runController(Object(App\Controllers\Home))
 8 SYSTEMPATH\CodeIgniter.php(351): CodeIgniter\CodeIgniter->handleRequest(null, Object(Config\Cache), false)
 9 FCPATH\index.php(67): CodeIgniter\CodeIgniter->run()
CRITICAL - 2023-06-12 11:13:51 --> Undefined array key "email"
in APPPATH\Views\Recruiters\Dashboard.php on line 47.
 1 APPPATH\Views\Recruiters\Dashboard.php(47): CodeIgniter\Debug\Exceptions->errorHandler(2, 'Undefined array key "email"', 'APPPATH\\Views\\Recruiters\\Dashboard.php', 47)
 2 SYSTEMPATH\View\View.php(213): include('APPPATH\\Views\\Recruiters\\Dashboard.php')
 3 SYSTEMPATH\View\View.php(216): CodeIgniter\View\View->CodeIgniter\View\{closure}()
 4 SYSTEMPATH\Common.php(1134): CodeIgniter\View\View->render('Recruiters/Dashboard', [], true)
 5 APPPATH\Controllers\Home.php(116): view('Recruiters/Dashboard', [...])
 6 SYSTEMPATH\CodeIgniter.php(927): App\Controllers\Home->LoginVerify()
 7 SYSTEMPATH\CodeIgniter.php(482): CodeIgniter\CodeIgniter->runController(Object(App\Controllers\Home))
 8 SYSTEMPATH\CodeIgniter.php(351): CodeIgniter\CodeIgniter->handleRequest(null, Object(Config\Cache), false)
 9 FCPATH\index.php(67): CodeIgniter\CodeIgniter->run()
CRITICAL - 2023-06-12 11:14:05 --> Undefined variable $recruiter
in APPPATH\Views\Recruiters\Dashboard.php on line 47.
 1 APPPATH\Views\Recruiters\Dashboard.php(47): CodeIgniter\Debug\Exceptions->errorHandler(2, 'Undefined variable $recruiter', 'APPPATH\\Views\\Recruiters\\Dashboard.php', 47)
 2 SYSTEMPATH\View\View.php(213): include('APPPATH\\Views\\Recruiters\\Dashboard.php')
 3 SYSTEMPATH\View\View.php(216): CodeIgniter\View\View->CodeIgniter\View\{closure}()
 4 SYSTEMPATH\Common.php(1134): CodeIgniter\View\View->render('Recruiters/Dashboard', [], true)
 5 APPPATH\Controllers\Home.php(116): view('Recruiters/Dashboard', [...])
 6 SYSTEMPATH\CodeIgniter.php(927): App\Controllers\Home->LoginVerify()
 7 SYSTEMPATH\CodeIgniter.php(482): CodeIgniter\CodeIgniter->runController(Object(App\Controllers\Home))
 8 SYSTEMPATH\CodeIgniter.php(351): CodeIgniter\CodeIgniter->handleRequest(null, Object(Config\Cache), false)
 9 FCPATH\index.php(67): CodeIgniter\CodeIgniter->run()
