CRITICAL - 2023-08-07 02:22:21 --> Undefined variable $totalJobPostings
in APPPATH\Views\Recruiters\Dashboard.php on line 55.
 1 APPPATH\Views\Recruiters\Dashboard.php(55): CodeIgniter\Debug\Exceptions->errorHandler(2, 'Undefined variable $totalJobPostings', 'APPPATH\\Views\\Recruiters\\Dashboard.php', 55)
 2 SYSTEMPATH\View\View.php(213): include('APPPATH\\Views\\Recruiters\\Dashboard.php')
 3 SYSTEMPATH\View\View.php(216): CodeIgniter\View\View->CodeIgniter\View\{closure}()
 4 SYSTEMPATH\Common.php(1134): CodeIgniter\View\View->render('Recruiters/Dashboard', [], true)
 5 APPPATH\Controllers\Home.php(131): view('Recruiters/Dashboard', [...])
 6 SYSTEMPATH\CodeIgniter.php(927): App\Controllers\Home->LoginVerify()
 7 SYSTEMPATH\CodeIgniter.php(482): CodeIgniter\CodeIgniter->runController(Object(App\Controllers\Home))
 8 SYSTEMPATH\CodeIgniter.php(351): CodeIgniter\CodeIgniter->handleRequest(null, Object(Config\Cache), false)
 9 FCPATH\index.php(67): CodeIgniter\CodeIgniter->run()
CRITICAL - 2023-08-07 02:23:05 --> Undefined variable $totalJobPostings
in APPPATH\Views\Recruiters\Dashboard.php on line 55.
 1 APPPATH\Views\Recruiters\Dashboard.php(55): CodeIgniter\Debug\Exceptions->errorHandler(2, 'Undefined variable $totalJobPostings', 'APPPATH\\Views\\Recruiters\\Dashboard.php', 55)
 2 SYSTEMPATH\View\View.php(213): include('APPPATH\\Views\\Recruiters\\Dashboard.php')
 3 SYSTEMPATH\View\View.php(216): CodeIgniter\View\View->CodeIgniter\View\{closure}()
 4 SYSTEMPATH\Common.php(1134): CodeIgniter\View\View->render('Recruiters/Dashboard', [], true)
 5 APPPATH\Controllers\Home.php(131): view('Recruiters/Dashboard', [...])
 6 SYSTEMPATH\CodeIgniter.php(927): App\Controllers\Home->LoginVerify()
 7 SYSTEMPATH\CodeIgniter.php(482): CodeIgniter\CodeIgniter->runController(Object(App\Controllers\Home))
 8 SYSTEMPATH\CodeIgniter.php(351): CodeIgniter\CodeIgniter->handleRequest(null, Object(Config\Cache), false)
 9 FCPATH\index.php(67): CodeIgniter\CodeIgniter->run()
CRITICAL - 2023-08-07 02:23:13 --> Undefined variable $totalJobPostings
in APPPATH\Views\Recruiters\Dashboard.php on line 55.
 1 APPPATH\Views\Recruiters\Dashboard.php(55): CodeIgniter\Debug\Exceptions->errorHandler(2, 'Undefined variable $totalJobPostings', 'APPPATH\\Views\\Recruiters\\Dashboard.php', 55)
 2 SYSTEMPATH\View\View.php(213): include('APPPATH\\Views\\Recruiters\\Dashboard.php')
 3 SYSTEMPATH\View\View.php(216): CodeIgniter\View\View->CodeIgniter\View\{closure}()
 4 SYSTEMPATH\Common.php(1134): CodeIgniter\View\View->render('Recruiters/Dashboard', [], true)
 5 APPPATH\Controllers\Home.php(131): view('Recruiters/Dashboard', [...])
 6 SYSTEMPATH\CodeIgniter.php(927): App\Controllers\Home->LoginVerify()
 7 SYSTEMPATH\CodeIgniter.php(482): CodeIgniter\CodeIgniter->runController(Object(App\Controllers\Home))
 8 SYSTEMPATH\CodeIgniter.php(351): CodeIgniter\CodeIgniter->handleRequest(null, Object(Config\Cache), false)
 9 FCPATH\index.php(67): CodeIgniter\CodeIgniter->run()
CRITICAL - 2023-08-07 02:24:24 --> Undefined variable $totalJobPostings
in APPPATH\Views\Recruiters\Dashboard.php on line 53.
 1 APPPATH\Views\Recruiters\Dashboard.php(53): CodeIgniter\Debug\Exceptions->errorHandler(2, 'Undefined variable $totalJobPostings', 'APPPATH\\Views\\Recruiters\\Dashboard.php', 53)
 2 SYSTEMPATH\View\View.php(213): include('APPPATH\\Views\\Recruiters\\Dashboard.php')
 3 SYSTEMPATH\View\View.php(216): CodeIgniter\View\View->CodeIgniter\View\{closure}()
 4 SYSTEMPATH\Common.php(1134): CodeIgniter\View\View->render('Recruiters/Dashboard', [], true)
 5 APPPATH\Controllers\Home.php(131): view('Recruiters/Dashboard', [...])
 6 SYSTEMPATH\CodeIgniter.php(927): App\Controllers\Home->LoginVerify()
 7 SYSTEMPATH\CodeIgniter.php(482): CodeIgniter\CodeIgniter->runController(Object(App\Controllers\Home))
 8 SYSTEMPATH\CodeIgniter.php(351): CodeIgniter\CodeIgniter->handleRequest(null, Object(Config\Cache), false)
 9 FCPATH\index.php(67): CodeIgniter\CodeIgniter->run()
CRITICAL - 2023-08-07 02:29:08 --> Undefined variable $totalJobPostings
in APPPATH\Views\Recruiters\Dashboard.php on line 53.
 1 APPPATH\Views\Recruiters\Dashboard.php(53): CodeIgniter\Debug\Exceptions->errorHandler(2, 'Undefined variable $totalJobPostings', 'APPPATH\\Views\\Recruiters\\Dashboard.php', 53)
 2 SYSTEMPATH\View\View.php(213): include('APPPATH\\Views\\Recruiters\\Dashboard.php')
 3 SYSTEMPATH\View\View.php(216): CodeIgniter\View\View->CodeIgniter\View\{closure}()
 4 SYSTEMPATH\Common.php(1134): CodeIgniter\View\View->render('Recruiters/Dashboard', [], true)
 5 APPPATH\Controllers\Home.php(131): view('Recruiters/Dashboard', [...])
 6 SYSTEMPATH\CodeIgniter.php(927): App\Controllers\Home->LoginVerify()
 7 SYSTEMPATH\CodeIgniter.php(482): CodeIgniter\CodeIgniter->runController(Object(App\Controllers\Home))
 8 SYSTEMPATH\CodeIgniter.php(351): CodeIgniter\CodeIgniter->handleRequest(null, Object(Config\Cache), false)
 9 FCPATH\index.php(67): CodeIgniter\CodeIgniter->run()
CRITICAL - 2023-08-07 02:29:19 --> Undefined variable $totalApplicants
in APPPATH\Views\Recruiters\Dashboard.php on line 56.
 1 APPPATH\Views\Recruiters\Dashboard.php(56): CodeIgniter\Debug\Exceptions->errorHandler(2, 'Undefined variable $totalApplicants', 'APPPATH\\Views\\Recruiters\\Dashboard.php', 56)
 2 SYSTEMPATH\View\View.php(213): include('APPPATH\\Views\\Recruiters\\Dashboard.php')
 3 SYSTEMPATH\View\View.php(216): CodeIgniter\View\View->CodeIgniter\View\{closure}()
 4 SYSTEMPATH\Common.php(1134): CodeIgniter\View\View->render('Recruiters/Dashboard', [], true)
 5 APPPATH\Controllers\Home.php(131): view('Recruiters/Dashboard', [...])
 6 SYSTEMPATH\CodeIgniter.php(927): App\Controllers\Home->LoginVerify()
 7 SYSTEMPATH\CodeIgniter.php(482): CodeIgniter\CodeIgniter->runController(Object(App\Controllers\Home))
 8 SYSTEMPATH\CodeIgniter.php(351): CodeIgniter\CodeIgniter->handleRequest(null, Object(Config\Cache), false)
 9 FCPATH\index.php(67): CodeIgniter\CodeIgniter->run()
CRITICAL - 2023-08-07 02:29:34 --> Undefined variable $activeJobPostings
in APPPATH\Views\Recruiters\Dashboard.php on line 59.
 1 APPPATH\Views\Recruiters\Dashboard.php(59): CodeIgniter\Debug\Exceptions->errorHandler(2, 'Undefined variable $activeJobPostings', 'APPPATH\\Views\\Recruiters\\Dashboard.php', 59)
 2 SYSTEMPATH\View\View.php(213): include('APPPATH\\Views\\Recruiters\\Dashboard.php')
 3 SYSTEMPATH\View\View.php(216): CodeIgniter\View\View->CodeIgniter\View\{closure}()
 4 SYSTEMPATH\Common.php(1134): CodeIgniter\View\View->render('Recruiters/Dashboard', [], true)
 5 APPPATH\Controllers\Home.php(131): view('Recruiters/Dashboard', [...])
 6 SYSTEMPATH\CodeIgniter.php(927): App\Controllers\Home->LoginVerify()
 7 SYSTEMPATH\CodeIgniter.php(482): CodeIgniter\CodeIgniter->runController(Object(App\Controllers\Home))
 8 SYSTEMPATH\CodeIgniter.php(351): CodeIgniter\CodeIgniter->handleRequest(null, Object(Config\Cache), false)
 9 FCPATH\index.php(67): CodeIgniter\CodeIgniter->run()
CRITICAL - 2023-08-07 02:29:44 --> Undefined variable $hiredCandidates
in APPPATH\Views\Recruiters\Dashboard.php on line 62.
 1 APPPATH\Views\Recruiters\Dashboard.php(62): CodeIgniter\Debug\Exceptions->errorHandler(2, 'Undefined variable $hiredCandidates', 'APPPATH\\Views\\Recruiters\\Dashboard.php', 62)
 2 SYSTEMPATH\View\View.php(213): include('APPPATH\\Views\\Recruiters\\Dashboard.php')
 3 SYSTEMPATH\View\View.php(216): CodeIgniter\View\View->CodeIgniter\View\{closure}()
 4 SYSTEMPATH\Common.php(1134): CodeIgniter\View\View->render('Recruiters/Dashboard', [], true)
 5 APPPATH\Controllers\Home.php(131): view('Recruiters/Dashboard', [...])
 6 SYSTEMPATH\CodeIgniter.php(927): App\Controllers\Home->LoginVerify()
 7 SYSTEMPATH\CodeIgniter.php(482): CodeIgniter\CodeIgniter->runController(Object(App\Controllers\Home))
 8 SYSTEMPATH\CodeIgniter.php(351): CodeIgniter\CodeIgniter->handleRequest(null, Object(Config\Cache), false)
 9 FCPATH\index.php(67): CodeIgniter\CodeIgniter->run()
CRITICAL - 2023-08-07 02:50:39 --> Undefined variable $totalJobPostings
in APPPATH\Views\Recruiters\Dashboard.php on line 48.
 1 APPPATH\Views\Recruiters\Dashboard.php(48): CodeIgniter\Debug\Exceptions->errorHandler(2, 'Undefined variable $totalJobPostings', 'APPPATH\\Views\\Recruiters\\Dashboard.php', 48)
 2 SYSTEMPATH\View\View.php(213): include('APPPATH\\Views\\Recruiters\\Dashboard.php')
 3 SYSTEMPATH\View\View.php(216): CodeIgniter\View\View->CodeIgniter\View\{closure}()
 4 SYSTEMPATH\Common.php(1134): CodeIgniter\View\View->render('Recruiters/Dashboard', [], true)
 5 APPPATH\Controllers\Home.php(131): view('Recruiters/Dashboard', [...])
 6 SYSTEMPATH\CodeIgniter.php(927): App\Controllers\Home->LoginVerify()
 7 SYSTEMPATH\CodeIgniter.php(482): CodeIgniter\CodeIgniter->runController(Object(App\Controllers\Home))
 8 SYSTEMPATH\CodeIgniter.php(351): CodeIgniter\CodeIgniter->handleRequest(null, Object(Config\Cache), false)
 9 FCPATH\index.php(67): CodeIgniter\CodeIgniter->run()
CRITICAL - 2023-08-07 02:54:20 --> Undefined variable $activeJobPostings
in APPPATH\Views\Recruiters\Dashboard.php on line 55.
 1 APPPATH\Views\Recruiters\Dashboard.php(55): CodeIgniter\Debug\Exceptions->errorHandler(2, 'Undefined variable $activeJobPostings', 'APPPATH\\Views\\Recruiters\\Dashboard.php', 55)
 2 SYSTEMPATH\View\View.php(213): include('APPPATH\\Views\\Recruiters\\Dashboard.php')
 3 SYSTEMPATH\View\View.php(216): CodeIgniter\View\View->CodeIgniter\View\{closure}()
 4 SYSTEMPATH\Common.php(1134): CodeIgniter\View\View->render('Recruiters/Dashboard', [], true)
 5 APPPATH\Controllers\Home.php(131): view('Recruiters/Dashboard', [...])
 6 SYSTEMPATH\CodeIgniter.php(927): App\Controllers\Home->LoginVerify()
 7 SYSTEMPATH\CodeIgniter.php(482): CodeIgniter\CodeIgniter->runController(Object(App\Controllers\Home))
 8 SYSTEMPATH\CodeIgniter.php(351): CodeIgniter\CodeIgniter->handleRequest(null, Object(Config\Cache), false)
 9 FCPATH\index.php(67): CodeIgniter\CodeIgniter->run()
CRITICAL - 2023-08-07 02:55:32 --> Undefined variable $activeJobPostings
in APPPATH\Views\Recruiters\Dashboard.php on line 55.
 1 APPPATH\Views\Recruiters\Dashboard.php(55): CodeIgniter\Debug\Exceptions->errorHandler(2, 'Undefined variable $activeJobPostings', 'APPPATH\\Views\\Recruiters\\Dashboard.php', 55)
 2 SYSTEMPATH\View\View.php(213): include('APPPATH\\Views\\Recruiters\\Dashboard.php')
 3 SYSTEMPATH\View\View.php(216): CodeIgniter\View\View->CodeIgniter\View\{closure}()
 4 SYSTEMPATH\Common.php(1134): CodeIgniter\View\View->render('Recruiters/Dashboard', [], true)
 5 APPPATH\Controllers\Home.php(131): view('Recruiters/Dashboard', [...])
 6 SYSTEMPATH\CodeIgniter.php(927): App\Controllers\Home->LoginVerify()
 7 SYSTEMPATH\CodeIgniter.php(482): CodeIgniter\CodeIgniter->runController(Object(App\Controllers\Home))
 8 SYSTEMPATH\CodeIgniter.php(351): CodeIgniter\CodeIgniter->handleRequest(null, Object(Config\Cache), false)
 9 FCPATH\index.php(67): CodeIgniter\CodeIgniter->run()
CRITICAL - 2023-08-07 02:55:35 --> Undefined variable $activeJobPostings
in APPPATH\Views\Recruiters\Dashboard.php on line 55.
 1 APPPATH\Views\Recruiters\Dashboard.php(55): CodeIgniter\Debug\Exceptions->errorHandler(2, 'Undefined variable $activeJobPostings', 'APPPATH\\Views\\Recruiters\\Dashboard.php', 55)
 2 SYSTEMPATH\View\View.php(213): include('APPPATH\\Views\\Recruiters\\Dashboard.php')
 3 SYSTEMPATH\View\View.php(216): CodeIgniter\View\View->CodeIgniter\View\{closure}()
 4 SYSTEMPATH\Common.php(1134): CodeIgniter\View\View->render('Recruiters/Dashboard', [], true)
 5 APPPATH\Controllers\Home.php(131): view('Recruiters/Dashboard', [...])
 6 SYSTEMPATH\CodeIgniter.php(927): App\Controllers\Home->LoginVerify()
 7 SYSTEMPATH\CodeIgniter.php(482): CodeIgniter\CodeIgniter->runController(Object(App\Controllers\Home))
 8 SYSTEMPATH\CodeIgniter.php(351): CodeIgniter\CodeIgniter->handleRequest(null, Object(Config\Cache), false)
 9 FCPATH\index.php(67): CodeIgniter\CodeIgniter->run()
CRITICAL - 2023-08-07 02:59:31 --> Undefined variable $activeJobPostings
in APPPATH\Views\Recruiters\Dashboard.php on line 55.
 1 APPPATH\Views\Recruiters\Dashboard.php(55): CodeIgniter\Debug\Exceptions->errorHandler(2, 'Undefined variable $activeJobPostings', 'APPPATH\\Views\\Recruiters\\Dashboard.php', 55)
 2 SYSTEMPATH\View\View.php(213): include('APPPATH\\Views\\Recruiters\\Dashboard.php')
 3 SYSTEMPATH\View\View.php(216): CodeIgniter\View\View->CodeIgniter\View\{closure}()
 4 SYSTEMPATH\Common.php(1134): CodeIgniter\View\View->render('Recruiters/Dashboard', [], true)
 5 APPPATH\Controllers\Home.php(131): view('Recruiters/Dashboard', [...])
 6 SYSTEMPATH\CodeIgniter.php(927): App\Controllers\Home->LoginVerify()
 7 SYSTEMPATH\CodeIgniter.php(482): CodeIgniter\CodeIgniter->runController(Object(App\Controllers\Home))
 8 SYSTEMPATH\CodeIgniter.php(351): CodeIgniter\CodeIgniter->handleRequest(null, Object(Config\Cache), false)
 9 FCPATH\index.php(67): CodeIgniter\CodeIgniter->run()
CRITICAL - 2023-08-07 02:10:35 --> count(): Argument #1 ($value) must be of type Countable|array, null given
in APPPATH\Views\Recruiters\Dashboard.php on line 53.
 1 SYSTEMPATH\View\View.php(213): include()
 2 SYSTEMPATH\View\View.php(216): CodeIgniter\View\View->CodeIgniter\View\{closure}()
 3 SYSTEMPATH\Common.php(1134): CodeIgniter\View\View->render('Recruiters/Dashboard', [], true)
 4 APPPATH\Controllers\Home.php(131): view('Recruiters/Dashboard', [...])
 5 SYSTEMPATH\CodeIgniter.php(927): App\Controllers\Home->LoginVerify()
 6 SYSTEMPATH\CodeIgniter.php(482): CodeIgniter\CodeIgniter->runController(Object(App\Controllers\Home))
 7 SYSTEMPATH\CodeIgniter.php(351): CodeIgniter\CodeIgniter->handleRequest(null, Object(Config\Cache), false)
 8 FCPATH\index.php(67): CodeIgniter\CodeIgniter->run()
CRITICAL - 2023-08-07 02:19:35 --> count(): Argument #1 ($value) must be of type Countable|array, null given
in APPPATH\Views\Recruiters\Dashboard.php on line 53.
 1 SYSTEMPATH\View\View.php(213): include()
 2 SYSTEMPATH\View\View.php(216): CodeIgniter\View\View->CodeIgniter\View\{closure}()
 3 SYSTEMPATH\Common.php(1134): CodeIgniter\View\View->render('Recruiters/Dashboard', [], true)
 4 APPPATH\Controllers\Home.php(131): view('Recruiters/Dashboard', [...])
 5 SYSTEMPATH\CodeIgniter.php(927): App\Controllers\Home->LoginVerify()
 6 SYSTEMPATH\CodeIgniter.php(482): CodeIgniter\CodeIgniter->runController(Object(App\Controllers\Home))
 7 SYSTEMPATH\CodeIgniter.php(351): CodeIgniter\CodeIgniter->handleRequest(null, Object(Config\Cache), false)
 8 FCPATH\index.php(67): CodeIgniter\CodeIgniter->run()
CRITICAL - 2023-08-07 02:21:09 --> count(): Argument #1 ($value) must be of type Countable|array, null given
in APPPATH\Views\Recruiters\Dashboard.php on line 53.
 1 SYSTEMPATH\View\View.php(213): include()
 2 SYSTEMPATH\View\View.php(216): CodeIgniter\View\View->CodeIgniter\View\{closure}()
 3 SYSTEMPATH\Common.php(1134): CodeIgniter\View\View->render('Recruiters/Dashboard', [], true)
 4 APPPATH\Controllers\Home.php(131): view('Recruiters/Dashboard', [...])
 5 SYSTEMPATH\CodeIgniter.php(927): App\Controllers\Home->LoginVerify()
 6 SYSTEMPATH\CodeIgniter.php(482): CodeIgniter\CodeIgniter->runController(Object(App\Controllers\Home))
 7 SYSTEMPATH\CodeIgniter.php(351): CodeIgniter\CodeIgniter->handleRequest(null, Object(Config\Cache), false)
 8 FCPATH\index.php(67): CodeIgniter\CodeIgniter->run()
CRITICAL - 2023-08-07 02:23:13 --> count(): Argument #1 ($value) must be of type Countable|array, null given
in APPPATH\Views\Recruiters\Dashboard.php on line 53.
 1 SYSTEMPATH\View\View.php(213): include()
 2 SYSTEMPATH\View\View.php(216): CodeIgniter\View\View->CodeIgniter\View\{closure}()
 3 SYSTEMPATH\Common.php(1134): CodeIgniter\View\View->render('Recruiters/Dashboard', [], true)
 4 APPPATH\Controllers\Home.php(131): view('Recruiters/Dashboard', [...])
 5 SYSTEMPATH\CodeIgniter.php(927): App\Controllers\Home->LoginVerify()
 6 SYSTEMPATH\CodeIgniter.php(482): CodeIgniter\CodeIgniter->runController(Object(App\Controllers\Home))
 7 SYSTEMPATH\CodeIgniter.php(351): CodeIgniter\CodeIgniter->handleRequest(null, Object(Config\Cache), false)
 8 FCPATH\index.php(67): CodeIgniter\CodeIgniter->run()
CRITICAL - 2023-08-07 02:24:33 --> count(): Argument #1 ($value) must be of type Countable|array, null given
in APPPATH\Views\Recruiters\Dashboard.php on line 53.
 1 SYSTEMPATH\View\View.php(213): include()
 2 SYSTEMPATH\View\View.php(216): CodeIgniter\View\View->CodeIgniter\View\{closure}()
 3 SYSTEMPATH\Common.php(1134): CodeIgniter\View\View->render('Recruiters/Dashboard', [], true)
 4 APPPATH\Controllers\Home.php(131): view('Recruiters/Dashboard', [...])
 5 SYSTEMPATH\CodeIgniter.php(927): App\Controllers\Home->LoginVerify()
 6 SYSTEMPATH\CodeIgniter.php(482): CodeIgniter\CodeIgniter->runController(Object(App\Controllers\Home))
 7 SYSTEMPATH\CodeIgniter.php(351): CodeIgniter\CodeIgniter->handleRequest(null, Object(Config\Cache), false)
 8 FCPATH\index.php(67): CodeIgniter\CodeIgniter->run()
CRITICAL - 2023-08-07 02:25:28 --> count(): Argument #1 ($value) must be of type Countable|array, null given
in APPPATH\Views\Recruiters\Dashboard.php on line 53.
 1 SYSTEMPATH\View\View.php(213): include()
 2 SYSTEMPATH\View\View.php(216): CodeIgniter\View\View->CodeIgniter\View\{closure}()
 3 SYSTEMPATH\Common.php(1134): CodeIgniter\View\View->render('Recruiters/Dashboard', [], true)
 4 APPPATH\Controllers\Home.php(131): view('Recruiters/Dashboard', [...])
 5 SYSTEMPATH\CodeIgniter.php(927): App\Controllers\Home->LoginVerify()
 6 SYSTEMPATH\CodeIgniter.php(482): CodeIgniter\CodeIgniter->runController(Object(App\Controllers\Home))
 7 SYSTEMPATH\CodeIgniter.php(351): CodeIgniter\CodeIgniter->handleRequest(null, Object(Config\Cache), false)
 8 FCPATH\index.php(67): CodeIgniter\CodeIgniter->run()
CRITICAL - 2023-08-07 02:26:11 --> count(): Argument #1 ($value) must be of type Countable|array, null given
in APPPATH\Views\Recruiters\Dashboard.php on line 53.
 1 SYSTEMPATH\View\View.php(213): include()
 2 SYSTEMPATH\View\View.php(216): CodeIgniter\View\View->CodeIgniter\View\{closure}()
 3 SYSTEMPATH\Common.php(1134): CodeIgniter\View\View->render('Recruiters/Dashboard', [], true)
 4 APPPATH\Controllers\Home.php(131): view('Recruiters/Dashboard', [...])
 5 SYSTEMPATH\CodeIgniter.php(927): App\Controllers\Home->LoginVerify()
 6 SYSTEMPATH\CodeIgniter.php(482): CodeIgniter\CodeIgniter->runController(Object(App\Controllers\Home))
 7 SYSTEMPATH\CodeIgniter.php(351): CodeIgniter\CodeIgniter->handleRequest(null, Object(Config\Cache), false)
 8 FCPATH\index.php(67): CodeIgniter\CodeIgniter->run()
CRITICAL - 2023-08-07 02:26:14 --> count(): Argument #1 ($value) must be of type Countable|array, null given
in APPPATH\Views\Recruiters\Dashboard.php on line 53.
 1 SYSTEMPATH\View\View.php(213): include()
 2 SYSTEMPATH\View\View.php(216): CodeIgniter\View\View->CodeIgniter\View\{closure}()
 3 SYSTEMPATH\Common.php(1134): CodeIgniter\View\View->render('Recruiters/Dashboard', [], true)
 4 APPPATH\Controllers\Home.php(131): view('Recruiters/Dashboard', [...])
 5 SYSTEMPATH\CodeIgniter.php(927): App\Controllers\Home->LoginVerify()
 6 SYSTEMPATH\CodeIgniter.php(482): CodeIgniter\CodeIgniter->runController(Object(App\Controllers\Home))
 7 SYSTEMPATH\CodeIgniter.php(351): CodeIgniter\CodeIgniter->handleRequest(null, Object(Config\Cache), false)
 8 FCPATH\index.php(67): CodeIgniter\CodeIgniter->run()
CRITICAL - 2023-08-07 02:29:15 --> count(): Argument #1 ($value) must be of type Countable|array, null given
in APPPATH\Views\Recruiters\Dashboard.php on line 53.
 1 SYSTEMPATH\View\View.php(213): include()
 2 SYSTEMPATH\View\View.php(216): CodeIgniter\View\View->CodeIgniter\View\{closure}()
 3 SYSTEMPATH\Common.php(1134): CodeIgniter\View\View->render('Recruiters/Dashboard', [], true)
 4 APPPATH\Controllers\Home.php(131): view('Recruiters/Dashboard', [...])
 5 SYSTEMPATH\CodeIgniter.php(927): App\Controllers\Home->LoginVerify()
 6 SYSTEMPATH\CodeIgniter.php(482): CodeIgniter\CodeIgniter->runController(Object(App\Controllers\Home))
 7 SYSTEMPATH\CodeIgniter.php(351): CodeIgniter\CodeIgniter->handleRequest(null, Object(Config\Cache), false)
 8 FCPATH\index.php(67): CodeIgniter\CodeIgniter->run()
CRITICAL - 2023-08-07 02:36:12 --> count(): Argument #1 ($value) must be of type Countable|array, null given
in APPPATH\Views\Recruiters\Dashboard.php on line 53.
 1 SYSTEMPATH\View\View.php(213): include()
 2 SYSTEMPATH\View\View.php(216): CodeIgniter\View\View->CodeIgniter\View\{closure}()
 3 SYSTEMPATH\Common.php(1134): CodeIgniter\View\View->render('Recruiters/Dashboard', [], true)
 4 APPPATH\Controllers\Home.php(131): view('Recruiters/Dashboard', [...])
 5 SYSTEMPATH\CodeIgniter.php(927): App\Controllers\Home->LoginVerify()
 6 SYSTEMPATH\CodeIgniter.php(482): CodeIgniter\CodeIgniter->runController(Object(App\Controllers\Home))
 7 SYSTEMPATH\CodeIgniter.php(351): CodeIgniter\CodeIgniter->handleRequest(null, Object(Config\Cache), false)
 8 FCPATH\index.php(67): CodeIgniter\CodeIgniter->run()
CRITICAL - 2023-08-07 02:37:15 --> count(): Argument #1 ($value) must be of type Countable|array, null given
in APPPATH\Views\Recruiters\Dashboard.php on line 53.
 1 SYSTEMPATH\View\View.php(213): include()
 2 SYSTEMPATH\View\View.php(216): CodeIgniter\View\View->CodeIgniter\View\{closure}()
 3 SYSTEMPATH\Common.php(1134): CodeIgniter\View\View->render('Recruiters/Dashboard', [], true)
 4 APPPATH\Controllers\Home.php(131): view('Recruiters/Dashboard', [...])
 5 SYSTEMPATH\CodeIgniter.php(927): App\Controllers\Home->LoginVerify()
 6 SYSTEMPATH\CodeIgniter.php(482): CodeIgniter\CodeIgniter->runController(Object(App\Controllers\Home))
 7 SYSTEMPATH\CodeIgniter.php(351): CodeIgniter\CodeIgniter->handleRequest(null, Object(Config\Cache), false)
 8 FCPATH\index.php(67): CodeIgniter\CodeIgniter->run()
CRITICAL - 2023-08-07 02:38:29 --> count(): Argument #1 ($value) must be of type Countable|array, null given
in APPPATH\Views\Recruiters\Dashboard.php on line 53.
 1 SYSTEMPATH\View\View.php(213): include()
 2 SYSTEMPATH\View\View.php(216): CodeIgniter\View\View->CodeIgniter\View\{closure}()
 3 SYSTEMPATH\Common.php(1134): CodeIgniter\View\View->render('Recruiters/Dashboard', [], true)
 4 APPPATH\Controllers\Home.php(131): view('Recruiters/Dashboard', [...])
 5 SYSTEMPATH\CodeIgniter.php(927): App\Controllers\Home->LoginVerify()
 6 SYSTEMPATH\CodeIgniter.php(482): CodeIgniter\CodeIgniter->runController(Object(App\Controllers\Home))
 7 SYSTEMPATH\CodeIgniter.php(351): CodeIgniter\CodeIgniter->handleRequest(null, Object(Config\Cache), false)
 8 FCPATH\index.php(67): CodeIgniter\CodeIgniter->run()
CRITICAL - 2023-08-07 02:51:18 --> count(): Argument #1 ($value) must be of type Countable|array, null given
in APPPATH\Views\Recruiters\Dashboard.php on line 53.
 1 SYSTEMPATH\View\View.php(213): include()
 2 SYSTEMPATH\View\View.php(216): CodeIgniter\View\View->CodeIgniter\View\{closure}()
 3 SYSTEMPATH\Common.php(1134): CodeIgniter\View\View->render('Recruiters/Dashboard', [], true)
 4 APPPATH\Controllers\Home.php(131): view('Recruiters/Dashboard', [...])
 5 SYSTEMPATH\CodeIgniter.php(927): App\Controllers\Home->LoginVerify()
 6 SYSTEMPATH\CodeIgniter.php(482): CodeIgniter\CodeIgniter->runController(Object(App\Controllers\Home))
 7 SYSTEMPATH\CodeIgniter.php(351): CodeIgniter\CodeIgniter->handleRequest(null, Object(Config\Cache), false)
 8 FCPATH\index.php(67): CodeIgniter\CodeIgniter->run()
CRITICAL - 2023-08-07 02:58:13 --> count(): Argument #1 ($value) must be of type Countable|array, null given
in APPPATH\Views\Recruiters\Dashboard.php on line 53.
 1 SYSTEMPATH\View\View.php(213): include()
 2 SYSTEMPATH\View\View.php(216): CodeIgniter\View\View->CodeIgniter\View\{closure}()
 3 SYSTEMPATH\Common.php(1134): CodeIgniter\View\View->render('Recruiters/Dashboard', [], true)
 4 APPPATH\Controllers\Home.php(131): view('Recruiters/Dashboard', [...])
 5 SYSTEMPATH\CodeIgniter.php(927): App\Controllers\Home->LoginVerify()
 6 SYSTEMPATH\CodeIgniter.php(482): CodeIgniter\CodeIgniter->runController(Object(App\Controllers\Home))
 7 SYSTEMPATH\CodeIgniter.php(351): CodeIgniter\CodeIgniter->handleRequest(null, Object(Config\Cache), false)
 8 FCPATH\index.php(67): CodeIgniter\CodeIgniter->run()
CRITICAL - 2023-08-07 02:58:28 --> Undefined variable $jobs
in APPPATH\Views\Recruiters\Dashboard.php on line 53.
 1 APPPATH\Views\Recruiters\Dashboard.php(53): CodeIgniter\Debug\Exceptions->errorHandler(2, 'Undefined variable $jobs', 'APPPATH\\Views\\Recruiters\\Dashboard.php', 53)
 2 SYSTEMPATH\View\View.php(213): include('APPPATH\\Views\\Recruiters\\Dashboard.php')
 3 SYSTEMPATH\View\View.php(216): CodeIgniter\View\View->CodeIgniter\View\{closure}()
 4 SYSTEMPATH\Common.php(1134): CodeIgniter\View\View->render('Recruiters/Dashboard', [], true)
 5 APPPATH\Controllers\Home.php(131): view('Recruiters/Dashboard', [...])
 6 SYSTEMPATH\CodeIgniter.php(927): App\Controllers\Home->LoginVerify()
 7 SYSTEMPATH\CodeIgniter.php(482): CodeIgniter\CodeIgniter->runController(Object(App\Controllers\Home))
 8 SYSTEMPATH\CodeIgniter.php(351): CodeIgniter\CodeIgniter->handleRequest(null, Object(Config\Cache), false)
 9 FCPATH\index.php(67): CodeIgniter\CodeIgniter->run()
CRITICAL - 2023-08-07 02:59:00 --> Undefined variable $jobs
in APPPATH\Views\Recruiters\Dashboard.php on line 53.
 1 APPPATH\Views\Recruiters\Dashboard.php(53): CodeIgniter\Debug\Exceptions->errorHandler(2, 'Undefined variable $jobs', 'APPPATH\\Views\\Recruiters\\Dashboard.php', 53)
 2 SYSTEMPATH\View\View.php(213): include('APPPATH\\Views\\Recruiters\\Dashboard.php')
 3 SYSTEMPATH\View\View.php(216): CodeIgniter\View\View->CodeIgniter\View\{closure}()
 4 SYSTEMPATH\Common.php(1134): CodeIgniter\View\View->render('Recruiters/Dashboard', [], true)
 5 APPPATH\Controllers\Home.php(131): view('Recruiters/Dashboard', [...])
 6 SYSTEMPATH\CodeIgniter.php(927): App\Controllers\Home->LoginVerify()
 7 SYSTEMPATH\CodeIgniter.php(482): CodeIgniter\CodeIgniter->runController(Object(App\Controllers\Home))
 8 SYSTEMPATH\CodeIgniter.php(351): CodeIgniter\CodeIgniter->handleRequest(null, Object(Config\Cache), false)
 9 FCPATH\index.php(67): CodeIgniter\CodeIgniter->run()
CRITICAL - 2023-08-07 03:01:25 --> Undefined variable $jobs
in APPPATH\Views\Recruiters\Dashboard.php on line 53.
 1 APPPATH\Views\Recruiters\Dashboard.php(53): CodeIgniter\Debug\Exceptions->errorHandler(2, 'Undefined variable $jobs', 'APPPATH\\Views\\Recruiters\\Dashboard.php', 53)
 2 SYSTEMPATH\View\View.php(213): include('APPPATH\\Views\\Recruiters\\Dashboard.php')
 3 SYSTEMPATH\View\View.php(216): CodeIgniter\View\View->CodeIgniter\View\{closure}()
 4 SYSTEMPATH\Common.php(1134): CodeIgniter\View\View->render('Recruiters/Dashboard', [], true)
 5 APPPATH\Controllers\Home.php(131): view('Recruiters/Dashboard', [...])
 6 SYSTEMPATH\CodeIgniter.php(927): App\Controllers\Home->LoginVerify()
 7 SYSTEMPATH\CodeIgniter.php(482): CodeIgniter\CodeIgniter->runController(Object(App\Controllers\Home))
 8 SYSTEMPATH\CodeIgniter.php(351): CodeIgniter\CodeIgniter->handleRequest(null, Object(Config\Cache), false)
 9 FCPATH\index.php(67): CodeIgniter\CodeIgniter->run()
CRITICAL - 2023-08-07 03:01:32 --> count(): Argument #1 ($value) must be of type Countable|array, null given
in APPPATH\Views\Recruiters\Dashboard.php on line 53.
 1 SYSTEMPATH\View\View.php(213): include()
 2 SYSTEMPATH\View\View.php(216): CodeIgniter\View\View->CodeIgniter\View\{closure}()
 3 SYSTEMPATH\Common.php(1134): CodeIgniter\View\View->render('Recruiters/Dashboard', [], true)
 4 APPPATH\Controllers\RecruiterC.php(29): view('Recruiters/Dashboard', [...])
 5 SYSTEMPATH\CodeIgniter.php(927): App\Controllers\RecruiterC->dashboard()
 6 SYSTEMPATH\CodeIgniter.php(482): CodeIgniter\CodeIgniter->runController(Object(App\Controllers\RecruiterC))
 7 SYSTEMPATH\CodeIgniter.php(351): CodeIgniter\CodeIgniter->handleRequest(null, Object(Config\Cache), false)
 8 FCPATH\index.php(67): CodeIgniter\CodeIgniter->run()
CRITICAL - 2023-08-07 03:02:20 --> count(): Argument #1 ($value) must be of type Countable|array, null given
in APPPATH\Views\Recruiters\Dashboard.php on line 53.
 1 SYSTEMPATH\View\View.php(213): include()
 2 SYSTEMPATH\View\View.php(216): CodeIgniter\View\View->CodeIgniter\View\{closure}()
 3 SYSTEMPATH\Common.php(1134): CodeIgniter\View\View->render('Recruiters/Dashboard', [], true)
 4 APPPATH\Controllers\RecruiterC.php(29): view('Recruiters/Dashboard', [...])
 5 SYSTEMPATH\CodeIgniter.php(927): App\Controllers\RecruiterC->dashboard()
 6 SYSTEMPATH\CodeIgniter.php(482): CodeIgniter\CodeIgniter->runController(Object(App\Controllers\RecruiterC))
 7 SYSTEMPATH\CodeIgniter.php(351): CodeIgniter\CodeIgniter->handleRequest(null, Object(Config\Cache), false)
 8 FCPATH\index.php(67): CodeIgniter\CodeIgniter->run()
CRITICAL - 2023-08-07 03:02:46 --> Undefined variable $approvedApplicantsCount
in APPPATH\Views\Recruiters\Dashboard.php on line 59.
 1 APPPATH\Views\Recruiters\Dashboard.php(59): CodeIgniter\Debug\Exceptions->errorHandler(2, 'Undefined variable $approvedApplicantsCount', 'APPPATH\\Views\\Recruiters\\Dashboard.php', 59)
 2 SYSTEMPATH\View\View.php(213): include('APPPATH\\Views\\Recruiters\\Dashboard.php')
 3 SYSTEMPATH\View\View.php(216): CodeIgniter\View\View->CodeIgniter\View\{closure}()
 4 SYSTEMPATH\Common.php(1134): CodeIgniter\View\View->render('Recruiters/Dashboard', [], true)
 5 APPPATH\Controllers\RecruiterC.php(29): view('Recruiters/Dashboard', [...])
 6 SYSTEMPATH\CodeIgniter.php(927): App\Controllers\RecruiterC->dashboard()
 7 SYSTEMPATH\CodeIgniter.php(482): CodeIgniter\CodeIgniter->runController(Object(App\Controllers\RecruiterC))
 8 SYSTEMPATH\CodeIgniter.php(351): CodeIgniter\CodeIgniter->handleRequest(null, Object(Config\Cache), false)
 9 FCPATH\index.php(67): CodeIgniter\CodeIgniter->run()
CRITICAL - 2023-08-07 02:05:56 --> count(): Argument #1 ($value) must be of type Countable|array, null given
in APPPATH\Views\Recruiters\Dashboard.php on line 54.
 1 SYSTEMPATH\View\View.php(213): include()
 2 SYSTEMPATH\View\View.php(216): CodeIgniter\View\View->CodeIgniter\View\{closure}()
 3 SYSTEMPATH\Common.php(1134): CodeIgniter\View\View->render('Recruiters/Dashboard', [], true)
 4 APPPATH\Controllers\RecruiterC.php(29): view('Recruiters/Dashboard', [...])
 5 SYSTEMPATH\CodeIgniter.php(927): App\Controllers\RecruiterC->dashboard()
 6 SYSTEMPATH\CodeIgniter.php(482): CodeIgniter\CodeIgniter->runController(Object(App\Controllers\RecruiterC))
 7 SYSTEMPATH\CodeIgniter.php(351): CodeIgniter\CodeIgniter->handleRequest(null, Object(Config\Cache), false)
 8 FCPATH\index.php(67): CodeIgniter\CodeIgniter->run()
CRITICAL - 2023-08-07 02:07:03 --> count(): Argument #1 ($value) must be of type Countable|array, null given
in APPPATH\Views\Recruiters\Dashboard.php on line 54.
 1 SYSTEMPATH\View\View.php(213): include()
 2 SYSTEMPATH\View\View.php(216): CodeIgniter\View\View->CodeIgniter\View\{closure}()
 3 SYSTEMPATH\Common.php(1134): CodeIgniter\View\View->render('Recruiters/Dashboard', [], true)
 4 APPPATH\Controllers\RecruiterC.php(29): view('Recruiters/Dashboard', [...])
 5 SYSTEMPATH\CodeIgniter.php(927): App\Controllers\RecruiterC->dashboard()
 6 SYSTEMPATH\CodeIgniter.php(482): CodeIgniter\CodeIgniter->runController(Object(App\Controllers\RecruiterC))
 7 SYSTEMPATH\CodeIgniter.php(351): CodeIgniter\CodeIgniter->handleRequest(null, Object(Config\Cache), false)
 8 FCPATH\index.php(67): CodeIgniter\CodeIgniter->run()
CRITICAL - 2023-08-07 02:07:23 --> count(): Argument #1 ($value) must be of type Countable|array, null given
in APPPATH\Views\Recruiters\Dashboard.php on line 54.
 1 SYSTEMPATH\View\View.php(213): include()
 2 SYSTEMPATH\View\View.php(216): CodeIgniter\View\View->CodeIgniter\View\{closure}()
 3 SYSTEMPATH\Common.php(1134): CodeIgniter\View\View->render('Recruiters/Dashboard', [], true)
 4 APPPATH\Controllers\Home.php(132): view('Recruiters/Dashboard', [...])
 5 SYSTEMPATH\CodeIgniter.php(927): App\Controllers\Home->LoginVerify()
 6 SYSTEMPATH\CodeIgniter.php(482): CodeIgniter\CodeIgniter->runController(Object(App\Controllers\Home))
 7 SYSTEMPATH\CodeIgniter.php(351): CodeIgniter\CodeIgniter->handleRequest(null, Object(Config\Cache), false)
 8 FCPATH\index.php(67): CodeIgniter\CodeIgniter->run()
CRITICAL - 2023-08-07 02:07:49 --> Undefined variable $approvedApplicantsCount
in APPPATH\Views\Recruiters\Dashboard.php on line 60.
 1 APPPATH\Views\Recruiters\Dashboard.php(60): CodeIgniter\Debug\Exceptions->errorHandler(2, 'Undefined variable $approvedApplicantsCount', 'APPPATH\\Views\\Recruiters\\Dashboard.php', 60)
 2 SYSTEMPATH\View\View.php(213): include('APPPATH\\Views\\Recruiters\\Dashboard.php')
 3 SYSTEMPATH\View\View.php(216): CodeIgniter\View\View->CodeIgniter\View\{closure}()
 4 SYSTEMPATH\Common.php(1134): CodeIgniter\View\View->render('Recruiters/Dashboard', [], true)
 5 APPPATH\Controllers\Home.php(132): view('Recruiters/Dashboard', [...])
 6 SYSTEMPATH\CodeIgniter.php(927): App\Controllers\Home->LoginVerify()
 7 SYSTEMPATH\CodeIgniter.php(482): CodeIgniter\CodeIgniter->runController(Object(App\Controllers\Home))
 8 SYSTEMPATH\CodeIgniter.php(351): CodeIgniter\CodeIgniter->handleRequest(null, Object(Config\Cache), false)
 9 FCPATH\index.php(67): CodeIgniter\CodeIgniter->run()
