CRITICAL - 2023-08-09 09:39:44 --> Undefined array key "admin"
in APPPATH\Views\Admin\Recruiterslist.php on line 50.
 1 APPPATH\Views\Admin\Recruiterslist.php(50): CodeIgniter\Debug\Exceptions->errorHandler(2, 'Undefined array key "admin"', 'APPPATH\\Views\\Admin\\Recruiterslist.php', 50)
 2 SYSTEMPATH\View\View.php(213): include('APPPATH\\Views\\Admin\\Recruiterslist.php')
 3 SYSTEMPATH\View\View.php(216): CodeIgniter\View\View->CodeIgniter\View\{closure}()
 4 SYSTEMPATH\Common.php(1134): CodeIgniter\View\View->render('Admin/Recruiterslist', [], true)
 5 APPPATH\Controllers\AdminC.php(208): view('Admin/Recruiterslist', [...])
 6 SYSTEMPATH\CodeIgniter.php(927): App\Controllers\AdminC->rList()
 7 SYSTEMPATH\CodeIgniter.php(482): CodeIgniter\CodeIgniter->runController(Object(App\Controllers\AdminC))
 8 SYSTEMPATH\CodeIgniter.php(351): CodeIgniter\CodeIgniter->handleRequest(null, Object(Config\Cache), false)
 9 FCPATH\index.php(67): CodeIgniter\CodeIgniter->run()
CRITICAL - 2023-08-09 09:40:39 --> Undefined constant "hi"
in APPPATH\Views\Admin\Recruiterslist.php on line 51.
 1 SYSTEMPATH\View\View.php(213): include()
 2 SYSTEMPATH\View\View.php(216): CodeIgniter\View\View->CodeIgniter\View\{closure}()
 3 SYSTEMPATH\Common.php(1134): CodeIgniter\View\View->render('Admin/Recruiterslist', [], true)
 4 APPPATH\Controllers\AdminC.php(208): view('Admin/Recruiterslist', [...])
 5 SYSTEMPATH\CodeIgniter.php(927): App\Controllers\AdminC->rList()
 6 SYSTEMPATH\CodeIgniter.php(482): CodeIgniter\CodeIgniter->runController(Object(App\Controllers\AdminC))
 7 SYSTEMPATH\CodeIgniter.php(351): CodeIgniter\CodeIgniter->handleRequest(null, Object(Config\Cache), false)
 8 FCPATH\index.php(67): CodeIgniter\CodeIgniter->run()
CRITICAL - 2023-08-09 09:40:40 --> Undefined constant "hi"
in APPPATH\Views\Admin\Recruiterslist.php on line 51.
 1 SYSTEMPATH\View\View.php(213): include()
 2 SYSTEMPATH\View\View.php(216): CodeIgniter\View\View->CodeIgniter\View\{closure}()
 3 SYSTEMPATH\Common.php(1134): CodeIgniter\View\View->render('Admin/Recruiterslist', [], true)
 4 APPPATH\Controllers\AdminC.php(208): view('Admin/Recruiterslist', [...])
 5 SYSTEMPATH\CodeIgniter.php(927): App\Controllers\AdminC->rList()
 6 SYSTEMPATH\CodeIgniter.php(482): CodeIgniter\CodeIgniter->runController(Object(App\Controllers\AdminC))
 7 SYSTEMPATH\CodeIgniter.php(351): CodeIgniter\CodeIgniter->handleRequest(null, Object(Config\Cache), false)
 8 FCPATH\index.php(67): CodeIgniter\CodeIgniter->run()
CRITICAL - 2023-08-09 09:40:54 --> Undefined array key "admin"
in APPPATH\Views\Admin\Recruiterslist.php on line 54.
 1 APPPATH\Views\Admin\Recruiterslist.php(54): CodeIgniter\Debug\Exceptions->errorHandler(2, 'Undefined array key "admin"', 'APPPATH\\Views\\Admin\\Recruiterslist.php', 54)
 2 SYSTEMPATH\View\View.php(213): include('APPPATH\\Views\\Admin\\Recruiterslist.php')
 3 SYSTEMPATH\View\View.php(216): CodeIgniter\View\View->CodeIgniter\View\{closure}()
 4 SYSTEMPATH\Common.php(1134): CodeIgniter\View\View->render('Admin/Recruiterslist', [], true)
 5 APPPATH\Controllers\AdminC.php(208): view('Admin/Recruiterslist', [...])
 6 SYSTEMPATH\CodeIgniter.php(927): App\Controllers\AdminC->rList()
 7 SYSTEMPATH\CodeIgniter.php(482): CodeIgniter\CodeIgniter->runController(Object(App\Controllers\AdminC))
 8 SYSTEMPATH\CodeIgniter.php(351): CodeIgniter\CodeIgniter->handleRequest(null, Object(Config\Cache), false)
 9 FCPATH\index.php(67): CodeIgniter\CodeIgniter->run()
CRITICAL - 2023-08-09 09:41:38 --> Undefined array key "admin"
in APPPATH\Views\Admin\Recruiterslist.php on line 54.
 1 APPPATH\Views\Admin\Recruiterslist.php(54): CodeIgniter\Debug\Exceptions->errorHandler(2, 'Undefined array key "admin"', 'APPPATH\\Views\\Admin\\Recruiterslist.php', 54)
 2 SYSTEMPATH\View\View.php(213): include('APPPATH\\Views\\Admin\\Recruiterslist.php')
 3 SYSTEMPATH\View\View.php(216): CodeIgniter\View\View->CodeIgniter\View\{closure}()
 4 SYSTEMPATH\Common.php(1134): CodeIgniter\View\View->render('Admin/Recruiterslist', [], true)
 5 APPPATH\Controllers\AdminC.php(208): view('Admin/Recruiterslist', [...])
 6 SYSTEMPATH\CodeIgniter.php(927): App\Controllers\AdminC->rList()
 7 SYSTEMPATH\CodeIgniter.php(482): CodeIgniter\CodeIgniter->runController(Object(App\Controllers\AdminC))
 8 SYSTEMPATH\CodeIgniter.php(351): CodeIgniter\CodeIgniter->handleRequest(null, Object(Config\Cache), false)
 9 FCPATH\index.php(67): CodeIgniter\CodeIgniter->run()
CRITICAL - 2023-08-09 09:43:26 --> view(): Argument #2 ($data) must be of type array, null given, called in D:\xampp\htdocs\MyJobPortal\app\Controllers\AdminC.php on line 212
in SYSTEMPATH\Common.php on line 1120.
 1 APPPATH\Controllers\AdminC.php(212): view('Admin/Recruiterslist', null, [...])
 2 SYSTEMPATH\CodeIgniter.php(927): App\Controllers\AdminC->rList()
 3 SYSTEMPATH\CodeIgniter.php(482): CodeIgniter\CodeIgniter->runController(Object(App\Controllers\AdminC))
 4 SYSTEMPATH\CodeIgniter.php(351): CodeIgniter\CodeIgniter->handleRequest(null, Object(Config\Cache), false)
 5 FCPATH\index.php(67): CodeIgniter\CodeIgniter->run()
CRITICAL - 2023-08-09 09:53:09 --> Undefined global variable $_SESSION
in APPPATH\Views\Admin\Recruiterslist.php on line 49.
 1 APPPATH\Views\Admin\Recruiterslist.php(49): CodeIgniter\Debug\Exceptions->errorHandler(2, 'Undefined global variable $_SESSION', 'APPPATH\\Views\\Admin\\Recruiterslist.php', 49)
 2 SYSTEMPATH\View\View.php(213): include('APPPATH\\Views\\Admin\\Recruiterslist.php')
 3 SYSTEMPATH\View\View.php(216): CodeIgniter\View\View->CodeIgniter\View\{closure}()
 4 SYSTEMPATH\Common.php(1134): CodeIgniter\View\View->render('Admin/Recruiterslist', [], true)
 5 APPPATH\Controllers\AdminC.php(209): view('Admin/Recruiterslist', [...])
 6 SYSTEMPATH\CodeIgniter.php(927): App\Controllers\AdminC->rList()
 7 SYSTEMPATH\CodeIgniter.php(482): CodeIgniter\CodeIgniter->runController(Object(App\Controllers\AdminC))
 8 SYSTEMPATH\CodeIgniter.php(351): CodeIgniter\CodeIgniter->handleRequest(null, Object(Config\Cache), false)
 9 FCPATH\index.php(67): CodeIgniter\CodeIgniter->run()
CRITICAL - 2023-08-09 09:53:12 --> Undefined global variable $_SESSION
in APPPATH\Views\Admin\Recruiterslist.php on line 49.
 1 APPPATH\Views\Admin\Recruiterslist.php(49): CodeIgniter\Debug\Exceptions->errorHandler(2, 'Undefined global variable $_SESSION', 'APPPATH\\Views\\Admin\\Recruiterslist.php', 49)
 2 SYSTEMPATH\View\View.php(213): include('APPPATH\\Views\\Admin\\Recruiterslist.php')
 3 SYSTEMPATH\View\View.php(216): CodeIgniter\View\View->CodeIgniter\View\{closure}()
 4 SYSTEMPATH\Common.php(1134): CodeIgniter\View\View->render('Admin/Recruiterslist', [], true)
 5 APPPATH\Controllers\AdminC.php(209): view('Admin/Recruiterslist', [...])
 6 SYSTEMPATH\CodeIgniter.php(927): App\Controllers\AdminC->rList()
 7 SYSTEMPATH\CodeIgniter.php(482): CodeIgniter\CodeIgniter->runController(Object(App\Controllers\AdminC))
 8 SYSTEMPATH\CodeIgniter.php(351): CodeIgniter\CodeIgniter->handleRequest(null, Object(Config\Cache), false)
 9 FCPATH\index.php(67): CodeIgniter\CodeIgniter->run()
CRITICAL - 2023-08-09 09:55:11 --> Undefined variable $recruiters
in APPPATH\Views\Admin\Recruiterslist.php on line 60.
 1 APPPATH\Views\Admin\Recruiterslist.php(60): CodeIgniter\Debug\Exceptions->errorHandler(2, 'Undefined variable $recruiters', 'APPPATH\\Views\\Admin\\Recruiterslist.php', 60)
 2 SYSTEMPATH\View\View.php(213): include('APPPATH\\Views\\Admin\\Recruiterslist.php')
 3 SYSTEMPATH\View\View.php(216): CodeIgniter\View\View->CodeIgniter\View\{closure}()
 4 SYSTEMPATH\Common.php(1134): CodeIgniter\View\View->render('Admin/Recruiterslist', [], true)
 5 APPPATH\Controllers\AdminC.php(212): view('Admin/Recruiterslist', [...])
 6 SYSTEMPATH\CodeIgniter.php(927): App\Controllers\AdminC->rList()
 7 SYSTEMPATH\CodeIgniter.php(482): CodeIgniter\CodeIgniter->runController(Object(App\Controllers\AdminC))
 8 SYSTEMPATH\CodeIgniter.php(351): CodeIgniter\CodeIgniter->handleRequest(null, Object(Config\Cache), false)
 9 FCPATH\index.php(67): CodeIgniter\CodeIgniter->run()
CRITICAL - 2023-08-09 09:56:45 --> Array to string conversion
in APPPATH\Controllers\AdminC.php on line 211.
 1 APPPATH\Controllers\AdminC.php(211): CodeIgniter\Debug\Exceptions->errorHandler(2, 'Array to string conversion', 'APPPATH\\Controllers\\AdminC.php', 211)
 2 SYSTEMPATH\CodeIgniter.php(927): App\Controllers\AdminC->rList()
 3 SYSTEMPATH\CodeIgniter.php(482): CodeIgniter\CodeIgniter->runController(Object(App\Controllers\AdminC))
 4 SYSTEMPATH\CodeIgniter.php(351): CodeIgniter\CodeIgniter->handleRequest(null, Object(Config\Cache), false)
 5 FCPATH\index.php(67): CodeIgniter\CodeIgniter->run()
CRITICAL - 2023-08-09 09:56:47 --> Array to string conversion
in APPPATH\Controllers\AdminC.php on line 211.
 1 APPPATH\Controllers\AdminC.php(211): CodeIgniter\Debug\Exceptions->errorHandler(2, 'Array to string conversion', 'APPPATH\\Controllers\\AdminC.php', 211)
 2 SYSTEMPATH\CodeIgniter.php(927): App\Controllers\AdminC->rList()
 3 SYSTEMPATH\CodeIgniter.php(482): CodeIgniter\CodeIgniter->runController(Object(App\Controllers\AdminC))
 4 SYSTEMPATH\CodeIgniter.php(351): CodeIgniter\CodeIgniter->handleRequest(null, Object(Config\Cache), false)
 5 FCPATH\index.php(67): CodeIgniter\CodeIgniter->run()
CRITICAL - 2023-08-09 09:56:48 --> Array to string conversion
in APPPATH\Controllers\AdminC.php on line 211.
 1 APPPATH\Controllers\AdminC.php(211): CodeIgniter\Debug\Exceptions->errorHandler(2, 'Array to string conversion', 'APPPATH\\Controllers\\AdminC.php', 211)
 2 SYSTEMPATH\CodeIgniter.php(927): App\Controllers\AdminC->rList()
 3 SYSTEMPATH\CodeIgniter.php(482): CodeIgniter\CodeIgniter->runController(Object(App\Controllers\AdminC))
 4 SYSTEMPATH\CodeIgniter.php(351): CodeIgniter\CodeIgniter->handleRequest(null, Object(Config\Cache), false)
 5 FCPATH\index.php(67): CodeIgniter\CodeIgniter->run()
CRITICAL - 2023-08-09 09:57:06 --> Undefined constant "App\Controllers\name"
in APPPATH\Controllers\AdminC.php on line 211.
 1 SYSTEMPATH\CodeIgniter.php(927): App\Controllers\AdminC->rList()
 2 SYSTEMPATH\CodeIgniter.php(482): CodeIgniter\CodeIgniter->runController(Object(App\Controllers\AdminC))
 3 SYSTEMPATH\CodeIgniter.php(351): CodeIgniter\CodeIgniter->handleRequest(null, Object(Config\Cache), false)
 4 FCPATH\index.php(67): CodeIgniter\CodeIgniter->run()
CRITICAL - 2023-08-09 09:57:07 --> Undefined constant "App\Controllers\name"
in APPPATH\Controllers\AdminC.php on line 211.
 1 SYSTEMPATH\CodeIgniter.php(927): App\Controllers\AdminC->rList()
 2 SYSTEMPATH\CodeIgniter.php(482): CodeIgniter\CodeIgniter->runController(Object(App\Controllers\AdminC))
 3 SYSTEMPATH\CodeIgniter.php(351): CodeIgniter\CodeIgniter->handleRequest(null, Object(Config\Cache), false)
 4 FCPATH\index.php(67): CodeIgniter\CodeIgniter->run()
CRITICAL - 2023-08-09 09:57:54 --> Array to string conversion
in APPPATH\Controllers\AdminC.php on line 211.
 1 APPPATH\Controllers\AdminC.php(211): CodeIgniter\Debug\Exceptions->errorHandler(2, 'Array to string conversion', 'APPPATH\\Controllers\\AdminC.php', 211)
 2 SYSTEMPATH\CodeIgniter.php(927): App\Controllers\AdminC->rList()
 3 SYSTEMPATH\CodeIgniter.php(482): CodeIgniter\CodeIgniter->runController(Object(App\Controllers\AdminC))
 4 SYSTEMPATH\CodeIgniter.php(351): CodeIgniter\CodeIgniter->handleRequest(null, Object(Config\Cache), false)
 5 FCPATH\index.php(67): CodeIgniter\CodeIgniter->run()
CRITICAL - 2023-08-09 09:57:58 --> Array to string conversion
in APPPATH\Controllers\AdminC.php on line 211.
 1 APPPATH\Controllers\AdminC.php(211): CodeIgniter\Debug\Exceptions->errorHandler(2, 'Array to string conversion', 'APPPATH\\Controllers\\AdminC.php', 211)
 2 SYSTEMPATH\CodeIgniter.php(927): App\Controllers\AdminC->rList()
 3 SYSTEMPATH\CodeIgniter.php(482): CodeIgniter\CodeIgniter->runController(Object(App\Controllers\AdminC))
 4 SYSTEMPATH\CodeIgniter.php(351): CodeIgniter\CodeIgniter->handleRequest(null, Object(Config\Cache), false)
 5 FCPATH\index.php(67): CodeIgniter\CodeIgniter->run()
CRITICAL - 2023-08-09 09:57:59 --> Array to string conversion
in APPPATH\Controllers\AdminC.php on line 211.
 1 APPPATH\Controllers\AdminC.php(211): CodeIgniter\Debug\Exceptions->errorHandler(2, 'Array to string conversion', 'APPPATH\\Controllers\\AdminC.php', 211)
 2 SYSTEMPATH\CodeIgniter.php(927): App\Controllers\AdminC->rList()
 3 SYSTEMPATH\CodeIgniter.php(482): CodeIgniter\CodeIgniter->runController(Object(App\Controllers\AdminC))
 4 SYSTEMPATH\CodeIgniter.php(351): CodeIgniter\CodeIgniter->handleRequest(null, Object(Config\Cache), false)
 5 FCPATH\index.php(67): CodeIgniter\CodeIgniter->run()
CRITICAL - 2023-08-09 09:58:19 --> Undefined variable $recruiters
in APPPATH\Views\Admin\Recruiterslist.php on line 60.
 1 APPPATH\Views\Admin\Recruiterslist.php(60): CodeIgniter\Debug\Exceptions->errorHandler(2, 'Undefined variable $recruiters', 'APPPATH\\Views\\Admin\\Recruiterslist.php', 60)
 2 SYSTEMPATH\View\View.php(213): include('APPPATH\\Views\\Admin\\Recruiterslist.php')
 3 SYSTEMPATH\View\View.php(216): CodeIgniter\View\View->CodeIgniter\View\{closure}()
 4 SYSTEMPATH\Common.php(1134): CodeIgniter\View\View->render('Admin/Recruiterslist', [], true)
 5 APPPATH\Controllers\AdminC.php(211): view('Admin/Recruiterslist', [...])
 6 SYSTEMPATH\CodeIgniter.php(927): App\Controllers\AdminC->rList()
 7 SYSTEMPATH\CodeIgniter.php(482): CodeIgniter\CodeIgniter->runController(Object(App\Controllers\AdminC))
 8 SYSTEMPATH\CodeIgniter.php(351): CodeIgniter\CodeIgniter->handleRequest(null, Object(Config\Cache), false)
 9 FCPATH\index.php(67): CodeIgniter\CodeIgniter->run()
CRITICAL - 2023-08-09 09:58:59 --> Undefined variable $recruiters1
in APPPATH\Views\Admin\Recruiterslist.php on line 60.
 1 APPPATH\Views\Admin\Recruiterslist.php(60): CodeIgniter\Debug\Exceptions->errorHandler(2, 'Undefined variable $recruiters1', 'APPPATH\\Views\\Admin\\Recruiterslist.php', 60)
 2 SYSTEMPATH\View\View.php(213): include('APPPATH\\Views\\Admin\\Recruiterslist.php')
 3 SYSTEMPATH\View\View.php(216): CodeIgniter\View\View->CodeIgniter\View\{closure}()
 4 SYSTEMPATH\Common.php(1134): CodeIgniter\View\View->render('Admin/Recruiterslist', [], true)
 5 APPPATH\Controllers\AdminC.php(211): view('Admin/Recruiterslist', [...])
 6 SYSTEMPATH\CodeIgniter.php(927): App\Controllers\AdminC->rList()
 7 SYSTEMPATH\CodeIgniter.php(482): CodeIgniter\CodeIgniter->runController(Object(App\Controllers\AdminC))
 8 SYSTEMPATH\CodeIgniter.php(351): CodeIgniter\CodeIgniter->handleRequest(null, Object(Config\Cache), false)
 9 FCPATH\index.php(67): CodeIgniter\CodeIgniter->run()
CRITICAL - 2023-08-09 09:59:00 --> Undefined variable $recruiters1
in APPPATH\Views\Admin\Recruiterslist.php on line 60.
 1 APPPATH\Views\Admin\Recruiterslist.php(60): CodeIgniter\Debug\Exceptions->errorHandler(2, 'Undefined variable $recruiters1', 'APPPATH\\Views\\Admin\\Recruiterslist.php', 60)
 2 SYSTEMPATH\View\View.php(213): include('APPPATH\\Views\\Admin\\Recruiterslist.php')
 3 SYSTEMPATH\View\View.php(216): CodeIgniter\View\View->CodeIgniter\View\{closure}()
 4 SYSTEMPATH\Common.php(1134): CodeIgniter\View\View->render('Admin/Recruiterslist', [], true)
 5 APPPATH\Controllers\AdminC.php(211): view('Admin/Recruiterslist', [...])
 6 SYSTEMPATH\CodeIgniter.php(927): App\Controllers\AdminC->rList()
 7 SYSTEMPATH\CodeIgniter.php(482): CodeIgniter\CodeIgniter->runController(Object(App\Controllers\AdminC))
 8 SYSTEMPATH\CodeIgniter.php(351): CodeIgniter\CodeIgniter->handleRequest(null, Object(Config\Cache), false)
 9 FCPATH\index.php(67): CodeIgniter\CodeIgniter->run()
CRITICAL - 2023-08-09 09:59:46 --> Undefined variable $recruiters1
in APPPATH\Views\Admin\Recruiterslist.php on line 60.
 1 APPPATH\Views\Admin\Recruiterslist.php(60): CodeIgniter\Debug\Exceptions->errorHandler(2, 'Undefined variable $recruiters1', 'APPPATH\\Views\\Admin\\Recruiterslist.php', 60)
 2 SYSTEMPATH\View\View.php(213): include('APPPATH\\Views\\Admin\\Recruiterslist.php')
 3 SYSTEMPATH\View\View.php(216): CodeIgniter\View\View->CodeIgniter\View\{closure}()
 4 SYSTEMPATH\Common.php(1134): CodeIgniter\View\View->render('Admin/Recruiterslist', [], true)
 5 APPPATH\Controllers\AdminC.php(211): view('Admin/Recruiterslist', [...])
 6 SYSTEMPATH\CodeIgniter.php(927): App\Controllers\AdminC->rList()
 7 SYSTEMPATH\CodeIgniter.php(482): CodeIgniter\CodeIgniter->runController(Object(App\Controllers\AdminC))
 8 SYSTEMPATH\CodeIgniter.php(351): CodeIgniter\CodeIgniter->handleRequest(null, Object(Config\Cache), false)
 9 FCPATH\index.php(67): CodeIgniter\CodeIgniter->run()
CRITICAL - 2023-08-09 09:59:47 --> Undefined variable $recruiters1
in APPPATH\Views\Admin\Recruiterslist.php on line 60.
 1 APPPATH\Views\Admin\Recruiterslist.php(60): CodeIgniter\Debug\Exceptions->errorHandler(2, 'Undefined variable $recruiters1', 'APPPATH\\Views\\Admin\\Recruiterslist.php', 60)
 2 SYSTEMPATH\View\View.php(213): include('APPPATH\\Views\\Admin\\Recruiterslist.php')
 3 SYSTEMPATH\View\View.php(216): CodeIgniter\View\View->CodeIgniter\View\{closure}()
 4 SYSTEMPATH\Common.php(1134): CodeIgniter\View\View->render('Admin/Recruiterslist', [], true)
 5 APPPATH\Controllers\AdminC.php(211): view('Admin/Recruiterslist', [...])
 6 SYSTEMPATH\CodeIgniter.php(927): App\Controllers\AdminC->rList()
 7 SYSTEMPATH\CodeIgniter.php(482): CodeIgniter\CodeIgniter->runController(Object(App\Controllers\AdminC))
 8 SYSTEMPATH\CodeIgniter.php(351): CodeIgniter\CodeIgniter->handleRequest(null, Object(Config\Cache), false)
 9 FCPATH\index.php(67): CodeIgniter\CodeIgniter->run()
CRITICAL - 2023-08-09 09:59:47 --> Undefined variable $recruiters1
in APPPATH\Views\Admin\Recruiterslist.php on line 60.
 1 APPPATH\Views\Admin\Recruiterslist.php(60): CodeIgniter\Debug\Exceptions->errorHandler(2, 'Undefined variable $recruiters1', 'APPPATH\\Views\\Admin\\Recruiterslist.php', 60)
 2 SYSTEMPATH\View\View.php(213): include('APPPATH\\Views\\Admin\\Recruiterslist.php')
 3 SYSTEMPATH\View\View.php(216): CodeIgniter\View\View->CodeIgniter\View\{closure}()
 4 SYSTEMPATH\Common.php(1134): CodeIgniter\View\View->render('Admin/Recruiterslist', [], true)
 5 APPPATH\Controllers\AdminC.php(211): view('Admin/Recruiterslist', [...])
 6 SYSTEMPATH\CodeIgniter.php(927): App\Controllers\AdminC->rList()
 7 SYSTEMPATH\CodeIgniter.php(482): CodeIgniter\CodeIgniter->runController(Object(App\Controllers\AdminC))
 8 SYSTEMPATH\CodeIgniter.php(351): CodeIgniter\CodeIgniter->handleRequest(null, Object(Config\Cache), false)
 9 FCPATH\index.php(67): CodeIgniter\CodeIgniter->run()
CRITICAL - 2023-08-09 10:00:14 --> Undefined variable $recruiters1
in APPPATH\Views\Admin\Recruiterslist.php on line 60.
 1 APPPATH\Views\Admin\Recruiterslist.php(60): CodeIgniter\Debug\Exceptions->errorHandler(2, 'Undefined variable $recruiters1', 'APPPATH\\Views\\Admin\\Recruiterslist.php', 60)
 2 SYSTEMPATH\View\View.php(213): include('APPPATH\\Views\\Admin\\Recruiterslist.php')
 3 SYSTEMPATH\View\View.php(216): CodeIgniter\View\View->CodeIgniter\View\{closure}()
 4 SYSTEMPATH\Common.php(1134): CodeIgniter\View\View->render('Admin/Recruiterslist', [], true)
 5 APPPATH\Controllers\AdminC.php(211): view('Admin/Recruiterslist', [...])
 6 SYSTEMPATH\CodeIgniter.php(927): App\Controllers\AdminC->rList()
 7 SYSTEMPATH\CodeIgniter.php(482): CodeIgniter\CodeIgniter->runController(Object(App\Controllers\AdminC))
 8 SYSTEMPATH\CodeIgniter.php(351): CodeIgniter\CodeIgniter->handleRequest(null, Object(Config\Cache), false)
 9 FCPATH\index.php(67): CodeIgniter\CodeIgniter->run()
CRITICAL - 2023-08-09 10:00:16 --> Undefined variable $recruiters1
in APPPATH\Views\Admin\Recruiterslist.php on line 60.
 1 APPPATH\Views\Admin\Recruiterslist.php(60): CodeIgniter\Debug\Exceptions->errorHandler(2, 'Undefined variable $recruiters1', 'APPPATH\\Views\\Admin\\Recruiterslist.php', 60)
 2 SYSTEMPATH\View\View.php(213): include('APPPATH\\Views\\Admin\\Recruiterslist.php')
 3 SYSTEMPATH\View\View.php(216): CodeIgniter\View\View->CodeIgniter\View\{closure}()
 4 SYSTEMPATH\Common.php(1134): CodeIgniter\View\View->render('Admin/Recruiterslist', [], true)
 5 APPPATH\Controllers\AdminC.php(211): view('Admin/Recruiterslist', [...])
 6 SYSTEMPATH\CodeIgniter.php(927): App\Controllers\AdminC->rList()
 7 SYSTEMPATH\CodeIgniter.php(482): CodeIgniter\CodeIgniter->runController(Object(App\Controllers\AdminC))
 8 SYSTEMPATH\CodeIgniter.php(351): CodeIgniter\CodeIgniter->handleRequest(null, Object(Config\Cache), false)
 9 FCPATH\index.php(67): CodeIgniter\CodeIgniter->run()
CRITICAL - 2023-08-09 10:00:17 --> Undefined variable $recruiters1
in APPPATH\Views\Admin\Recruiterslist.php on line 60.
 1 APPPATH\Views\Admin\Recruiterslist.php(60): CodeIgniter\Debug\Exceptions->errorHandler(2, 'Undefined variable $recruiters1', 'APPPATH\\Views\\Admin\\Recruiterslist.php', 60)
 2 SYSTEMPATH\View\View.php(213): include('APPPATH\\Views\\Admin\\Recruiterslist.php')
 3 SYSTEMPATH\View\View.php(216): CodeIgniter\View\View->CodeIgniter\View\{closure}()
 4 SYSTEMPATH\Common.php(1134): CodeIgniter\View\View->render('Admin/Recruiterslist', [], true)
 5 APPPATH\Controllers\AdminC.php(211): view('Admin/Recruiterslist', [...])
 6 SYSTEMPATH\CodeIgniter.php(927): App\Controllers\AdminC->rList()
 7 SYSTEMPATH\CodeIgniter.php(482): CodeIgniter\CodeIgniter->runController(Object(App\Controllers\AdminC))
 8 SYSTEMPATH\CodeIgniter.php(351): CodeIgniter\CodeIgniter->handleRequest(null, Object(Config\Cache), false)
 9 FCPATH\index.php(67): CodeIgniter\CodeIgniter->run()
CRITICAL - 2023-08-09 10:00:17 --> Undefined variable $recruiters1
in APPPATH\Views\Admin\Recruiterslist.php on line 60.
 1 APPPATH\Views\Admin\Recruiterslist.php(60): CodeIgniter\Debug\Exceptions->errorHandler(2, 'Undefined variable $recruiters1', 'APPPATH\\Views\\Admin\\Recruiterslist.php', 60)
 2 SYSTEMPATH\View\View.php(213): include('APPPATH\\Views\\Admin\\Recruiterslist.php')
 3 SYSTEMPATH\View\View.php(216): CodeIgniter\View\View->CodeIgniter\View\{closure}()
 4 SYSTEMPATH\Common.php(1134): CodeIgniter\View\View->render('Admin/Recruiterslist', [], true)
 5 APPPATH\Controllers\AdminC.php(211): view('Admin/Recruiterslist', [...])
 6 SYSTEMPATH\CodeIgniter.php(927): App\Controllers\AdminC->rList()
 7 SYSTEMPATH\CodeIgniter.php(482): CodeIgniter\CodeIgniter->runController(Object(App\Controllers\AdminC))
 8 SYSTEMPATH\CodeIgniter.php(351): CodeIgniter\CodeIgniter->handleRequest(null, Object(Config\Cache), false)
 9 FCPATH\index.php(67): CodeIgniter\CodeIgniter->run()
CRITICAL - 2023-08-09 10:01:29 --> Undefined variable $recruiters1
in APPPATH\Views\Admin\Recruiterslist.php on line 60.
 1 APPPATH\Views\Admin\Recruiterslist.php(60): CodeIgniter\Debug\Exceptions->errorHandler(2, 'Undefined variable $recruiters1', 'APPPATH\\Views\\Admin\\Recruiterslist.php', 60)
 2 SYSTEMPATH\View\View.php(213): include('APPPATH\\Views\\Admin\\Recruiterslist.php')
 3 SYSTEMPATH\View\View.php(216): CodeIgniter\View\View->CodeIgniter\View\{closure}()
 4 SYSTEMPATH\Common.php(1134): CodeIgniter\View\View->render('Admin/Recruiterslist', [], true)
 5 APPPATH\Controllers\AdminC.php(211): view('Admin/Recruiterslist', [...])
 6 SYSTEMPATH\CodeIgniter.php(927): App\Controllers\AdminC->rList()
 7 SYSTEMPATH\CodeIgniter.php(482): CodeIgniter\CodeIgniter->runController(Object(App\Controllers\AdminC))
 8 SYSTEMPATH\CodeIgniter.php(351): CodeIgniter\CodeIgniter->handleRequest(null, Object(Config\Cache), false)
 9 FCPATH\index.php(67): CodeIgniter\CodeIgniter->run()
CRITICAL - 2023-08-09 10:01:30 --> Undefined variable $recruiters1
in APPPATH\Views\Admin\Recruiterslist.php on line 60.
 1 APPPATH\Views\Admin\Recruiterslist.php(60): CodeIgniter\Debug\Exceptions->errorHandler(2, 'Undefined variable $recruiters1', 'APPPATH\\Views\\Admin\\Recruiterslist.php', 60)
 2 SYSTEMPATH\View\View.php(213): include('APPPATH\\Views\\Admin\\Recruiterslist.php')
 3 SYSTEMPATH\View\View.php(216): CodeIgniter\View\View->CodeIgniter\View\{closure}()
 4 SYSTEMPATH\Common.php(1134): CodeIgniter\View\View->render('Admin/Recruiterslist', [], true)
 5 APPPATH\Controllers\AdminC.php(211): view('Admin/Recruiterslist', [...])
 6 SYSTEMPATH\CodeIgniter.php(927): App\Controllers\AdminC->rList()
 7 SYSTEMPATH\CodeIgniter.php(482): CodeIgniter\CodeIgniter->runController(Object(App\Controllers\AdminC))
 8 SYSTEMPATH\CodeIgniter.php(351): CodeIgniter\CodeIgniter->handleRequest(null, Object(Config\Cache), false)
 9 FCPATH\index.php(67): CodeIgniter\CodeIgniter->run()
CRITICAL - 2023-08-09 10:01:31 --> Undefined variable $recruiters1
in APPPATH\Views\Admin\Recruiterslist.php on line 60.
 1 APPPATH\Views\Admin\Recruiterslist.php(60): CodeIgniter\Debug\Exceptions->errorHandler(2, 'Undefined variable $recruiters1', 'APPPATH\\Views\\Admin\\Recruiterslist.php', 60)
 2 SYSTEMPATH\View\View.php(213): include('APPPATH\\Views\\Admin\\Recruiterslist.php')
 3 SYSTEMPATH\View\View.php(216): CodeIgniter\View\View->CodeIgniter\View\{closure}()
 4 SYSTEMPATH\Common.php(1134): CodeIgniter\View\View->render('Admin/Recruiterslist', [], true)
 5 APPPATH\Controllers\AdminC.php(211): view('Admin/Recruiterslist', [...])
 6 SYSTEMPATH\CodeIgniter.php(927): App\Controllers\AdminC->rList()
 7 SYSTEMPATH\CodeIgniter.php(482): CodeIgniter\CodeIgniter->runController(Object(App\Controllers\AdminC))
 8 SYSTEMPATH\CodeIgniter.php(351): CodeIgniter\CodeIgniter->handleRequest(null, Object(Config\Cache), false)
 9 FCPATH\index.php(67): CodeIgniter\CodeIgniter->run()
CRITICAL - 2023-08-09 10:01:31 --> Undefined variable $recruiters1
in APPPATH\Views\Admin\Recruiterslist.php on line 60.
 1 APPPATH\Views\Admin\Recruiterslist.php(60): CodeIgniter\Debug\Exceptions->errorHandler(2, 'Undefined variable $recruiters1', 'APPPATH\\Views\\Admin\\Recruiterslist.php', 60)
 2 SYSTEMPATH\View\View.php(213): include('APPPATH\\Views\\Admin\\Recruiterslist.php')
 3 SYSTEMPATH\View\View.php(216): CodeIgniter\View\View->CodeIgniter\View\{closure}()
 4 SYSTEMPATH\Common.php(1134): CodeIgniter\View\View->render('Admin/Recruiterslist', [], true)
 5 APPPATH\Controllers\AdminC.php(211): view('Admin/Recruiterslist', [...])
 6 SYSTEMPATH\CodeIgniter.php(927): App\Controllers\AdminC->rList()
 7 SYSTEMPATH\CodeIgniter.php(482): CodeIgniter\CodeIgniter->runController(Object(App\Controllers\AdminC))
 8 SYSTEMPATH\CodeIgniter.php(351): CodeIgniter\CodeIgniter->handleRequest(null, Object(Config\Cache), false)
 9 FCPATH\index.php(67): CodeIgniter\CodeIgniter->run()
CRITICAL - 2023-08-09 10:01:31 --> Undefined variable $recruiters1
in APPPATH\Views\Admin\Recruiterslist.php on line 60.
 1 APPPATH\Views\Admin\Recruiterslist.php(60): CodeIgniter\Debug\Exceptions->errorHandler(2, 'Undefined variable $recruiters1', 'APPPATH\\Views\\Admin\\Recruiterslist.php', 60)
 2 SYSTEMPATH\View\View.php(213): include('APPPATH\\Views\\Admin\\Recruiterslist.php')
 3 SYSTEMPATH\View\View.php(216): CodeIgniter\View\View->CodeIgniter\View\{closure}()
 4 SYSTEMPATH\Common.php(1134): CodeIgniter\View\View->render('Admin/Recruiterslist', [], true)
 5 APPPATH\Controllers\AdminC.php(211): view('Admin/Recruiterslist', [...])
 6 SYSTEMPATH\CodeIgniter.php(927): App\Controllers\AdminC->rList()
 7 SYSTEMPATH\CodeIgniter.php(482): CodeIgniter\CodeIgniter->runController(Object(App\Controllers\AdminC))
 8 SYSTEMPATH\CodeIgniter.php(351): CodeIgniter\CodeIgniter->handleRequest(null, Object(Config\Cache), false)
 9 FCPATH\index.php(67): CodeIgniter\CodeIgniter->run()
CRITICAL - 2023-08-09 10:01:31 --> Undefined variable $recruiters1
in APPPATH\Views\Admin\Recruiterslist.php on line 60.
 1 APPPATH\Views\Admin\Recruiterslist.php(60): CodeIgniter\Debug\Exceptions->errorHandler(2, 'Undefined variable $recruiters1', 'APPPATH\\Views\\Admin\\Recruiterslist.php', 60)
 2 SYSTEMPATH\View\View.php(213): include('APPPATH\\Views\\Admin\\Recruiterslist.php')
 3 SYSTEMPATH\View\View.php(216): CodeIgniter\View\View->CodeIgniter\View\{closure}()
 4 SYSTEMPATH\Common.php(1134): CodeIgniter\View\View->render('Admin/Recruiterslist', [], true)
 5 APPPATH\Controllers\AdminC.php(211): view('Admin/Recruiterslist', [...])
 6 SYSTEMPATH\CodeIgniter.php(927): App\Controllers\AdminC->rList()
 7 SYSTEMPATH\CodeIgniter.php(482): CodeIgniter\CodeIgniter->runController(Object(App\Controllers\AdminC))
 8 SYSTEMPATH\CodeIgniter.php(351): CodeIgniter\CodeIgniter->handleRequest(null, Object(Config\Cache), false)
 9 FCPATH\index.php(67): CodeIgniter\CodeIgniter->run()
CRITICAL - 2023-08-09 10:01:32 --> Undefined variable $recruiters1
in APPPATH\Views\Admin\Recruiterslist.php on line 60.
 1 APPPATH\Views\Admin\Recruiterslist.php(60): CodeIgniter\Debug\Exceptions->errorHandler(2, 'Undefined variable $recruiters1', 'APPPATH\\Views\\Admin\\Recruiterslist.php', 60)
 2 SYSTEMPATH\View\View.php(213): include('APPPATH\\Views\\Admin\\Recruiterslist.php')
 3 SYSTEMPATH\View\View.php(216): CodeIgniter\View\View->CodeIgniter\View\{closure}()
 4 SYSTEMPATH\Common.php(1134): CodeIgniter\View\View->render('Admin/Recruiterslist', [], true)
 5 APPPATH\Controllers\AdminC.php(211): view('Admin/Recruiterslist', [...])
 6 SYSTEMPATH\CodeIgniter.php(927): App\Controllers\AdminC->rList()
 7 SYSTEMPATH\CodeIgniter.php(482): CodeIgniter\CodeIgniter->runController(Object(App\Controllers\AdminC))
 8 SYSTEMPATH\CodeIgniter.php(351): CodeIgniter\CodeIgniter->handleRequest(null, Object(Config\Cache), false)
 9 FCPATH\index.php(67): CodeIgniter\CodeIgniter->run()
CRITICAL - 2023-08-09 10:01:32 --> Undefined variable $recruiters1
in APPPATH\Views\Admin\Recruiterslist.php on line 60.
 1 APPPATH\Views\Admin\Recruiterslist.php(60): CodeIgniter\Debug\Exceptions->errorHandler(2, 'Undefined variable $recruiters1', 'APPPATH\\Views\\Admin\\Recruiterslist.php', 60)
 2 SYSTEMPATH\View\View.php(213): include('APPPATH\\Views\\Admin\\Recruiterslist.php')
 3 SYSTEMPATH\View\View.php(216): CodeIgniter\View\View->CodeIgniter\View\{closure}()
 4 SYSTEMPATH\Common.php(1134): CodeIgniter\View\View->render('Admin/Recruiterslist', [], true)
 5 APPPATH\Controllers\AdminC.php(211): view('Admin/Recruiterslist', [...])
 6 SYSTEMPATH\CodeIgniter.php(927): App\Controllers\AdminC->rList()
 7 SYSTEMPATH\CodeIgniter.php(482): CodeIgniter\CodeIgniter->runController(Object(App\Controllers\AdminC))
 8 SYSTEMPATH\CodeIgniter.php(351): CodeIgniter\CodeIgniter->handleRequest(null, Object(Config\Cache), false)
 9 FCPATH\index.php(67): CodeIgniter\CodeIgniter->run()
CRITICAL - 2023-08-09 10:03:01 --> Undefined variable $recruiters1
in APPPATH\Views\Admin\Recruiterslist.php on line 60.
 1 APPPATH\Views\Admin\Recruiterslist.php(60): CodeIgniter\Debug\Exceptions->errorHandler(2, 'Undefined variable $recruiters1', 'APPPATH\\Views\\Admin\\Recruiterslist.php', 60)
 2 SYSTEMPATH\View\View.php(213): include('APPPATH\\Views\\Admin\\Recruiterslist.php')
 3 SYSTEMPATH\View\View.php(216): CodeIgniter\View\View->CodeIgniter\View\{closure}()
 4 SYSTEMPATH\Common.php(1134): CodeIgniter\View\View->render('Admin/Recruiterslist', [], true)
 5 APPPATH\Controllers\AdminC.php(211): view('Admin/Recruiterslist', [...])
 6 SYSTEMPATH\CodeIgniter.php(927): App\Controllers\AdminC->rList()
 7 SYSTEMPATH\CodeIgniter.php(482): CodeIgniter\CodeIgniter->runController(Object(App\Controllers\AdminC))
 8 SYSTEMPATH\CodeIgniter.php(351): CodeIgniter\CodeIgniter->handleRequest(null, Object(Config\Cache), false)
 9 FCPATH\index.php(67): CodeIgniter\CodeIgniter->run()
CRITICAL - 2023-08-09 10:06:29 --> Array to string conversion
in APPPATH\Views\Admin\Recruiterslist.php on line 75.
 1 APPPATH\Views\Admin\Recruiterslist.php(75): CodeIgniter\Debug\Exceptions->errorHandler(2, 'Array to string conversion', 'APPPATH\\Views\\Admin\\Recruiterslist.php', 75)
 2 SYSTEMPATH\View\View.php(213): include('APPPATH\\Views\\Admin\\Recruiterslist.php')
 3 SYSTEMPATH\View\View.php(216): CodeIgniter\View\View->CodeIgniter\View\{closure}()
 4 SYSTEMPATH\Common.php(1134): CodeIgniter\View\View->render('Admin/Recruiterslist', [], true)
 5 APPPATH\Controllers\AdminC.php(211): view('Admin/Recruiterslist', [...])
 6 SYSTEMPATH\CodeIgniter.php(927): App\Controllers\AdminC->rList()
 7 SYSTEMPATH\CodeIgniter.php(482): CodeIgniter\CodeIgniter->runController(Object(App\Controllers\AdminC))
 8 SYSTEMPATH\CodeIgniter.php(351): CodeIgniter\CodeIgniter->handleRequest(null, Object(Config\Cache), false)
 9 FCPATH\index.php(67): CodeIgniter\CodeIgniter->run()
CRITICAL - 2023-08-09 10:06:51 --> Undefined constant "name"
in APPPATH\Views\Admin\Recruiterslist.php on line 75.
 1 SYSTEMPATH\View\View.php(213): include()
 2 SYSTEMPATH\View\View.php(216): CodeIgniter\View\View->CodeIgniter\View\{closure}()
 3 SYSTEMPATH\Common.php(1134): CodeIgniter\View\View->render('Admin/Recruiterslist', [], true)
 4 APPPATH\Controllers\AdminC.php(211): view('Admin/Recruiterslist', [...])
 5 SYSTEMPATH\CodeIgniter.php(927): App\Controllers\AdminC->rList()
 6 SYSTEMPATH\CodeIgniter.php(482): CodeIgniter\CodeIgniter->runController(Object(App\Controllers\AdminC))
 7 SYSTEMPATH\CodeIgniter.php(351): CodeIgniter\CodeIgniter->handleRequest(null, Object(Config\Cache), false)
 8 FCPATH\index.php(67): CodeIgniter\CodeIgniter->run()
CRITICAL - 2023-08-09 10:08:23 --> Undefined constant "name"
in APPPATH\Views\Admin\Recruiterslist.php on line 76.
 1 SYSTEMPATH\View\View.php(213): include()
 2 SYSTEMPATH\View\View.php(216): CodeIgniter\View\View->CodeIgniter\View\{closure}()
 3 SYSTEMPATH\Common.php(1134): CodeIgniter\View\View->render('Admin/Recruiterslist', [], true)
 4 APPPATH\Controllers\AdminC.php(211): view('Admin/Recruiterslist', [...])
 5 SYSTEMPATH\CodeIgniter.php(927): App\Controllers\AdminC->rList()
 6 SYSTEMPATH\CodeIgniter.php(482): CodeIgniter\CodeIgniter->runController(Object(App\Controllers\AdminC))
 7 SYSTEMPATH\CodeIgniter.php(351): CodeIgniter\CodeIgniter->handleRequest(null, Object(Config\Cache), false)
 8 FCPATH\index.php(67): CodeIgniter\CodeIgniter->run()
CRITICAL - 2023-08-09 10:08:24 --> Undefined constant "name"
in APPPATH\Views\Admin\Recruiterslist.php on line 76.
 1 SYSTEMPATH\View\View.php(213): include()
 2 SYSTEMPATH\View\View.php(216): CodeIgniter\View\View->CodeIgniter\View\{closure}()
 3 SYSTEMPATH\Common.php(1134): CodeIgniter\View\View->render('Admin/Recruiterslist', [], true)
 4 APPPATH\Controllers\AdminC.php(211): view('Admin/Recruiterslist', [...])
 5 SYSTEMPATH\CodeIgniter.php(927): App\Controllers\AdminC->rList()
 6 SYSTEMPATH\CodeIgniter.php(482): CodeIgniter\CodeIgniter->runController(Object(App\Controllers\AdminC))
 7 SYSTEMPATH\CodeIgniter.php(351): CodeIgniter\CodeIgniter->handleRequest(null, Object(Config\Cache), false)
 8 FCPATH\index.php(67): CodeIgniter\CodeIgniter->run()
CRITICAL - 2023-08-09 10:08:25 --> Undefined constant "name"
in APPPATH\Views\Admin\Recruiterslist.php on line 76.
 1 SYSTEMPATH\View\View.php(213): include()
 2 SYSTEMPATH\View\View.php(216): CodeIgniter\View\View->CodeIgniter\View\{closure}()
 3 SYSTEMPATH\Common.php(1134): CodeIgniter\View\View->render('Admin/Recruiterslist', [], true)
 4 APPPATH\Controllers\AdminC.php(211): view('Admin/Recruiterslist', [...])
 5 SYSTEMPATH\CodeIgniter.php(927): App\Controllers\AdminC->rList()
 6 SYSTEMPATH\CodeIgniter.php(482): CodeIgniter\CodeIgniter->runController(Object(App\Controllers\AdminC))
 7 SYSTEMPATH\CodeIgniter.php(351): CodeIgniter\CodeIgniter->handleRequest(null, Object(Config\Cache), false)
 8 FCPATH\index.php(67): CodeIgniter\CodeIgniter->run()
CRITICAL - 2023-08-09 10:11:33 --> syntax error, unexpected token "}"
in APPPATH\Views\Admin\Recruiterslist.php on line 77.
 1 SYSTEMPATH\View\View.php(216): CodeIgniter\View\View->CodeIgniter\View\{closure}()
 2 SYSTEMPATH\Common.php(1134): CodeIgniter\View\View->render('Admin/Recruiterslist', [], true)
 3 APPPATH\Controllers\AdminC.php(211): view('Admin/Recruiterslist', [...])
 4 SYSTEMPATH\CodeIgniter.php(927): App\Controllers\AdminC->rList()
 5 SYSTEMPATH\CodeIgniter.php(482): CodeIgniter\CodeIgniter->runController(Object(App\Controllers\AdminC))
 6 SYSTEMPATH\CodeIgniter.php(351): CodeIgniter\CodeIgniter->handleRequest(null, Object(Config\Cache), false)
 7 FCPATH\index.php(67): CodeIgniter\CodeIgniter->run()
CRITICAL - 2023-08-09 10:12:26 --> syntax error, unexpected end of file
in APPPATH\Views\Admin\Recruiterslist.php on line 87.
 1 SYSTEMPATH\View\View.php(216): CodeIgniter\View\View->CodeIgniter\View\{closure}()
 2 SYSTEMPATH\Common.php(1134): CodeIgniter\View\View->render('Admin/Recruiterslist', [], true)
 3 APPPATH\Controllers\AdminC.php(211): view('Admin/Recruiterslist', [...])
 4 SYSTEMPATH\CodeIgniter.php(927): App\Controllers\AdminC->rList()
 5 SYSTEMPATH\CodeIgniter.php(482): CodeIgniter\CodeIgniter->runController(Object(App\Controllers\AdminC))
 6 SYSTEMPATH\CodeIgniter.php(351): CodeIgniter\CodeIgniter->handleRequest(null, Object(Config\Cache), false)
 7 FCPATH\index.php(67): CodeIgniter\CodeIgniter->run()
CRITICAL - 2023-08-09 10:12:55 --> Attempt to read property "name" on array
in APPPATH\Views\Admin\Recruiterslist.php on line 76.
 1 APPPATH\Views\Admin\Recruiterslist.php(76): CodeIgniter\Debug\Exceptions->errorHandler(2, 'Attempt to read property "name" on array', 'APPPATH\\Views\\Admin\\Recruiterslist.php', 76)
 2 SYSTEMPATH\View\View.php(213): include('APPPATH\\Views\\Admin\\Recruiterslist.php')
 3 SYSTEMPATH\View\View.php(216): CodeIgniter\View\View->CodeIgniter\View\{closure}()
 4 SYSTEMPATH\Common.php(1134): CodeIgniter\View\View->render('Admin/Recruiterslist', [], true)
 5 APPPATH\Controllers\AdminC.php(211): view('Admin/Recruiterslist', [...])
 6 SYSTEMPATH\CodeIgniter.php(927): App\Controllers\AdminC->rList()
 7 SYSTEMPATH\CodeIgniter.php(482): CodeIgniter\CodeIgniter->runController(Object(App\Controllers\AdminC))
 8 SYSTEMPATH\CodeIgniter.php(351): CodeIgniter\CodeIgniter->handleRequest(null, Object(Config\Cache), false)
 9 FCPATH\index.php(67): CodeIgniter\CodeIgniter->run()
CRITICAL - 2023-08-09 10:13:23 --> Undefined constant "name"
in APPPATH\Views\Admin\Recruiterslist.php on line 76.
 1 SYSTEMPATH\View\View.php(213): include()
 2 SYSTEMPATH\View\View.php(216): CodeIgniter\View\View->CodeIgniter\View\{closure}()
 3 SYSTEMPATH\Common.php(1134): CodeIgniter\View\View->render('Admin/Recruiterslist', [], true)
 4 APPPATH\Controllers\AdminC.php(211): view('Admin/Recruiterslist', [...])
 5 SYSTEMPATH\CodeIgniter.php(927): App\Controllers\AdminC->rList()
 6 SYSTEMPATH\CodeIgniter.php(482): CodeIgniter\CodeIgniter->runController(Object(App\Controllers\AdminC))
 7 SYSTEMPATH\CodeIgniter.php(351): CodeIgniter\CodeIgniter->handleRequest(null, Object(Config\Cache), false)
 8 FCPATH\index.php(67): CodeIgniter\CodeIgniter->run()
CRITICAL - 2023-08-09 10:13:24 --> Undefined constant "name"
in APPPATH\Views\Admin\Recruiterslist.php on line 76.
 1 SYSTEMPATH\View\View.php(213): include()
 2 SYSTEMPATH\View\View.php(216): CodeIgniter\View\View->CodeIgniter\View\{closure}()
 3 SYSTEMPATH\Common.php(1134): CodeIgniter\View\View->render('Admin/Recruiterslist', [], true)
 4 APPPATH\Controllers\AdminC.php(211): view('Admin/Recruiterslist', [...])
 5 SYSTEMPATH\CodeIgniter.php(927): App\Controllers\AdminC->rList()
 6 SYSTEMPATH\CodeIgniter.php(482): CodeIgniter\CodeIgniter->runController(Object(App\Controllers\AdminC))
 7 SYSTEMPATH\CodeIgniter.php(351): CodeIgniter\CodeIgniter->handleRequest(null, Object(Config\Cache), false)
 8 FCPATH\index.php(67): CodeIgniter\CodeIgniter->run()
CRITICAL - 2023-08-09 10:13:24 --> Undefined constant "name"
in APPPATH\Views\Admin\Recruiterslist.php on line 76.
 1 SYSTEMPATH\View\View.php(213): include()
 2 SYSTEMPATH\View\View.php(216): CodeIgniter\View\View->CodeIgniter\View\{closure}()
 3 SYSTEMPATH\Common.php(1134): CodeIgniter\View\View->render('Admin/Recruiterslist', [], true)
 4 APPPATH\Controllers\AdminC.php(211): view('Admin/Recruiterslist', [...])
 5 SYSTEMPATH\CodeIgniter.php(927): App\Controllers\AdminC->rList()
 6 SYSTEMPATH\CodeIgniter.php(482): CodeIgniter\CodeIgniter->runController(Object(App\Controllers\AdminC))
 7 SYSTEMPATH\CodeIgniter.php(351): CodeIgniter\CodeIgniter->handleRequest(null, Object(Config\Cache), false)
 8 FCPATH\index.php(67): CodeIgniter\CodeIgniter->run()
CRITICAL - 2023-08-09 10:13:25 --> Undefined constant "name"
in APPPATH\Views\Admin\Recruiterslist.php on line 76.
 1 SYSTEMPATH\View\View.php(213): include()
 2 SYSTEMPATH\View\View.php(216): CodeIgniter\View\View->CodeIgniter\View\{closure}()
 3 SYSTEMPATH\Common.php(1134): CodeIgniter\View\View->render('Admin/Recruiterslist', [], true)
 4 APPPATH\Controllers\AdminC.php(211): view('Admin/Recruiterslist', [...])
 5 SYSTEMPATH\CodeIgniter.php(927): App\Controllers\AdminC->rList()
 6 SYSTEMPATH\CodeIgniter.php(482): CodeIgniter\CodeIgniter->runController(Object(App\Controllers\AdminC))
 7 SYSTEMPATH\CodeIgniter.php(351): CodeIgniter\CodeIgniter->handleRequest(null, Object(Config\Cache), false)
 8 FCPATH\index.php(67): CodeIgniter\CodeIgniter->run()
CRITICAL - 2023-08-09 10:13:25 --> Undefined constant "name"
in APPPATH\Views\Admin\Recruiterslist.php on line 76.
 1 SYSTEMPATH\View\View.php(213): include()
 2 SYSTEMPATH\View\View.php(216): CodeIgniter\View\View->CodeIgniter\View\{closure}()
 3 SYSTEMPATH\Common.php(1134): CodeIgniter\View\View->render('Admin/Recruiterslist', [], true)
 4 APPPATH\Controllers\AdminC.php(211): view('Admin/Recruiterslist', [...])
 5 SYSTEMPATH\CodeIgniter.php(927): App\Controllers\AdminC->rList()
 6 SYSTEMPATH\CodeIgniter.php(482): CodeIgniter\CodeIgniter->runController(Object(App\Controllers\AdminC))
 7 SYSTEMPATH\CodeIgniter.php(351): CodeIgniter\CodeIgniter->handleRequest(null, Object(Config\Cache), false)
 8 FCPATH\index.php(67): CodeIgniter\CodeIgniter->run()
CRITICAL - 2023-08-09 10:13:41 --> Attempt to read property "name" on array
in APPPATH\Views\Admin\Recruiterslist.php on line 76.
 1 APPPATH\Views\Admin\Recruiterslist.php(76): CodeIgniter\Debug\Exceptions->errorHandler(2, 'Attempt to read property "name" on array', 'APPPATH\\Views\\Admin\\Recruiterslist.php', 76)
 2 SYSTEMPATH\View\View.php(213): include('APPPATH\\Views\\Admin\\Recruiterslist.php')
 3 SYSTEMPATH\View\View.php(216): CodeIgniter\View\View->CodeIgniter\View\{closure}()
 4 SYSTEMPATH\Common.php(1134): CodeIgniter\View\View->render('Admin/Recruiterslist', [], true)
 5 APPPATH\Controllers\AdminC.php(211): view('Admin/Recruiterslist', [...])
 6 SYSTEMPATH\CodeIgniter.php(927): App\Controllers\AdminC->rList()
 7 SYSTEMPATH\CodeIgniter.php(482): CodeIgniter\CodeIgniter->runController(Object(App\Controllers\AdminC))
 8 SYSTEMPATH\CodeIgniter.php(351): CodeIgniter\CodeIgniter->handleRequest(null, Object(Config\Cache), false)
 9 FCPATH\index.php(67): CodeIgniter\CodeIgniter->run()
CRITICAL - 2023-08-09 10:13:42 --> Attempt to read property "name" on array
in APPPATH\Views\Admin\Recruiterslist.php on line 76.
 1 APPPATH\Views\Admin\Recruiterslist.php(76): CodeIgniter\Debug\Exceptions->errorHandler(2, 'Attempt to read property "name" on array', 'APPPATH\\Views\\Admin\\Recruiterslist.php', 76)
 2 SYSTEMPATH\View\View.php(213): include('APPPATH\\Views\\Admin\\Recruiterslist.php')
 3 SYSTEMPATH\View\View.php(216): CodeIgniter\View\View->CodeIgniter\View\{closure}()
 4 SYSTEMPATH\Common.php(1134): CodeIgniter\View\View->render('Admin/Recruiterslist', [], true)
 5 APPPATH\Controllers\AdminC.php(211): view('Admin/Recruiterslist', [...])
 6 SYSTEMPATH\CodeIgniter.php(927): App\Controllers\AdminC->rList()
 7 SYSTEMPATH\CodeIgniter.php(482): CodeIgniter\CodeIgniter->runController(Object(App\Controllers\AdminC))
 8 SYSTEMPATH\CodeIgniter.php(351): CodeIgniter\CodeIgniter->handleRequest(null, Object(Config\Cache), false)
 9 FCPATH\index.php(67): CodeIgniter\CodeIgniter->run()
CRITICAL - 2023-08-09 10:13:42 --> Attempt to read property "name" on array
in APPPATH\Views\Admin\Recruiterslist.php on line 76.
 1 APPPATH\Views\Admin\Recruiterslist.php(76): CodeIgniter\Debug\Exceptions->errorHandler(2, 'Attempt to read property "name" on array', 'APPPATH\\Views\\Admin\\Recruiterslist.php', 76)
 2 SYSTEMPATH\View\View.php(213): include('APPPATH\\Views\\Admin\\Recruiterslist.php')
 3 SYSTEMPATH\View\View.php(216): CodeIgniter\View\View->CodeIgniter\View\{closure}()
 4 SYSTEMPATH\Common.php(1134): CodeIgniter\View\View->render('Admin/Recruiterslist', [], true)
 5 APPPATH\Controllers\AdminC.php(211): view('Admin/Recruiterslist', [...])
 6 SYSTEMPATH\CodeIgniter.php(927): App\Controllers\AdminC->rList()
 7 SYSTEMPATH\CodeIgniter.php(482): CodeIgniter\CodeIgniter->runController(Object(App\Controllers\AdminC))
 8 SYSTEMPATH\CodeIgniter.php(351): CodeIgniter\CodeIgniter->handleRequest(null, Object(Config\Cache), false)
 9 FCPATH\index.php(67): CodeIgniter\CodeIgniter->run()
CRITICAL - 2023-08-09 10:13:42 --> Attempt to read property "name" on array
in APPPATH\Views\Admin\Recruiterslist.php on line 76.
 1 APPPATH\Views\Admin\Recruiterslist.php(76): CodeIgniter\Debug\Exceptions->errorHandler(2, 'Attempt to read property "name" on array', 'APPPATH\\Views\\Admin\\Recruiterslist.php', 76)
 2 SYSTEMPATH\View\View.php(213): include('APPPATH\\Views\\Admin\\Recruiterslist.php')
 3 SYSTEMPATH\View\View.php(216): CodeIgniter\View\View->CodeIgniter\View\{closure}()
 4 SYSTEMPATH\Common.php(1134): CodeIgniter\View\View->render('Admin/Recruiterslist', [], true)
 5 APPPATH\Controllers\AdminC.php(211): view('Admin/Recruiterslist', [...])
 6 SYSTEMPATH\CodeIgniter.php(927): App\Controllers\AdminC->rList()
 7 SYSTEMPATH\CodeIgniter.php(482): CodeIgniter\CodeIgniter->runController(Object(App\Controllers\AdminC))
 8 SYSTEMPATH\CodeIgniter.php(351): CodeIgniter\CodeIgniter->handleRequest(null, Object(Config\Cache), false)
 9 FCPATH\index.php(67): CodeIgniter\CodeIgniter->run()
CRITICAL - 2023-08-09 10:13:42 --> Attempt to read property "name" on array
in APPPATH\Views\Admin\Recruiterslist.php on line 76.
 1 APPPATH\Views\Admin\Recruiterslist.php(76): CodeIgniter\Debug\Exceptions->errorHandler(2, 'Attempt to read property "name" on array', 'APPPATH\\Views\\Admin\\Recruiterslist.php', 76)
 2 SYSTEMPATH\View\View.php(213): include('APPPATH\\Views\\Admin\\Recruiterslist.php')
 3 SYSTEMPATH\View\View.php(216): CodeIgniter\View\View->CodeIgniter\View\{closure}()
 4 SYSTEMPATH\Common.php(1134): CodeIgniter\View\View->render('Admin/Recruiterslist', [], true)
 5 APPPATH\Controllers\AdminC.php(211): view('Admin/Recruiterslist', [...])
 6 SYSTEMPATH\CodeIgniter.php(927): App\Controllers\AdminC->rList()
 7 SYSTEMPATH\CodeIgniter.php(482): CodeIgniter\CodeIgniter->runController(Object(App\Controllers\AdminC))
 8 SYSTEMPATH\CodeIgniter.php(351): CodeIgniter\CodeIgniter->handleRequest(null, Object(Config\Cache), false)
 9 FCPATH\index.php(67): CodeIgniter\CodeIgniter->run()
CRITICAL - 2023-08-09 10:13:42 --> Attempt to read property "name" on array
in APPPATH\Views\Admin\Recruiterslist.php on line 76.
 1 APPPATH\Views\Admin\Recruiterslist.php(76): CodeIgniter\Debug\Exceptions->errorHandler(2, 'Attempt to read property "name" on array', 'APPPATH\\Views\\Admin\\Recruiterslist.php', 76)
 2 SYSTEMPATH\View\View.php(213): include('APPPATH\\Views\\Admin\\Recruiterslist.php')
 3 SYSTEMPATH\View\View.php(216): CodeIgniter\View\View->CodeIgniter\View\{closure}()
 4 SYSTEMPATH\Common.php(1134): CodeIgniter\View\View->render('Admin/Recruiterslist', [], true)
 5 APPPATH\Controllers\AdminC.php(211): view('Admin/Recruiterslist', [...])
 6 SYSTEMPATH\CodeIgniter.php(927): App\Controllers\AdminC->rList()
 7 SYSTEMPATH\CodeIgniter.php(482): CodeIgniter\CodeIgniter->runController(Object(App\Controllers\AdminC))
 8 SYSTEMPATH\CodeIgniter.php(351): CodeIgniter\CodeIgniter->handleRequest(null, Object(Config\Cache), false)
 9 FCPATH\index.php(67): CodeIgniter\CodeIgniter->run()
CRITICAL - 2023-08-09 10:13:43 --> Attempt to read property "name" on array
in APPPATH\Views\Admin\Recruiterslist.php on line 76.
 1 APPPATH\Views\Admin\Recruiterslist.php(76): CodeIgniter\Debug\Exceptions->errorHandler(2, 'Attempt to read property "name" on array', 'APPPATH\\Views\\Admin\\Recruiterslist.php', 76)
 2 SYSTEMPATH\View\View.php(213): include('APPPATH\\Views\\Admin\\Recruiterslist.php')
 3 SYSTEMPATH\View\View.php(216): CodeIgniter\View\View->CodeIgniter\View\{closure}()
 4 SYSTEMPATH\Common.php(1134): CodeIgniter\View\View->render('Admin/Recruiterslist', [], true)
 5 APPPATH\Controllers\AdminC.php(211): view('Admin/Recruiterslist', [...])
 6 SYSTEMPATH\CodeIgniter.php(927): App\Controllers\AdminC->rList()
 7 SYSTEMPATH\CodeIgniter.php(482): CodeIgniter\CodeIgniter->runController(Object(App\Controllers\AdminC))
 8 SYSTEMPATH\CodeIgniter.php(351): CodeIgniter\CodeIgniter->handleRequest(null, Object(Config\Cache), false)
 9 FCPATH\index.php(67): CodeIgniter\CodeIgniter->run()
CRITICAL - 2023-08-09 10:13:43 --> Attempt to read property "name" on array
in APPPATH\Views\Admin\Recruiterslist.php on line 76.
 1 APPPATH\Views\Admin\Recruiterslist.php(76): CodeIgniter\Debug\Exceptions->errorHandler(2, 'Attempt to read property "name" on array', 'APPPATH\\Views\\Admin\\Recruiterslist.php', 76)
 2 SYSTEMPATH\View\View.php(213): include('APPPATH\\Views\\Admin\\Recruiterslist.php')
 3 SYSTEMPATH\View\View.php(216): CodeIgniter\View\View->CodeIgniter\View\{closure}()
 4 SYSTEMPATH\Common.php(1134): CodeIgniter\View\View->render('Admin/Recruiterslist', [], true)
 5 APPPATH\Controllers\AdminC.php(211): view('Admin/Recruiterslist', [...])
 6 SYSTEMPATH\CodeIgniter.php(927): App\Controllers\AdminC->rList()
 7 SYSTEMPATH\CodeIgniter.php(482): CodeIgniter\CodeIgniter->runController(Object(App\Controllers\AdminC))
 8 SYSTEMPATH\CodeIgniter.php(351): CodeIgniter\CodeIgniter->handleRequest(null, Object(Config\Cache), false)
 9 FCPATH\index.php(67): CodeIgniter\CodeIgniter->run()
CRITICAL - 2023-08-09 10:13:43 --> Attempt to read property "name" on array
in APPPATH\Views\Admin\Recruiterslist.php on line 76.
 1 APPPATH\Views\Admin\Recruiterslist.php(76): CodeIgniter\Debug\Exceptions->errorHandler(2, 'Attempt to read property "name" on array', 'APPPATH\\Views\\Admin\\Recruiterslist.php', 76)
 2 SYSTEMPATH\View\View.php(213): include('APPPATH\\Views\\Admin\\Recruiterslist.php')
 3 SYSTEMPATH\View\View.php(216): CodeIgniter\View\View->CodeIgniter\View\{closure}()
 4 SYSTEMPATH\Common.php(1134): CodeIgniter\View\View->render('Admin/Recruiterslist', [], true)
 5 APPPATH\Controllers\AdminC.php(211): view('Admin/Recruiterslist', [...])
 6 SYSTEMPATH\CodeIgniter.php(927): App\Controllers\AdminC->rList()
 7 SYSTEMPATH\CodeIgniter.php(482): CodeIgniter\CodeIgniter->runController(Object(App\Controllers\AdminC))
 8 SYSTEMPATH\CodeIgniter.php(351): CodeIgniter\CodeIgniter->handleRequest(null, Object(Config\Cache), false)
 9 FCPATH\index.php(67): CodeIgniter\CodeIgniter->run()
CRITICAL - 2023-08-09 10:13:43 --> Attempt to read property "name" on array
in APPPATH\Views\Admin\Recruiterslist.php on line 76.
 1 APPPATH\Views\Admin\Recruiterslist.php(76): CodeIgniter\Debug\Exceptions->errorHandler(2, 'Attempt to read property "name" on array', 'APPPATH\\Views\\Admin\\Recruiterslist.php', 76)
 2 SYSTEMPATH\View\View.php(213): include('APPPATH\\Views\\Admin\\Recruiterslist.php')
 3 SYSTEMPATH\View\View.php(216): CodeIgniter\View\View->CodeIgniter\View\{closure}()
 4 SYSTEMPATH\Common.php(1134): CodeIgniter\View\View->render('Admin/Recruiterslist', [], true)
 5 APPPATH\Controllers\AdminC.php(211): view('Admin/Recruiterslist', [...])
 6 SYSTEMPATH\CodeIgniter.php(927): App\Controllers\AdminC->rList()
 7 SYSTEMPATH\CodeIgniter.php(482): CodeIgniter\CodeIgniter->runController(Object(App\Controllers\AdminC))
 8 SYSTEMPATH\CodeIgniter.php(351): CodeIgniter\CodeIgniter->handleRequest(null, Object(Config\Cache), false)
 9 FCPATH\index.php(67): CodeIgniter\CodeIgniter->run()
CRITICAL - 2023-08-09 10:13:43 --> Attempt to read property "name" on array
in APPPATH\Views\Admin\Recruiterslist.php on line 76.
 1 APPPATH\Views\Admin\Recruiterslist.php(76): CodeIgniter\Debug\Exceptions->errorHandler(2, 'Attempt to read property "name" on array', 'APPPATH\\Views\\Admin\\Recruiterslist.php', 76)
 2 SYSTEMPATH\View\View.php(213): include('APPPATH\\Views\\Admin\\Recruiterslist.php')
 3 SYSTEMPATH\View\View.php(216): CodeIgniter\View\View->CodeIgniter\View\{closure}()
 4 SYSTEMPATH\Common.php(1134): CodeIgniter\View\View->render('Admin/Recruiterslist', [], true)
 5 APPPATH\Controllers\AdminC.php(211): view('Admin/Recruiterslist', [...])
 6 SYSTEMPATH\CodeIgniter.php(927): App\Controllers\AdminC->rList()
 7 SYSTEMPATH\CodeIgniter.php(482): CodeIgniter\CodeIgniter->runController(Object(App\Controllers\AdminC))
 8 SYSTEMPATH\CodeIgniter.php(351): CodeIgniter\CodeIgniter->handleRequest(null, Object(Config\Cache), false)
 9 FCPATH\index.php(67): CodeIgniter\CodeIgniter->run()
CRITICAL - 2023-08-09 10:13:59 --> Array to string conversion
in APPPATH\Views\Admin\Recruiterslist.php on line 76.
 1 APPPATH\Views\Admin\Recruiterslist.php(76): CodeIgniter\Debug\Exceptions->errorHandler(2, 'Array to string conversion', 'APPPATH\\Views\\Admin\\Recruiterslist.php', 76)
 2 SYSTEMPATH\View\View.php(213): include('APPPATH\\Views\\Admin\\Recruiterslist.php')
 3 SYSTEMPATH\View\View.php(216): CodeIgniter\View\View->CodeIgniter\View\{closure}()
 4 SYSTEMPATH\Common.php(1134): CodeIgniter\View\View->render('Admin/Recruiterslist', [], true)
 5 APPPATH\Controllers\AdminC.php(211): view('Admin/Recruiterslist', [...])
 6 SYSTEMPATH\CodeIgniter.php(927): App\Controllers\AdminC->rList()
 7 SYSTEMPATH\CodeIgniter.php(482): CodeIgniter\CodeIgniter->runController(Object(App\Controllers\AdminC))
 8 SYSTEMPATH\CodeIgniter.php(351): CodeIgniter\CodeIgniter->handleRequest(null, Object(Config\Cache), false)
 9 FCPATH\index.php(67): CodeIgniter\CodeIgniter->run()
CRITICAL - 2023-08-09 10:14:46 --> Array to string conversion
in APPPATH\Views\Admin\Recruiterslist.php on line 76.
 1 APPPATH\Views\Admin\Recruiterslist.php(76): CodeIgniter\Debug\Exceptions->errorHandler(2, 'Array to string conversion', 'APPPATH\\Views\\Admin\\Recruiterslist.php', 76)
 2 SYSTEMPATH\View\View.php(213): include('APPPATH\\Views\\Admin\\Recruiterslist.php')
 3 SYSTEMPATH\View\View.php(216): CodeIgniter\View\View->CodeIgniter\View\{closure}()
 4 SYSTEMPATH\Common.php(1134): CodeIgniter\View\View->render('Admin/Recruiterslist', [], true)
 5 APPPATH\Controllers\AdminC.php(211): view('Admin/Recruiterslist', [...])
 6 SYSTEMPATH\CodeIgniter.php(927): App\Controllers\AdminC->rList()
 7 SYSTEMPATH\CodeIgniter.php(482): CodeIgniter\CodeIgniter->runController(Object(App\Controllers\AdminC))
 8 SYSTEMPATH\CodeIgniter.php(351): CodeIgniter\CodeIgniter->handleRequest(null, Object(Config\Cache), false)
 9 FCPATH\index.php(67): CodeIgniter\CodeIgniter->run()
CRITICAL - 2023-08-09 10:14:47 --> Array to string conversion
in APPPATH\Views\Admin\Recruiterslist.php on line 76.
 1 APPPATH\Views\Admin\Recruiterslist.php(76): CodeIgniter\Debug\Exceptions->errorHandler(2, 'Array to string conversion', 'APPPATH\\Views\\Admin\\Recruiterslist.php', 76)
 2 SYSTEMPATH\View\View.php(213): include('APPPATH\\Views\\Admin\\Recruiterslist.php')
 3 SYSTEMPATH\View\View.php(216): CodeIgniter\View\View->CodeIgniter\View\{closure}()
 4 SYSTEMPATH\Common.php(1134): CodeIgniter\View\View->render('Admin/Recruiterslist', [], true)
 5 APPPATH\Controllers\AdminC.php(211): view('Admin/Recruiterslist', [...])
 6 SYSTEMPATH\CodeIgniter.php(927): App\Controllers\AdminC->rList()
 7 SYSTEMPATH\CodeIgniter.php(482): CodeIgniter\CodeIgniter->runController(Object(App\Controllers\AdminC))
 8 SYSTEMPATH\CodeIgniter.php(351): CodeIgniter\CodeIgniter->handleRequest(null, Object(Config\Cache), false)
 9 FCPATH\index.php(67): CodeIgniter\CodeIgniter->run()
CRITICAL - 2023-08-09 10:14:48 --> Array to string conversion
in APPPATH\Views\Admin\Recruiterslist.php on line 76.
 1 APPPATH\Views\Admin\Recruiterslist.php(76): CodeIgniter\Debug\Exceptions->errorHandler(2, 'Array to string conversion', 'APPPATH\\Views\\Admin\\Recruiterslist.php', 76)
 2 SYSTEMPATH\View\View.php(213): include('APPPATH\\Views\\Admin\\Recruiterslist.php')
 3 SYSTEMPATH\View\View.php(216): CodeIgniter\View\View->CodeIgniter\View\{closure}()
 4 SYSTEMPATH\Common.php(1134): CodeIgniter\View\View->render('Admin/Recruiterslist', [], true)
 5 APPPATH\Controllers\AdminC.php(211): view('Admin/Recruiterslist', [...])
 6 SYSTEMPATH\CodeIgniter.php(927): App\Controllers\AdminC->rList()
 7 SYSTEMPATH\CodeIgniter.php(482): CodeIgniter\CodeIgniter->runController(Object(App\Controllers\AdminC))
 8 SYSTEMPATH\CodeIgniter.php(351): CodeIgniter\CodeIgniter->handleRequest(null, Object(Config\Cache), false)
 9 FCPATH\index.php(67): CodeIgniter\CodeIgniter->run()
CRITICAL - 2023-08-09 10:14:49 --> Array to string conversion
in APPPATH\Views\Admin\Recruiterslist.php on line 76.
 1 APPPATH\Views\Admin\Recruiterslist.php(76): CodeIgniter\Debug\Exceptions->errorHandler(2, 'Array to string conversion', 'APPPATH\\Views\\Admin\\Recruiterslist.php', 76)
 2 SYSTEMPATH\View\View.php(213): include('APPPATH\\Views\\Admin\\Recruiterslist.php')
 3 SYSTEMPATH\View\View.php(216): CodeIgniter\View\View->CodeIgniter\View\{closure}()
 4 SYSTEMPATH\Common.php(1134): CodeIgniter\View\View->render('Admin/Recruiterslist', [], true)
 5 APPPATH\Controllers\AdminC.php(211): view('Admin/Recruiterslist', [...])
 6 SYSTEMPATH\CodeIgniter.php(927): App\Controllers\AdminC->rList()
 7 SYSTEMPATH\CodeIgniter.php(482): CodeIgniter\CodeIgniter->runController(Object(App\Controllers\AdminC))
 8 SYSTEMPATH\CodeIgniter.php(351): CodeIgniter\CodeIgniter->handleRequest(null, Object(Config\Cache), false)
 9 FCPATH\index.php(67): CodeIgniter\CodeIgniter->run()
CRITICAL - 2023-08-09 09:31:55 --> Attempt to read property "id" on array
in APPPATH\Views\Admin\Recruiterslist.php on line 67.
 1 APPPATH\Views\Admin\Recruiterslist.php(67): CodeIgniter\Debug\Exceptions->errorHandler(2, 'Attempt to read property "id" on array', 'APPPATH\\Views\\Admin\\Recruiterslist.php', 67)
 2 SYSTEMPATH\View\View.php(213): include('APPPATH\\Views\\Admin\\Recruiterslist.php')
 3 SYSTEMPATH\View\View.php(216): CodeIgniter\View\View->CodeIgniter\View\{closure}()
 4 SYSTEMPATH\Common.php(1134): CodeIgniter\View\View->render('Admin/Recruiterslist', [], true)
 5 APPPATH\Controllers\AdminC.php(211): view('Admin/Recruiterslist', [...])
 6 SYSTEMPATH\CodeIgniter.php(927): App\Controllers\AdminC->rList()
 7 SYSTEMPATH\CodeIgniter.php(482): CodeIgniter\CodeIgniter->runController(Object(App\Controllers\AdminC))
 8 SYSTEMPATH\CodeIgniter.php(351): CodeIgniter\CodeIgniter->handleRequest(null, Object(Config\Cache), false)
 9 FCPATH\index.php(67): CodeIgniter\CodeIgniter->run()
CRITICAL - 2023-08-09 09:32:15 --> Attempt to read property "name" on array
in APPPATH\Views\Admin\Recruiterslist.php on line 68.
 1 APPPATH\Views\Admin\Recruiterslist.php(68): CodeIgniter\Debug\Exceptions->errorHandler(2, 'Attempt to read property "name" on array', 'APPPATH\\Views\\Admin\\Recruiterslist.php', 68)
 2 SYSTEMPATH\View\View.php(213): include('APPPATH\\Views\\Admin\\Recruiterslist.php')
 3 SYSTEMPATH\View\View.php(216): CodeIgniter\View\View->CodeIgniter\View\{closure}()
 4 SYSTEMPATH\Common.php(1134): CodeIgniter\View\View->render('Admin/Recruiterslist', [], true)
 5 APPPATH\Controllers\AdminC.php(211): view('Admin/Recruiterslist', [...])
 6 SYSTEMPATH\CodeIgniter.php(927): App\Controllers\AdminC->rList()
 7 SYSTEMPATH\CodeIgniter.php(482): CodeIgniter\CodeIgniter->runController(Object(App\Controllers\AdminC))
 8 SYSTEMPATH\CodeIgniter.php(351): CodeIgniter\CodeIgniter->handleRequest(null, Object(Config\Cache), false)
 9 FCPATH\index.php(67): CodeIgniter\CodeIgniter->run()
CRITICAL - 2023-08-09 09:34:25 --> Attempt to read property "name" on array
in APPPATH\Views\Admin\Recruiterslist.php on line 68.
 1 APPPATH\Views\Admin\Recruiterslist.php(68): CodeIgniter\Debug\Exceptions->errorHandler(2, 'Attempt to read property "name" on array', 'APPPATH\\Views\\Admin\\Recruiterslist.php', 68)
 2 SYSTEMPATH\View\View.php(213): include('APPPATH\\Views\\Admin\\Recruiterslist.php')
 3 SYSTEMPATH\View\View.php(216): CodeIgniter\View\View->CodeIgniter\View\{closure}()
 4 SYSTEMPATH\Common.php(1134): CodeIgniter\View\View->render('Admin/Recruiterslist', [], true)
 5 APPPATH\Controllers\AdminC.php(213): view('Admin/Recruiterslist', [...])
 6 SYSTEMPATH\CodeIgniter.php(927): App\Controllers\AdminC->rList()
 7 SYSTEMPATH\CodeIgniter.php(482): CodeIgniter\CodeIgniter->runController(Object(App\Controllers\AdminC))
 8 SYSTEMPATH\CodeIgniter.php(351): CodeIgniter\CodeIgniter->handleRequest(null, Object(Config\Cache), false)
 9 FCPATH\index.php(67): CodeIgniter\CodeIgniter->run()
CRITICAL - 2023-08-09 09:34:27 --> Attempt to read property "name" on array
in APPPATH\Views\Admin\Recruiterslist.php on line 68.
 1 APPPATH\Views\Admin\Recruiterslist.php(68): CodeIgniter\Debug\Exceptions->errorHandler(2, 'Attempt to read property "name" on array', 'APPPATH\\Views\\Admin\\Recruiterslist.php', 68)
 2 SYSTEMPATH\View\View.php(213): include('APPPATH\\Views\\Admin\\Recruiterslist.php')
 3 SYSTEMPATH\View\View.php(216): CodeIgniter\View\View->CodeIgniter\View\{closure}()
 4 SYSTEMPATH\Common.php(1134): CodeIgniter\View\View->render('Admin/Recruiterslist', [], true)
 5 APPPATH\Controllers\AdminC.php(213): view('Admin/Recruiterslist', [...])
 6 SYSTEMPATH\CodeIgniter.php(927): App\Controllers\AdminC->rList()
 7 SYSTEMPATH\CodeIgniter.php(482): CodeIgniter\CodeIgniter->runController(Object(App\Controllers\AdminC))
 8 SYSTEMPATH\CodeIgniter.php(351): CodeIgniter\CodeIgniter->handleRequest(null, Object(Config\Cache), false)
 9 FCPATH\index.php(67): CodeIgniter\CodeIgniter->run()
CRITICAL - 2023-08-09 09:34:27 --> Attempt to read property "name" on array
in APPPATH\Views\Admin\Recruiterslist.php on line 68.
 1 APPPATH\Views\Admin\Recruiterslist.php(68): CodeIgniter\Debug\Exceptions->errorHandler(2, 'Attempt to read property "name" on array', 'APPPATH\\Views\\Admin\\Recruiterslist.php', 68)
 2 SYSTEMPATH\View\View.php(213): include('APPPATH\\Views\\Admin\\Recruiterslist.php')
 3 SYSTEMPATH\View\View.php(216): CodeIgniter\View\View->CodeIgniter\View\{closure}()
 4 SYSTEMPATH\Common.php(1134): CodeIgniter\View\View->render('Admin/Recruiterslist', [], true)
 5 APPPATH\Controllers\AdminC.php(213): view('Admin/Recruiterslist', [...])
 6 SYSTEMPATH\CodeIgniter.php(927): App\Controllers\AdminC->rList()
 7 SYSTEMPATH\CodeIgniter.php(482): CodeIgniter\CodeIgniter->runController(Object(App\Controllers\AdminC))
 8 SYSTEMPATH\CodeIgniter.php(351): CodeIgniter\CodeIgniter->handleRequest(null, Object(Config\Cache), false)
 9 FCPATH\index.php(67): CodeIgniter\CodeIgniter->run()
CRITICAL - 2023-08-09 09:34:28 --> Attempt to read property "name" on array
in APPPATH\Views\Admin\Recruiterslist.php on line 68.
 1 APPPATH\Views\Admin\Recruiterslist.php(68): CodeIgniter\Debug\Exceptions->errorHandler(2, 'Attempt to read property "name" on array', 'APPPATH\\Views\\Admin\\Recruiterslist.php', 68)
 2 SYSTEMPATH\View\View.php(213): include('APPPATH\\Views\\Admin\\Recruiterslist.php')
 3 SYSTEMPATH\View\View.php(216): CodeIgniter\View\View->CodeIgniter\View\{closure}()
 4 SYSTEMPATH\Common.php(1134): CodeIgniter\View\View->render('Admin/Recruiterslist', [], true)
 5 APPPATH\Controllers\AdminC.php(213): view('Admin/Recruiterslist', [...])
 6 SYSTEMPATH\CodeIgniter.php(927): App\Controllers\AdminC->rList()
 7 SYSTEMPATH\CodeIgniter.php(482): CodeIgniter\CodeIgniter->runController(Object(App\Controllers\AdminC))
 8 SYSTEMPATH\CodeIgniter.php(351): CodeIgniter\CodeIgniter->handleRequest(null, Object(Config\Cache), false)
 9 FCPATH\index.php(67): CodeIgniter\CodeIgniter->run()
CRITICAL - 2023-08-09 09:34:28 --> Attempt to read property "name" on array
in APPPATH\Views\Admin\Recruiterslist.php on line 68.
 1 APPPATH\Views\Admin\Recruiterslist.php(68): CodeIgniter\Debug\Exceptions->errorHandler(2, 'Attempt to read property "name" on array', 'APPPATH\\Views\\Admin\\Recruiterslist.php', 68)
 2 SYSTEMPATH\View\View.php(213): include('APPPATH\\Views\\Admin\\Recruiterslist.php')
 3 SYSTEMPATH\View\View.php(216): CodeIgniter\View\View->CodeIgniter\View\{closure}()
 4 SYSTEMPATH\Common.php(1134): CodeIgniter\View\View->render('Admin/Recruiterslist', [], true)
 5 APPPATH\Controllers\AdminC.php(213): view('Admin/Recruiterslist', [...])
 6 SYSTEMPATH\CodeIgniter.php(927): App\Controllers\AdminC->rList()
 7 SYSTEMPATH\CodeIgniter.php(482): CodeIgniter\CodeIgniter->runController(Object(App\Controllers\AdminC))
 8 SYSTEMPATH\CodeIgniter.php(351): CodeIgniter\CodeIgniter->handleRequest(null, Object(Config\Cache), false)
 9 FCPATH\index.php(67): CodeIgniter\CodeIgniter->run()
CRITICAL - 2023-08-09 09:34:28 --> Attempt to read property "name" on array
in APPPATH\Views\Admin\Recruiterslist.php on line 68.
 1 APPPATH\Views\Admin\Recruiterslist.php(68): CodeIgniter\Debug\Exceptions->errorHandler(2, 'Attempt to read property "name" on array', 'APPPATH\\Views\\Admin\\Recruiterslist.php', 68)
 2 SYSTEMPATH\View\View.php(213): include('APPPATH\\Views\\Admin\\Recruiterslist.php')
 3 SYSTEMPATH\View\View.php(216): CodeIgniter\View\View->CodeIgniter\View\{closure}()
 4 SYSTEMPATH\Common.php(1134): CodeIgniter\View\View->render('Admin/Recruiterslist', [], true)
 5 APPPATH\Controllers\AdminC.php(213): view('Admin/Recruiterslist', [...])
 6 SYSTEMPATH\CodeIgniter.php(927): App\Controllers\AdminC->rList()
 7 SYSTEMPATH\CodeIgniter.php(482): CodeIgniter\CodeIgniter->runController(Object(App\Controllers\AdminC))
 8 SYSTEMPATH\CodeIgniter.php(351): CodeIgniter\CodeIgniter->handleRequest(null, Object(Config\Cache), false)
 9 FCPATH\index.php(67): CodeIgniter\CodeIgniter->run()
